[2023-12-12T01:14:48.466+0000] {taskinstance.py:1159} INFO - Dependencies all met for dep_context=non-requeueable deps ti=<TaskInstance: dag_openaq_catchup.load_countries_data scheduled__2023-12-05T00:00:00+00:00 [queued]>
[2023-12-12T01:14:48.471+0000] {taskinstance.py:1159} INFO - Dependencies all met for dep_context=requeueable deps ti=<TaskInstance: dag_openaq_catchup.load_countries_data scheduled__2023-12-05T00:00:00+00:00 [queued]>
[2023-12-12T01:14:48.471+0000] {taskinstance.py:1361} INFO - Starting attempt 1 of 4
[2023-12-12T01:14:48.480+0000] {taskinstance.py:1382} INFO - Executing <Task(PythonOperator): load_countries_data> on 2023-12-05 00:00:00+00:00
[2023-12-12T01:14:48.490+0000] {standard_task_runner.py:57} INFO - Started process 345 to run task
[2023-12-12T01:14:48.495+0000] {standard_task_runner.py:84} INFO - Running: ['***', 'tasks', 'run', 'dag_openaq_catchup', 'load_countries_data', 'scheduled__2023-12-05T00:00:00+00:00', '--job-id', '329', '--raw', '--subdir', 'DAGS_FOLDER/dag_openaq_catchup.py', '--cfg-path', '/tmp/tmp87ejgk9f']
[2023-12-12T01:14:48.499+0000] {standard_task_runner.py:85} INFO - Job 329: Subtask load_countries_data
[2023-12-12T01:14:48.537+0000] {task_command.py:416} INFO - Running <TaskInstance: dag_openaq_catchup.load_countries_data scheduled__2023-12-05T00:00:00+00:00 [running]> on host 1a187d37aaef
[2023-12-12T01:14:48.600+0000] {taskinstance.py:1662} INFO - Exporting env vars: AIRFLOW_CTX_DAG_OWNER='***' AIRFLOW_CTX_DAG_ID='dag_openaq_catchup' AIRFLOW_CTX_TASK_ID='load_countries_data' AIRFLOW_CTX_EXECUTION_DATE='2023-12-05T00:00:00+00:00' AIRFLOW_CTX_TRY_NUMBER='1' AIRFLOW_CTX_DAG_RUN_ID='scheduled__2023-12-05T00:00:00+00:00'
[2023-12-12T01:14:48.602+0000] {main.py:64} INFO - Archivo de configuracion leido correctamente.
[2023-12-12T01:14:48.602+0000] {utils.py:25} INFO - Obteniendo datos de https://api.openaq.org/v2/countries...
[2023-12-12T01:14:52.645+0000] {utils.py:73} INFO - Conexión a la base de datos establecida exitosamente.
[2023-12-12T01:14:55.010+0000] {utils.py:90} INFO - Cargando datos en la tabla stg_countries...
[2023-12-12T01:14:56.767+0000] {utils.py:98} INFO - Datos cargados exitosamente en la tabla stg_countries.
[2023-12-12T01:14:56.774+0000] {main.py:90} INFO - Ejecutando query CALL nicolasmvinciguerra_coderhouse.petl_update_country_dim_location();...
[2023-12-12T01:14:57.256+0000] {main.py:92} INFO - Se ejecuto correctamente la query: CALL nicolasmvinciguerra_coderhouse.petl_update_country_dim_location();
[2023-12-12T01:14:57.536+0000] {python.py:194} INFO - Done. Returned value was: None
[2023-12-12T01:14:57.556+0000] {taskinstance.py:1400} INFO - Marking task as SUCCESS. dag_id=dag_openaq_catchup, task_id=load_countries_data, execution_date=20231205T000000, start_date=20231212T011448, end_date=20231212T011457
[2023-12-12T01:14:57.609+0000] {local_task_job_runner.py:228} INFO - Task exited with return code 0
[2023-12-12T01:14:57.632+0000] {taskinstance.py:2778} INFO - 0 downstream tasks scheduled from follow-on schedule check
