[2023-12-12T01:14:13.137+0000] {taskinstance.py:1159} INFO - Dependencies all met for dep_context=non-requeueable deps ti=<TaskInstance: dag_openaq.load_measures_data scheduled__2023-12-12T00:00:00+00:00 [queued]>
[2023-12-12T01:14:13.402+0000] {taskinstance.py:1159} INFO - Dependencies all met for dep_context=requeueable deps ti=<TaskInstance: dag_openaq.load_measures_data scheduled__2023-12-12T00:00:00+00:00 [queued]>
[2023-12-12T01:14:13.426+0000] {taskinstance.py:1361} INFO - Starting attempt 1 of 4
[2023-12-12T01:14:14.494+0000] {taskinstance.py:1382} INFO - Executing <Task(PythonOperator): load_measures_data> on 2023-12-12 00:00:00+00:00
[2023-12-12T01:14:14.919+0000] {standard_task_runner.py:57} INFO - Started process 311 to run task
[2023-12-12T01:14:15.080+0000] {standard_task_runner.py:84} INFO - Running: ['***', 'tasks', 'run', 'dag_openaq', 'load_measures_data', 'scheduled__2023-12-12T00:00:00+00:00', '--job-id', '317', '--raw', '--subdir', 'DAGS_FOLDER/dag_openaq.py', '--cfg-path', '/tmp/tmpo38j6uue']
[2023-12-12T01:14:15.168+0000] {standard_task_runner.py:85} INFO - Job 317: Subtask load_measures_data
[2023-12-12T01:14:16.660+0000] {task_command.py:416} INFO - Running <TaskInstance: dag_openaq.load_measures_data scheduled__2023-12-12T00:00:00+00:00 [running]> on host 1a187d37aaef
[2023-12-12T01:14:19.485+0000] {taskinstance.py:1662} INFO - Exporting env vars: AIRFLOW_CTX_DAG_OWNER='***' AIRFLOW_CTX_DAG_ID='dag_openaq' AIRFLOW_CTX_TASK_ID='load_measures_data' AIRFLOW_CTX_EXECUTION_DATE='2023-12-12T00:00:00+00:00' AIRFLOW_CTX_TRY_NUMBER='1' AIRFLOW_CTX_DAG_RUN_ID='scheduled__2023-12-12T00:00:00+00:00'
[2023-12-12T01:14:19.560+0000] {main.py:140} INFO - Archivo de configuracion leido correctamente.
[2023-12-12T01:14:19.566+0000] {utils.py:25} INFO - Obteniendo datos de https://api.openaq.org/v2/measurements...
[2023-12-12T01:14:36.376+0000] {utils.py:73} INFO - Conexión a la base de datos establecida exitosamente.
[2023-12-12T01:14:38.836+0000] {utils.py:90} INFO - Cargando datos en la tabla stg_measurements...
[2023-12-12T01:14:41.217+0000] {utils.py:98} INFO - Datos cargados exitosamente en la tabla stg_measurements.
[2023-12-12T01:14:41.227+0000] {main.py:166} INFO - Ejecutando query CALL nicolasmvinciguerra_coderhouse.petl_load_fact_measure();...
[2023-12-12T01:14:45.254+0000] {main.py:168} INFO - Se ejecuto correctamente la query: CALL nicolasmvinciguerra_coderhouse.petl_load_fact_measure();
[2023-12-12T01:14:45.608+0000] {python.py:194} INFO - Done. Returned value was: None
[2023-12-12T01:14:45.697+0000] {taskinstance.py:1400} INFO - Marking task as SUCCESS. dag_id=dag_openaq, task_id=load_measures_data, execution_date=20231212T000000, start_date=20231212T011413, end_date=20231212T011445
[2023-12-12T01:14:45.831+0000] {local_task_job_runner.py:228} INFO - Task exited with return code 0
[2023-12-12T01:14:45.939+0000] {taskinstance.py:2778} INFO - 0 downstream tasks scheduled from follow-on schedule check
