[2023-12-12T01:36:18.598+0000] {taskinstance.py:1159} INFO - Dependencies all met for dep_context=non-requeueable deps ti=<TaskInstance: update_openaq_dw_hourly.load_measures_data manual__2023-12-12T01:35:11.674142+00:00 [queued]>
[2023-12-12T01:36:18.602+0000] {taskinstance.py:1159} INFO - Dependencies all met for dep_context=requeueable deps ti=<TaskInstance: update_openaq_dw_hourly.load_measures_data manual__2023-12-12T01:35:11.674142+00:00 [queued]>
[2023-12-12T01:36:18.603+0000] {taskinstance.py:1361} INFO - Starting attempt 1 of 4
[2023-12-12T01:36:18.608+0000] {taskinstance.py:1382} INFO - Executing <Task(PythonOperator): load_measures_data> on 2023-12-12 01:35:11.674142+00:00
[2023-12-12T01:36:18.613+0000] {standard_task_runner.py:57} INFO - Started process 700 to run task
[2023-12-12T01:36:18.616+0000] {standard_task_runner.py:84} INFO - Running: ['***', 'tasks', 'run', 'update_openaq_dw_hourly', 'load_measures_data', 'manual__2023-12-12T01:35:11.674142+00:00', '--job-id', '380', '--raw', '--subdir', 'DAGS_FOLDER/dag_openaq.py', '--cfg-path', '/tmp/tmpmcd3cvrm']
[2023-12-12T01:36:18.619+0000] {standard_task_runner.py:85} INFO - Job 380: Subtask load_measures_data
[2023-12-12T01:36:18.676+0000] {task_command.py:416} INFO - Running <TaskInstance: update_openaq_dw_hourly.load_measures_data manual__2023-12-12T01:35:11.674142+00:00 [running]> on host 2be5b1614f4e
[2023-12-12T01:36:18.724+0000] {taskinstance.py:1662} INFO - Exporting env vars: AIRFLOW_CTX_DAG_OWNER='***' AIRFLOW_CTX_DAG_ID='update_openaq_dw_hourly' AIRFLOW_CTX_TASK_ID='load_measures_data' AIRFLOW_CTX_EXECUTION_DATE='2023-12-12T01:35:11.674142+00:00' AIRFLOW_CTX_TRY_NUMBER='1' AIRFLOW_CTX_DAG_RUN_ID='manual__2023-12-12T01:35:11.674142+00:00'
[2023-12-12T01:36:18.725+0000] {main.py:140} INFO - Archivo de configuracion leido correctamente.
[2023-12-12T01:36:18.726+0000] {utils.py:25} INFO - Obteniendo datos de https://api.openaq.org/v2/measurements...
[2023-12-12T01:36:18.897+0000] {utils.py:73} INFO - Conexión a la base de datos establecida exitosamente.
[2023-12-12T01:36:20.962+0000] {utils.py:90} INFO - Cargando datos en la tabla stg_measurements...
[2023-12-12T01:36:22.921+0000] {utils.py:98} INFO - Datos cargados exitosamente en la tabla stg_measurements.
[2023-12-12T01:36:22.927+0000] {main.py:166} INFO - Ejecutando query CALL nicolasmvinciguerra_coderhouse.petl_load_fact_measure();...
[2023-12-12T01:36:23.508+0000] {main.py:168} INFO - Se ejecuto correctamente la query: CALL nicolasmvinciguerra_coderhouse.petl_load_fact_measure();
[2023-12-12T01:36:23.745+0000] {python.py:194} INFO - Done. Returned value was: None
[2023-12-12T01:36:23.770+0000] {taskinstance.py:1400} INFO - Marking task as SUCCESS. dag_id=update_openaq_dw_hourly, task_id=load_measures_data, execution_date=20231212T013511, start_date=20231212T013618, end_date=20231212T013623
[2023-12-12T01:36:23.801+0000] {local_task_job_runner.py:228} INFO - Task exited with return code 0
[2023-12-12T01:36:23.817+0000] {taskinstance.py:2778} INFO - 0 downstream tasks scheduled from follow-on schedule check
