[2023-12-12T01:15:00.277+0000] {taskinstance.py:1159} INFO - Dependencies all met for dep_context=non-requeueable deps ti=<TaskInstance: dag_openaq_catchup.load_parameters_data scheduled__2023-12-09T00:00:00+00:00 [queued]>
[2023-12-12T01:15:00.282+0000] {taskinstance.py:1159} INFO - Dependencies all met for dep_context=requeueable deps ti=<TaskInstance: dag_openaq_catchup.load_parameters_data scheduled__2023-12-09T00:00:00+00:00 [queued]>
[2023-12-12T01:15:00.282+0000] {taskinstance.py:1361} INFO - Starting attempt 1 of 4
[2023-12-12T01:15:00.289+0000] {taskinstance.py:1382} INFO - Executing <Task(PythonOperator): load_parameters_data> on 2023-12-09 00:00:00+00:00
[2023-12-12T01:15:00.293+0000] {standard_task_runner.py:57} INFO - Started process 379 to run task
[2023-12-12T01:15:00.296+0000] {standard_task_runner.py:84} INFO - Running: ['***', 'tasks', 'run', 'dag_openaq_catchup', 'load_parameters_data', 'scheduled__2023-12-09T00:00:00+00:00', '--job-id', '335', '--raw', '--subdir', 'DAGS_FOLDER/dag_openaq_catchup.py', '--cfg-path', '/tmp/tmp_xo3h0_j']
[2023-12-12T01:15:00.299+0000] {standard_task_runner.py:85} INFO - Job 335: Subtask load_parameters_data
[2023-12-12T01:15:00.341+0000] {task_command.py:416} INFO - Running <TaskInstance: dag_openaq_catchup.load_parameters_data scheduled__2023-12-09T00:00:00+00:00 [running]> on host 1a187d37aaef
[2023-12-12T01:15:00.389+0000] {taskinstance.py:1662} INFO - Exporting env vars: AIRFLOW_CTX_DAG_OWNER='***' AIRFLOW_CTX_DAG_ID='dag_openaq_catchup' AIRFLOW_CTX_TASK_ID='load_parameters_data' AIRFLOW_CTX_EXECUTION_DATE='2023-12-09T00:00:00+00:00' AIRFLOW_CTX_TRY_NUMBER='1' AIRFLOW_CTX_DAG_RUN_ID='scheduled__2023-12-09T00:00:00+00:00'
[2023-12-12T01:15:00.391+0000] {main.py:102} INFO - Archivo de configuracion leido correctamente.
[2023-12-12T01:15:00.391+0000] {utils.py:25} INFO - Obteniendo datos de https://api.openaq.org/v2/parameters...
[2023-12-12T01:15:00.602+0000] {utils.py:73} INFO - Conexión a la base de datos establecida exitosamente.
[2023-12-12T01:15:02.997+0000] {utils.py:90} INFO - Cargando datos en la tabla stg_parameters...
[2023-12-12T01:15:04.972+0000] {utils.py:98} INFO - Datos cargados exitosamente en la tabla stg_parameters.
[2023-12-12T01:15:04.973+0000] {main.py:127} INFO - Ejecutando query CALL nicolasmvinciguerra_coderhouse.petl_load_dim_parameter();...
[2023-12-12T01:15:05.611+0000] {main.py:129} INFO - Se ejecuto correctamente la query: CALL nicolasmvinciguerra_coderhouse.petl_load_dim_parameter();
[2023-12-12T01:15:05.900+0000] {python.py:194} INFO - Done. Returned value was: None
[2023-12-12T01:15:05.928+0000] {taskinstance.py:1400} INFO - Marking task as SUCCESS. dag_id=dag_openaq_catchup, task_id=load_parameters_data, execution_date=20231209T000000, start_date=20231212T011500, end_date=20231212T011505
[2023-12-12T01:15:05.979+0000] {local_task_job_runner.py:228} INFO - Task exited with return code 0
[2023-12-12T01:15:06.022+0000] {taskinstance.py:2778} INFO - 0 downstream tasks scheduled from follow-on schedule check
