[2023-12-12T01:14:14.060+0000] {taskinstance.py:1159} INFO - Dependencies all met for dep_context=non-requeueable deps ti=<TaskInstance: dag_openaq.load_parameters_data scheduled__2023-12-05T22:00:00+00:00 [queued]>
[2023-12-12T01:14:14.382+0000] {taskinstance.py:1159} INFO - Dependencies all met for dep_context=requeueable deps ti=<TaskInstance: dag_openaq.load_parameters_data scheduled__2023-12-05T22:00:00+00:00 [queued]>
[2023-12-12T01:14:14.398+0000] {taskinstance.py:1361} INFO - Starting attempt 1 of 4
[2023-12-12T01:14:14.920+0000] {taskinstance.py:1382} INFO - Executing <Task(PythonOperator): load_parameters_data> on 2023-12-05 22:00:00+00:00
[2023-12-12T01:14:14.996+0000] {standard_task_runner.py:57} INFO - Started process 312 to run task
[2023-12-12T01:14:15.338+0000] {standard_task_runner.py:84} INFO - Running: ['***', 'tasks', 'run', 'dag_openaq', 'load_parameters_data', 'scheduled__2023-12-05T22:00:00+00:00', '--job-id', '320', '--raw', '--subdir', 'DAGS_FOLDER/dag_openaq.py', '--cfg-path', '/tmp/tmpvb_3buq0']
[2023-12-12T01:14:15.644+0000] {standard_task_runner.py:85} INFO - Job 320: Subtask load_parameters_data
[2023-12-12T01:14:16.892+0000] {task_command.py:416} INFO - Running <TaskInstance: dag_openaq.load_parameters_data scheduled__2023-12-05T22:00:00+00:00 [running]> on host 1a187d37aaef
[2023-12-12T01:14:18.637+0000] {taskinstance.py:1662} INFO - Exporting env vars: AIRFLOW_CTX_DAG_OWNER='***' AIRFLOW_CTX_DAG_ID='dag_openaq' AIRFLOW_CTX_TASK_ID='load_parameters_data' AIRFLOW_CTX_EXECUTION_DATE='2023-12-05T22:00:00+00:00' AIRFLOW_CTX_TRY_NUMBER='1' AIRFLOW_CTX_DAG_RUN_ID='scheduled__2023-12-05T22:00:00+00:00'
[2023-12-12T01:14:18.770+0000] {main.py:102} INFO - Archivo de configuracion leido correctamente.
[2023-12-12T01:14:18.771+0000] {utils.py:25} INFO - Obteniendo datos de https://api.openaq.org/v2/parameters...
[2023-12-12T01:14:36.300+0000] {utils.py:73} INFO - Conexión a la base de datos establecida exitosamente.
[2023-12-12T01:14:38.918+0000] {utils.py:90} INFO - Cargando datos en la tabla stg_parameters...
[2023-12-12T01:14:41.079+0000] {utils.py:98} INFO - Datos cargados exitosamente en la tabla stg_parameters.
[2023-12-12T01:14:41.087+0000] {main.py:127} INFO - Ejecutando query CALL nicolasmvinciguerra_coderhouse.petl_load_dim_parameter();...
[2023-12-12T01:14:44.138+0000] {main.py:129} INFO - Se ejecuto correctamente la query: CALL nicolasmvinciguerra_coderhouse.petl_load_dim_parameter();
[2023-12-12T01:14:44.556+0000] {python.py:194} INFO - Done. Returned value was: None
[2023-12-12T01:14:44.691+0000] {taskinstance.py:1400} INFO - Marking task as SUCCESS. dag_id=dag_openaq, task_id=load_parameters_data, execution_date=20231205T220000, start_date=20231212T011414, end_date=20231212T011444
[2023-12-12T01:14:44.891+0000] {local_task_job_runner.py:228} INFO - Task exited with return code 0
[2023-12-12T01:14:45.260+0000] {taskinstance.py:2778} INFO - 0 downstream tasks scheduled from follow-on schedule check
