[2023-12-05T21:51:33.744+0000] {processor.py:157} INFO - Started process (PID=170) to work on /opt/airflow/dags/dag_openaq_catchup.py
[2023-12-05T21:51:33.746+0000] {processor.py:829} INFO - Processing file /opt/airflow/dags/dag_openaq_catchup.py for tasks to queue
[2023-12-05T21:51:33.748+0000] {logging_mixin.py:154} INFO - [2023-12-05T21:51:33.747+0000] {dagbag.py:536} INFO - Filling up the DagBag from /opt/airflow/dags/dag_openaq_catchup.py
[2023-12-05T21:51:34.515+0000] {processor.py:839} INFO - DAG(s) dict_keys(['dag_openaq_catchup']) retrieved from /opt/airflow/dags/dag_openaq_catchup.py
[2023-12-05T21:51:34.606+0000] {logging_mixin.py:154} INFO - [2023-12-05T21:51:34.600+0000] {dag.py:2941} INFO - Sync 1 DAGs
[2023-12-05T21:51:34.652+0000] {logging_mixin.py:154} INFO - [2023-12-05T21:51:34.652+0000] {dag.py:3722} INFO - Setting next_dagrun for dag_openaq_catchup to 2023-12-04T01:00:00+00:00, run_after=2023-12-04T02:00:00+00:00
[2023-12-05T21:51:34.681+0000] {processor.py:179} INFO - Processing /opt/airflow/dags/dag_openaq_catchup.py took 0.941 seconds
[2023-12-05T21:51:44.815+0000] {processor.py:157} INFO - Started process (PID=182) to work on /opt/airflow/dags/dag_openaq_catchup.py
[2023-12-05T21:51:44.818+0000] {processor.py:829} INFO - Processing file /opt/airflow/dags/dag_openaq_catchup.py for tasks to queue
[2023-12-05T21:51:44.820+0000] {logging_mixin.py:154} INFO - [2023-12-05T21:51:44.819+0000] {dagbag.py:536} INFO - Filling up the DagBag from /opt/airflow/dags/dag_openaq_catchup.py
[2023-12-05T21:51:45.216+0000] {processor.py:839} INFO - DAG(s) dict_keys(['dag_openaq_catchup']) retrieved from /opt/airflow/dags/dag_openaq_catchup.py
[2023-12-05T21:51:45.226+0000] {logging_mixin.py:154} INFO - [2023-12-05T21:51:45.225+0000] {dag.py:2941} INFO - Sync 1 DAGs
[2023-12-05T21:51:45.246+0000] {logging_mixin.py:154} INFO - [2023-12-05T21:51:45.246+0000] {dag.py:3722} INFO - Setting next_dagrun for dag_openaq_catchup to 2023-12-04T01:00:00+00:00, run_after=2023-12-04T02:00:00+00:00
[2023-12-05T21:51:45.259+0000] {processor.py:179} INFO - Processing /opt/airflow/dags/dag_openaq_catchup.py took 0.449 seconds
[2023-12-05T21:51:55.455+0000] {processor.py:157} INFO - Started process (PID=194) to work on /opt/airflow/dags/dag_openaq_catchup.py
[2023-12-05T21:51:55.458+0000] {processor.py:829} INFO - Processing file /opt/airflow/dags/dag_openaq_catchup.py for tasks to queue
[2023-12-05T21:51:55.461+0000] {logging_mixin.py:154} INFO - [2023-12-05T21:51:55.459+0000] {dagbag.py:536} INFO - Filling up the DagBag from /opt/airflow/dags/dag_openaq_catchup.py
[2023-12-05T21:51:55.814+0000] {processor.py:839} INFO - DAG(s) dict_keys(['dag_openaq_catchup']) retrieved from /opt/airflow/dags/dag_openaq_catchup.py
[2023-12-05T21:51:55.825+0000] {logging_mixin.py:154} INFO - [2023-12-05T21:51:55.825+0000] {dag.py:2941} INFO - Sync 1 DAGs
[2023-12-05T21:51:55.836+0000] {logging_mixin.py:154} INFO - [2023-12-05T21:51:55.836+0000] {dag.py:3722} INFO - Setting next_dagrun for dag_openaq_catchup to 2023-12-04T01:00:00+00:00, run_after=2023-12-04T02:00:00+00:00
[2023-12-05T21:51:55.844+0000] {processor.py:179} INFO - Processing /opt/airflow/dags/dag_openaq_catchup.py took 0.399 seconds
[2023-12-05T21:52:05.977+0000] {processor.py:157} INFO - Started process (PID=206) to work on /opt/airflow/dags/dag_openaq_catchup.py
[2023-12-05T21:52:05.979+0000] {processor.py:829} INFO - Processing file /opt/airflow/dags/dag_openaq_catchup.py for tasks to queue
[2023-12-05T21:52:05.980+0000] {logging_mixin.py:154} INFO - [2023-12-05T21:52:05.980+0000] {dagbag.py:536} INFO - Filling up the DagBag from /opt/airflow/dags/dag_openaq_catchup.py
[2023-12-05T21:52:06.330+0000] {processor.py:839} INFO - DAG(s) dict_keys(['dag_openaq_catchup']) retrieved from /opt/airflow/dags/dag_openaq_catchup.py
[2023-12-05T21:52:06.351+0000] {logging_mixin.py:154} INFO - [2023-12-05T21:52:06.350+0000] {dag.py:2941} INFO - Sync 1 DAGs
[2023-12-05T21:52:06.361+0000] {logging_mixin.py:154} INFO - [2023-12-05T21:52:06.361+0000] {dag.py:3722} INFO - Setting next_dagrun for dag_openaq_catchup to 2023-12-04T01:00:00+00:00, run_after=2023-12-04T02:00:00+00:00
[2023-12-05T21:52:06.368+0000] {processor.py:179} INFO - Processing /opt/airflow/dags/dag_openaq_catchup.py took 0.397 seconds
[2023-12-05T21:52:16.521+0000] {processor.py:157} INFO - Started process (PID=218) to work on /opt/airflow/dags/dag_openaq_catchup.py
[2023-12-05T21:52:16.523+0000] {processor.py:829} INFO - Processing file /opt/airflow/dags/dag_openaq_catchup.py for tasks to queue
[2023-12-05T21:52:16.524+0000] {logging_mixin.py:154} INFO - [2023-12-05T21:52:16.524+0000] {dagbag.py:536} INFO - Filling up the DagBag from /opt/airflow/dags/dag_openaq_catchup.py
[2023-12-05T21:52:16.780+0000] {processor.py:839} INFO - DAG(s) dict_keys(['dag_openaq_catchup']) retrieved from /opt/airflow/dags/dag_openaq_catchup.py
[2023-12-05T21:52:16.793+0000] {logging_mixin.py:154} INFO - [2023-12-05T21:52:16.793+0000] {dag.py:2941} INFO - Sync 1 DAGs
[2023-12-05T21:52:16.802+0000] {logging_mixin.py:154} INFO - [2023-12-05T21:52:16.802+0000] {dag.py:3722} INFO - Setting next_dagrun for dag_openaq_catchup to 2023-12-04T01:00:00+00:00, run_after=2023-12-04T02:00:00+00:00
[2023-12-05T21:52:16.810+0000] {processor.py:179} INFO - Processing /opt/airflow/dags/dag_openaq_catchup.py took 0.297 seconds
[2023-12-05T21:52:26.961+0000] {processor.py:157} INFO - Started process (PID=230) to work on /opt/airflow/dags/dag_openaq_catchup.py
[2023-12-05T21:52:26.963+0000] {processor.py:829} INFO - Processing file /opt/airflow/dags/dag_openaq_catchup.py for tasks to queue
[2023-12-05T21:52:26.964+0000] {logging_mixin.py:154} INFO - [2023-12-05T21:52:26.963+0000] {dagbag.py:536} INFO - Filling up the DagBag from /opt/airflow/dags/dag_openaq_catchup.py
[2023-12-05T21:52:27.304+0000] {processor.py:839} INFO - DAG(s) dict_keys(['dag_openaq_catchup']) retrieved from /opt/airflow/dags/dag_openaq_catchup.py
[2023-12-05T21:52:27.333+0000] {logging_mixin.py:154} INFO - [2023-12-05T21:52:27.333+0000] {dag.py:2941} INFO - Sync 1 DAGs
[2023-12-05T21:52:27.343+0000] {logging_mixin.py:154} INFO - [2023-12-05T21:52:27.343+0000] {dag.py:3722} INFO - Setting next_dagrun for dag_openaq_catchup to 2023-12-04T01:00:00+00:00, run_after=2023-12-04T02:00:00+00:00
[2023-12-05T21:52:27.351+0000] {processor.py:179} INFO - Processing /opt/airflow/dags/dag_openaq_catchup.py took 0.395 seconds
[2023-12-05T21:52:37.510+0000] {processor.py:157} INFO - Started process (PID=242) to work on /opt/airflow/dags/dag_openaq_catchup.py
[2023-12-05T21:52:37.512+0000] {processor.py:829} INFO - Processing file /opt/airflow/dags/dag_openaq_catchup.py for tasks to queue
[2023-12-05T21:52:37.514+0000] {logging_mixin.py:154} INFO - [2023-12-05T21:52:37.513+0000] {dagbag.py:536} INFO - Filling up the DagBag from /opt/airflow/dags/dag_openaq_catchup.py
[2023-12-05T21:52:37.792+0000] {processor.py:839} INFO - DAG(s) dict_keys(['dag_openaq_catchup']) retrieved from /opt/airflow/dags/dag_openaq_catchup.py
[2023-12-05T21:52:37.805+0000] {logging_mixin.py:154} INFO - [2023-12-05T21:52:37.805+0000] {dag.py:2941} INFO - Sync 1 DAGs
[2023-12-05T21:52:37.814+0000] {logging_mixin.py:154} INFO - [2023-12-05T21:52:37.814+0000] {dag.py:3722} INFO - Setting next_dagrun for dag_openaq_catchup to 2023-12-04T01:00:00+00:00, run_after=2023-12-04T02:00:00+00:00
[2023-12-05T21:52:37.822+0000] {processor.py:179} INFO - Processing /opt/airflow/dags/dag_openaq_catchup.py took 0.319 seconds
[2023-12-05T21:52:48.005+0000] {processor.py:157} INFO - Started process (PID=254) to work on /opt/airflow/dags/dag_openaq_catchup.py
[2023-12-05T21:52:48.007+0000] {processor.py:829} INFO - Processing file /opt/airflow/dags/dag_openaq_catchup.py for tasks to queue
[2023-12-05T21:52:48.008+0000] {logging_mixin.py:154} INFO - [2023-12-05T21:52:48.008+0000] {dagbag.py:536} INFO - Filling up the DagBag from /opt/airflow/dags/dag_openaq_catchup.py
[2023-12-05T21:52:48.394+0000] {processor.py:839} INFO - DAG(s) dict_keys(['dag_openaq_catchup']) retrieved from /opt/airflow/dags/dag_openaq_catchup.py
[2023-12-05T21:52:48.409+0000] {logging_mixin.py:154} INFO - [2023-12-05T21:52:48.408+0000] {dag.py:2941} INFO - Sync 1 DAGs
[2023-12-05T21:52:48.419+0000] {logging_mixin.py:154} INFO - [2023-12-05T21:52:48.419+0000] {dag.py:3722} INFO - Setting next_dagrun for dag_openaq_catchup to 2023-12-04T01:00:00+00:00, run_after=2023-12-04T02:00:00+00:00
[2023-12-05T21:52:48.427+0000] {processor.py:179} INFO - Processing /opt/airflow/dags/dag_openaq_catchup.py took 0.432 seconds
[2023-12-05T21:52:58.565+0000] {processor.py:157} INFO - Started process (PID=266) to work on /opt/airflow/dags/dag_openaq_catchup.py
[2023-12-05T21:52:58.566+0000] {processor.py:829} INFO - Processing file /opt/airflow/dags/dag_openaq_catchup.py for tasks to queue
[2023-12-05T21:52:58.567+0000] {logging_mixin.py:154} INFO - [2023-12-05T21:52:58.567+0000] {dagbag.py:536} INFO - Filling up the DagBag from /opt/airflow/dags/dag_openaq_catchup.py
[2023-12-05T21:52:58.914+0000] {processor.py:839} INFO - DAG(s) dict_keys(['dag_openaq_catchup']) retrieved from /opt/airflow/dags/dag_openaq_catchup.py
[2023-12-05T21:52:58.930+0000] {logging_mixin.py:154} INFO - [2023-12-05T21:52:58.930+0000] {dag.py:2941} INFO - Sync 1 DAGs
[2023-12-05T21:52:58.942+0000] {logging_mixin.py:154} INFO - [2023-12-05T21:52:58.942+0000] {dag.py:3722} INFO - Setting next_dagrun for dag_openaq_catchup to 2023-12-04T01:00:00+00:00, run_after=2023-12-04T02:00:00+00:00
[2023-12-05T21:52:58.954+0000] {processor.py:179} INFO - Processing /opt/airflow/dags/dag_openaq_catchup.py took 0.393 seconds
[2023-12-05T21:53:09.113+0000] {processor.py:157} INFO - Started process (PID=278) to work on /opt/airflow/dags/dag_openaq_catchup.py
[2023-12-05T21:53:09.115+0000] {processor.py:829} INFO - Processing file /opt/airflow/dags/dag_openaq_catchup.py for tasks to queue
[2023-12-05T21:53:09.116+0000] {logging_mixin.py:154} INFO - [2023-12-05T21:53:09.116+0000] {dagbag.py:536} INFO - Filling up the DagBag from /opt/airflow/dags/dag_openaq_catchup.py
[2023-12-05T21:53:09.478+0000] {processor.py:839} INFO - DAG(s) dict_keys(['dag_openaq_catchup']) retrieved from /opt/airflow/dags/dag_openaq_catchup.py
[2023-12-05T21:53:09.493+0000] {logging_mixin.py:154} INFO - [2023-12-05T21:53:09.493+0000] {dag.py:2941} INFO - Sync 1 DAGs
[2023-12-05T21:53:09.504+0000] {logging_mixin.py:154} INFO - [2023-12-05T21:53:09.504+0000] {dag.py:3722} INFO - Setting next_dagrun for dag_openaq_catchup to 2023-12-04T01:00:00+00:00, run_after=2023-12-04T02:00:00+00:00
[2023-12-05T21:53:09.511+0000] {processor.py:179} INFO - Processing /opt/airflow/dags/dag_openaq_catchup.py took 0.405 seconds
[2023-12-05T21:53:19.631+0000] {processor.py:157} INFO - Started process (PID=290) to work on /opt/airflow/dags/dag_openaq_catchup.py
[2023-12-05T21:53:19.632+0000] {processor.py:829} INFO - Processing file /opt/airflow/dags/dag_openaq_catchup.py for tasks to queue
[2023-12-05T21:53:19.634+0000] {logging_mixin.py:154} INFO - [2023-12-05T21:53:19.633+0000] {dagbag.py:536} INFO - Filling up the DagBag from /opt/airflow/dags/dag_openaq_catchup.py
[2023-12-05T21:53:20.045+0000] {processor.py:839} INFO - DAG(s) dict_keys(['dag_openaq_catchup']) retrieved from /opt/airflow/dags/dag_openaq_catchup.py
[2023-12-05T21:53:20.065+0000] {logging_mixin.py:154} INFO - [2023-12-05T21:53:20.065+0000] {dag.py:2941} INFO - Sync 1 DAGs
[2023-12-05T21:53:20.076+0000] {logging_mixin.py:154} INFO - [2023-12-05T21:53:20.076+0000] {dag.py:3722} INFO - Setting next_dagrun for dag_openaq_catchup to 2023-12-04T01:00:00+00:00, run_after=2023-12-04T02:00:00+00:00
[2023-12-05T21:53:20.084+0000] {processor.py:179} INFO - Processing /opt/airflow/dags/dag_openaq_catchup.py took 0.459 seconds
[2023-12-05T21:53:30.255+0000] {processor.py:157} INFO - Started process (PID=302) to work on /opt/airflow/dags/dag_openaq_catchup.py
[2023-12-05T21:53:30.256+0000] {processor.py:829} INFO - Processing file /opt/airflow/dags/dag_openaq_catchup.py for tasks to queue
[2023-12-05T21:53:30.258+0000] {logging_mixin.py:154} INFO - [2023-12-05T21:53:30.257+0000] {dagbag.py:536} INFO - Filling up the DagBag from /opt/airflow/dags/dag_openaq_catchup.py
[2023-12-05T21:53:30.640+0000] {processor.py:839} INFO - DAG(s) dict_keys(['dag_openaq_catchup']) retrieved from /opt/airflow/dags/dag_openaq_catchup.py
[2023-12-05T21:53:30.657+0000] {logging_mixin.py:154} INFO - [2023-12-05T21:53:30.657+0000] {dag.py:2941} INFO - Sync 1 DAGs
[2023-12-05T21:53:30.676+0000] {logging_mixin.py:154} INFO - [2023-12-05T21:53:30.676+0000] {dag.py:3722} INFO - Setting next_dagrun for dag_openaq_catchup to 2023-12-04T01:00:00+00:00, run_after=2023-12-04T02:00:00+00:00
[2023-12-05T21:53:30.687+0000] {processor.py:179} INFO - Processing /opt/airflow/dags/dag_openaq_catchup.py took 0.441 seconds
[2023-12-05T21:53:40.837+0000] {processor.py:157} INFO - Started process (PID=314) to work on /opt/airflow/dags/dag_openaq_catchup.py
[2023-12-05T21:53:40.842+0000] {processor.py:829} INFO - Processing file /opt/airflow/dags/dag_openaq_catchup.py for tasks to queue
[2023-12-05T21:53:40.846+0000] {logging_mixin.py:154} INFO - [2023-12-05T21:53:40.845+0000] {dagbag.py:536} INFO - Filling up the DagBag from /opt/airflow/dags/dag_openaq_catchup.py
[2023-12-05T21:53:41.259+0000] {processor.py:839} INFO - DAG(s) dict_keys(['dag_openaq_catchup']) retrieved from /opt/airflow/dags/dag_openaq_catchup.py
[2023-12-05T21:53:41.277+0000] {logging_mixin.py:154} INFO - [2023-12-05T21:53:41.277+0000] {dag.py:2941} INFO - Sync 1 DAGs
[2023-12-05T21:53:41.288+0000] {logging_mixin.py:154} INFO - [2023-12-05T21:53:41.288+0000] {dag.py:3722} INFO - Setting next_dagrun for dag_openaq_catchup to 2023-12-04T01:00:00+00:00, run_after=2023-12-04T02:00:00+00:00
[2023-12-05T21:53:41.295+0000] {processor.py:179} INFO - Processing /opt/airflow/dags/dag_openaq_catchup.py took 0.465 seconds
[2023-12-05T21:53:45.907+0000] {processor.py:157} INFO - Started process (PID=326) to work on /opt/airflow/dags/dag_openaq_catchup.py
[2023-12-05T21:53:45.909+0000] {processor.py:829} INFO - Processing file /opt/airflow/dags/dag_openaq_catchup.py for tasks to queue
[2023-12-05T21:53:45.913+0000] {logging_mixin.py:154} INFO - [2023-12-05T21:53:45.912+0000] {dagbag.py:536} INFO - Filling up the DagBag from /opt/airflow/dags/dag_openaq_catchup.py
[2023-12-05T21:53:46.166+0000] {processor.py:839} INFO - DAG(s) dict_keys(['dag_openaq_catchup']) retrieved from /opt/airflow/dags/dag_openaq_catchup.py
[2023-12-05T21:53:46.250+0000] {logging_mixin.py:154} INFO - [2023-12-05T21:53:46.250+0000] {dag.py:2941} INFO - Sync 1 DAGs
[2023-12-05T21:53:46.258+0000] {logging_mixin.py:154} INFO - [2023-12-05T21:53:46.258+0000] {dag.py:3722} INFO - Setting next_dagrun for dag_openaq_catchup to 2023-12-04T00:00:00+00:00, run_after=2023-12-05T00:00:00+00:00
[2023-12-05T21:53:46.269+0000] {processor.py:179} INFO - Processing /opt/airflow/dags/dag_openaq_catchup.py took 0.371 seconds
[2023-12-05T21:53:56.443+0000] {processor.py:157} INFO - Started process (PID=338) to work on /opt/airflow/dags/dag_openaq_catchup.py
[2023-12-05T21:53:56.445+0000] {processor.py:829} INFO - Processing file /opt/airflow/dags/dag_openaq_catchup.py for tasks to queue
[2023-12-05T21:53:56.447+0000] {logging_mixin.py:154} INFO - [2023-12-05T21:53:56.446+0000] {dagbag.py:536} INFO - Filling up the DagBag from /opt/airflow/dags/dag_openaq_catchup.py
[2023-12-05T21:53:56.751+0000] {processor.py:839} INFO - DAG(s) dict_keys(['dag_openaq_catchup']) retrieved from /opt/airflow/dags/dag_openaq_catchup.py
[2023-12-05T21:53:56.761+0000] {logging_mixin.py:154} INFO - [2023-12-05T21:53:56.760+0000] {dag.py:2941} INFO - Sync 1 DAGs
[2023-12-05T21:53:56.771+0000] {logging_mixin.py:154} INFO - [2023-12-05T21:53:56.771+0000] {dag.py:3722} INFO - Setting next_dagrun for dag_openaq_catchup to 2023-12-04T00:00:00+00:00, run_after=2023-12-05T00:00:00+00:00
[2023-12-05T21:53:56.779+0000] {processor.py:179} INFO - Processing /opt/airflow/dags/dag_openaq_catchup.py took 0.342 seconds
[2023-12-05T21:54:06.948+0000] {processor.py:157} INFO - Started process (PID=350) to work on /opt/airflow/dags/dag_openaq_catchup.py
[2023-12-05T21:54:06.949+0000] {processor.py:829} INFO - Processing file /opt/airflow/dags/dag_openaq_catchup.py for tasks to queue
[2023-12-05T21:54:06.950+0000] {logging_mixin.py:154} INFO - [2023-12-05T21:54:06.950+0000] {dagbag.py:536} INFO - Filling up the DagBag from /opt/airflow/dags/dag_openaq_catchup.py
[2023-12-05T21:54:07.247+0000] {processor.py:839} INFO - DAG(s) dict_keys(['dag_openaq_catchup']) retrieved from /opt/airflow/dags/dag_openaq_catchup.py
[2023-12-05T21:54:07.256+0000] {logging_mixin.py:154} INFO - [2023-12-05T21:54:07.256+0000] {dag.py:2941} INFO - Sync 1 DAGs
[2023-12-05T21:54:07.265+0000] {logging_mixin.py:154} INFO - [2023-12-05T21:54:07.265+0000] {dag.py:3722} INFO - Setting next_dagrun for dag_openaq_catchup to 2023-12-04T00:00:00+00:00, run_after=2023-12-05T00:00:00+00:00
[2023-12-05T21:54:07.271+0000] {processor.py:179} INFO - Processing /opt/airflow/dags/dag_openaq_catchup.py took 0.328 seconds
[2023-12-05T21:54:17.417+0000] {processor.py:157} INFO - Started process (PID=362) to work on /opt/airflow/dags/dag_openaq_catchup.py
[2023-12-05T21:54:17.419+0000] {processor.py:829} INFO - Processing file /opt/airflow/dags/dag_openaq_catchup.py for tasks to queue
[2023-12-05T21:54:17.420+0000] {logging_mixin.py:154} INFO - [2023-12-05T21:54:17.420+0000] {dagbag.py:536} INFO - Filling up the DagBag from /opt/airflow/dags/dag_openaq_catchup.py
[2023-12-05T21:54:17.765+0000] {processor.py:839} INFO - DAG(s) dict_keys(['dag_openaq_catchup']) retrieved from /opt/airflow/dags/dag_openaq_catchup.py
[2023-12-05T21:54:17.780+0000] {logging_mixin.py:154} INFO - [2023-12-05T21:54:17.780+0000] {dag.py:2941} INFO - Sync 1 DAGs
[2023-12-05T21:54:17.789+0000] {logging_mixin.py:154} INFO - [2023-12-05T21:54:17.789+0000] {dag.py:3722} INFO - Setting next_dagrun for dag_openaq_catchup to 2023-12-04T00:00:00+00:00, run_after=2023-12-05T00:00:00+00:00
[2023-12-05T21:54:17.796+0000] {processor.py:179} INFO - Processing /opt/airflow/dags/dag_openaq_catchup.py took 0.386 seconds
[2023-12-05T21:54:27.946+0000] {processor.py:157} INFO - Started process (PID=374) to work on /opt/airflow/dags/dag_openaq_catchup.py
[2023-12-05T21:54:27.948+0000] {processor.py:829} INFO - Processing file /opt/airflow/dags/dag_openaq_catchup.py for tasks to queue
[2023-12-05T21:54:27.950+0000] {logging_mixin.py:154} INFO - [2023-12-05T21:54:27.949+0000] {dagbag.py:536} INFO - Filling up the DagBag from /opt/airflow/dags/dag_openaq_catchup.py
[2023-12-05T21:54:28.208+0000] {processor.py:839} INFO - DAG(s) dict_keys(['dag_openaq_catchup']) retrieved from /opt/airflow/dags/dag_openaq_catchup.py
[2023-12-05T21:54:28.221+0000] {logging_mixin.py:154} INFO - [2023-12-05T21:54:28.221+0000] {dag.py:2941} INFO - Sync 1 DAGs
[2023-12-05T21:54:28.230+0000] {logging_mixin.py:154} INFO - [2023-12-05T21:54:28.230+0000] {dag.py:3722} INFO - Setting next_dagrun for dag_openaq_catchup to 2023-12-04T00:00:00+00:00, run_after=2023-12-05T00:00:00+00:00
[2023-12-05T21:54:28.238+0000] {processor.py:179} INFO - Processing /opt/airflow/dags/dag_openaq_catchup.py took 0.298 seconds
[2023-12-05T21:54:38.387+0000] {processor.py:157} INFO - Started process (PID=401) to work on /opt/airflow/dags/dag_openaq_catchup.py
[2023-12-05T21:54:38.389+0000] {processor.py:829} INFO - Processing file /opt/airflow/dags/dag_openaq_catchup.py for tasks to queue
[2023-12-05T21:54:38.391+0000] {logging_mixin.py:154} INFO - [2023-12-05T21:54:38.390+0000] {dagbag.py:536} INFO - Filling up the DagBag from /opt/airflow/dags/dag_openaq_catchup.py
[2023-12-05T21:54:38.706+0000] {processor.py:839} INFO - DAG(s) dict_keys(['dag_openaq_catchup']) retrieved from /opt/airflow/dags/dag_openaq_catchup.py
[2023-12-05T21:54:38.723+0000] {logging_mixin.py:154} INFO - [2023-12-05T21:54:38.723+0000] {dag.py:2941} INFO - Sync 1 DAGs
[2023-12-05T21:54:38.732+0000] {logging_mixin.py:154} INFO - [2023-12-05T21:54:38.732+0000] {dag.py:3722} INFO - Setting next_dagrun for dag_openaq_catchup to 2023-12-04T00:00:00+00:00, run_after=2023-12-05T00:00:00+00:00
[2023-12-05T21:54:38.740+0000] {processor.py:179} INFO - Processing /opt/airflow/dags/dag_openaq_catchup.py took 0.359 seconds
[2023-12-05T21:54:48.882+0000] {processor.py:157} INFO - Started process (PID=416) to work on /opt/airflow/dags/dag_openaq_catchup.py
[2023-12-05T21:54:48.885+0000] {processor.py:829} INFO - Processing file /opt/airflow/dags/dag_openaq_catchup.py for tasks to queue
[2023-12-05T21:54:48.886+0000] {logging_mixin.py:154} INFO - [2023-12-05T21:54:48.886+0000] {dagbag.py:536} INFO - Filling up the DagBag from /opt/airflow/dags/dag_openaq_catchup.py
[2023-12-05T21:54:49.180+0000] {processor.py:839} INFO - DAG(s) dict_keys(['dag_openaq_catchup']) retrieved from /opt/airflow/dags/dag_openaq_catchup.py
[2023-12-05T21:54:49.194+0000] {logging_mixin.py:154} INFO - [2023-12-05T21:54:49.194+0000] {dag.py:2941} INFO - Sync 1 DAGs
[2023-12-05T21:54:49.203+0000] {logging_mixin.py:154} INFO - [2023-12-05T21:54:49.203+0000] {dag.py:3722} INFO - Setting next_dagrun for dag_openaq_catchup to 2023-12-04T00:00:00+00:00, run_after=2023-12-05T00:00:00+00:00
[2023-12-05T21:54:49.211+0000] {processor.py:179} INFO - Processing /opt/airflow/dags/dag_openaq_catchup.py took 0.335 seconds
[2023-12-05T21:54:59.373+0000] {processor.py:157} INFO - Started process (PID=428) to work on /opt/airflow/dags/dag_openaq_catchup.py
[2023-12-05T21:54:59.376+0000] {processor.py:829} INFO - Processing file /opt/airflow/dags/dag_openaq_catchup.py for tasks to queue
[2023-12-05T21:54:59.377+0000] {logging_mixin.py:154} INFO - [2023-12-05T21:54:59.377+0000] {dagbag.py:536} INFO - Filling up the DagBag from /opt/airflow/dags/dag_openaq_catchup.py
[2023-12-05T21:54:59.618+0000] {processor.py:839} INFO - DAG(s) dict_keys(['dag_openaq_catchup']) retrieved from /opt/airflow/dags/dag_openaq_catchup.py
[2023-12-05T21:54:59.630+0000] {logging_mixin.py:154} INFO - [2023-12-05T21:54:59.629+0000] {dag.py:2941} INFO - Sync 1 DAGs
[2023-12-05T21:54:59.638+0000] {logging_mixin.py:154} INFO - [2023-12-05T21:54:59.638+0000] {dag.py:3722} INFO - Setting next_dagrun for dag_openaq_catchup to 2023-12-04T00:00:00+00:00, run_after=2023-12-05T00:00:00+00:00
[2023-12-05T21:54:59.646+0000] {processor.py:179} INFO - Processing /opt/airflow/dags/dag_openaq_catchup.py took 0.280 seconds
[2023-12-05T21:55:09.771+0000] {processor.py:157} INFO - Started process (PID=440) to work on /opt/airflow/dags/dag_openaq_catchup.py
[2023-12-05T21:55:09.772+0000] {processor.py:829} INFO - Processing file /opt/airflow/dags/dag_openaq_catchup.py for tasks to queue
[2023-12-05T21:55:09.773+0000] {logging_mixin.py:154} INFO - [2023-12-05T21:55:09.772+0000] {dagbag.py:536} INFO - Filling up the DagBag from /opt/airflow/dags/dag_openaq_catchup.py
[2023-12-05T21:55:10.045+0000] {processor.py:839} INFO - DAG(s) dict_keys(['dag_openaq_catchup']) retrieved from /opt/airflow/dags/dag_openaq_catchup.py
[2023-12-05T21:55:10.059+0000] {logging_mixin.py:154} INFO - [2023-12-05T21:55:10.058+0000] {dag.py:2941} INFO - Sync 1 DAGs
[2023-12-05T21:55:10.068+0000] {logging_mixin.py:154} INFO - [2023-12-05T21:55:10.068+0000] {dag.py:3722} INFO - Setting next_dagrun for dag_openaq_catchup to 2023-12-04T00:00:00+00:00, run_after=2023-12-05T00:00:00+00:00
[2023-12-05T21:55:10.076+0000] {processor.py:179} INFO - Processing /opt/airflow/dags/dag_openaq_catchup.py took 0.312 seconds
[2023-12-05T21:55:20.237+0000] {processor.py:157} INFO - Started process (PID=452) to work on /opt/airflow/dags/dag_openaq_catchup.py
[2023-12-05T21:55:20.239+0000] {processor.py:829} INFO - Processing file /opt/airflow/dags/dag_openaq_catchup.py for tasks to queue
[2023-12-05T21:55:20.240+0000] {logging_mixin.py:154} INFO - [2023-12-05T21:55:20.239+0000] {dagbag.py:536} INFO - Filling up the DagBag from /opt/airflow/dags/dag_openaq_catchup.py
[2023-12-05T21:55:20.472+0000] {processor.py:839} INFO - DAG(s) dict_keys(['dag_openaq_catchup']) retrieved from /opt/airflow/dags/dag_openaq_catchup.py
[2023-12-05T21:55:20.484+0000] {logging_mixin.py:154} INFO - [2023-12-05T21:55:20.484+0000] {dag.py:2941} INFO - Sync 1 DAGs
[2023-12-05T21:55:20.493+0000] {logging_mixin.py:154} INFO - [2023-12-05T21:55:20.493+0000] {dag.py:3722} INFO - Setting next_dagrun for dag_openaq_catchup to 2023-12-04T00:00:00+00:00, run_after=2023-12-05T00:00:00+00:00
[2023-12-05T21:55:20.500+0000] {processor.py:179} INFO - Processing /opt/airflow/dags/dag_openaq_catchup.py took 0.268 seconds
[2023-12-05T21:55:30.625+0000] {processor.py:157} INFO - Started process (PID=464) to work on /opt/airflow/dags/dag_openaq_catchup.py
[2023-12-05T21:55:30.628+0000] {processor.py:829} INFO - Processing file /opt/airflow/dags/dag_openaq_catchup.py for tasks to queue
[2023-12-05T21:55:30.630+0000] {logging_mixin.py:154} INFO - [2023-12-05T21:55:30.629+0000] {dagbag.py:536} INFO - Filling up the DagBag from /opt/airflow/dags/dag_openaq_catchup.py
[2023-12-05T21:55:30.864+0000] {processor.py:839} INFO - DAG(s) dict_keys(['dag_openaq_catchup']) retrieved from /opt/airflow/dags/dag_openaq_catchup.py
[2023-12-05T21:55:30.875+0000] {logging_mixin.py:154} INFO - [2023-12-05T21:55:30.875+0000] {dag.py:2941} INFO - Sync 1 DAGs
[2023-12-05T21:55:30.884+0000] {logging_mixin.py:154} INFO - [2023-12-05T21:55:30.884+0000] {dag.py:3722} INFO - Setting next_dagrun for dag_openaq_catchup to 2023-12-04T00:00:00+00:00, run_after=2023-12-05T00:00:00+00:00
[2023-12-05T21:55:30.891+0000] {processor.py:179} INFO - Processing /opt/airflow/dags/dag_openaq_catchup.py took 0.273 seconds
[2023-12-05T21:55:41.006+0000] {processor.py:157} INFO - Started process (PID=476) to work on /opt/airflow/dags/dag_openaq_catchup.py
[2023-12-05T21:55:41.007+0000] {processor.py:829} INFO - Processing file /opt/airflow/dags/dag_openaq_catchup.py for tasks to queue
[2023-12-05T21:55:41.008+0000] {logging_mixin.py:154} INFO - [2023-12-05T21:55:41.008+0000] {dagbag.py:536} INFO - Filling up the DagBag from /opt/airflow/dags/dag_openaq_catchup.py
[2023-12-05T21:55:41.314+0000] {processor.py:839} INFO - DAG(s) dict_keys(['dag_openaq_catchup']) retrieved from /opt/airflow/dags/dag_openaq_catchup.py
[2023-12-05T21:55:41.329+0000] {logging_mixin.py:154} INFO - [2023-12-05T21:55:41.329+0000] {dag.py:2941} INFO - Sync 1 DAGs
[2023-12-05T21:55:41.339+0000] {logging_mixin.py:154} INFO - [2023-12-05T21:55:41.339+0000] {dag.py:3722} INFO - Setting next_dagrun for dag_openaq_catchup to 2023-12-04T00:00:00+00:00, run_after=2023-12-05T00:00:00+00:00
[2023-12-05T21:55:41.346+0000] {processor.py:179} INFO - Processing /opt/airflow/dags/dag_openaq_catchup.py took 0.344 seconds
[2023-12-05T21:55:51.488+0000] {processor.py:157} INFO - Started process (PID=488) to work on /opt/airflow/dags/dag_openaq_catchup.py
[2023-12-05T21:55:51.489+0000] {processor.py:829} INFO - Processing file /opt/airflow/dags/dag_openaq_catchup.py for tasks to queue
[2023-12-05T21:55:51.490+0000] {logging_mixin.py:154} INFO - [2023-12-05T21:55:51.490+0000] {dagbag.py:536} INFO - Filling up the DagBag from /opt/airflow/dags/dag_openaq_catchup.py
[2023-12-05T21:55:51.814+0000] {processor.py:839} INFO - DAG(s) dict_keys(['dag_openaq_catchup']) retrieved from /opt/airflow/dags/dag_openaq_catchup.py
[2023-12-05T21:55:51.829+0000] {logging_mixin.py:154} INFO - [2023-12-05T21:55:51.829+0000] {dag.py:2941} INFO - Sync 1 DAGs
[2023-12-05T21:55:51.839+0000] {logging_mixin.py:154} INFO - [2023-12-05T21:55:51.839+0000] {dag.py:3722} INFO - Setting next_dagrun for dag_openaq_catchup to 2023-12-04T00:00:00+00:00, run_after=2023-12-05T00:00:00+00:00
[2023-12-05T21:55:51.846+0000] {processor.py:179} INFO - Processing /opt/airflow/dags/dag_openaq_catchup.py took 0.362 seconds
[2023-12-05T21:56:01.971+0000] {processor.py:157} INFO - Started process (PID=500) to work on /opt/airflow/dags/dag_openaq_catchup.py
[2023-12-05T21:56:01.975+0000] {processor.py:829} INFO - Processing file /opt/airflow/dags/dag_openaq_catchup.py for tasks to queue
[2023-12-05T21:56:01.976+0000] {logging_mixin.py:154} INFO - [2023-12-05T21:56:01.976+0000] {dagbag.py:536} INFO - Filling up the DagBag from /opt/airflow/dags/dag_openaq_catchup.py
[2023-12-05T21:56:02.205+0000] {processor.py:839} INFO - DAG(s) dict_keys(['dag_openaq_catchup']) retrieved from /opt/airflow/dags/dag_openaq_catchup.py
[2023-12-05T21:56:02.217+0000] {logging_mixin.py:154} INFO - [2023-12-05T21:56:02.216+0000] {dag.py:2941} INFO - Sync 1 DAGs
[2023-12-05T21:56:02.224+0000] {logging_mixin.py:154} INFO - [2023-12-05T21:56:02.224+0000] {dag.py:3722} INFO - Setting next_dagrun for dag_openaq_catchup to 2023-12-04T00:00:00+00:00, run_after=2023-12-05T00:00:00+00:00
[2023-12-05T21:56:02.231+0000] {processor.py:179} INFO - Processing /opt/airflow/dags/dag_openaq_catchup.py took 0.265 seconds
[2023-12-05T21:56:12.341+0000] {processor.py:157} INFO - Started process (PID=512) to work on /opt/airflow/dags/dag_openaq_catchup.py
[2023-12-05T21:56:12.345+0000] {processor.py:829} INFO - Processing file /opt/airflow/dags/dag_openaq_catchup.py for tasks to queue
[2023-12-05T21:56:12.346+0000] {logging_mixin.py:154} INFO - [2023-12-05T21:56:12.346+0000] {dagbag.py:536} INFO - Filling up the DagBag from /opt/airflow/dags/dag_openaq_catchup.py
[2023-12-05T21:56:12.664+0000] {processor.py:839} INFO - DAG(s) dict_keys(['dag_openaq_catchup']) retrieved from /opt/airflow/dags/dag_openaq_catchup.py
[2023-12-05T21:56:12.679+0000] {logging_mixin.py:154} INFO - [2023-12-05T21:56:12.679+0000] {dag.py:2941} INFO - Sync 1 DAGs
[2023-12-05T21:56:12.688+0000] {logging_mixin.py:154} INFO - [2023-12-05T21:56:12.688+0000] {dag.py:3722} INFO - Setting next_dagrun for dag_openaq_catchup to 2023-12-04T00:00:00+00:00, run_after=2023-12-05T00:00:00+00:00
[2023-12-05T21:56:12.695+0000] {processor.py:179} INFO - Processing /opt/airflow/dags/dag_openaq_catchup.py took 0.359 seconds
[2023-12-05T21:56:22.840+0000] {processor.py:157} INFO - Started process (PID=524) to work on /opt/airflow/dags/dag_openaq_catchup.py
[2023-12-05T21:56:22.846+0000] {processor.py:829} INFO - Processing file /opt/airflow/dags/dag_openaq_catchup.py for tasks to queue
[2023-12-05T21:56:22.848+0000] {logging_mixin.py:154} INFO - [2023-12-05T21:56:22.847+0000] {dagbag.py:536} INFO - Filling up the DagBag from /opt/airflow/dags/dag_openaq_catchup.py
[2023-12-05T21:56:23.178+0000] {processor.py:839} INFO - DAG(s) dict_keys(['dag_openaq_catchup']) retrieved from /opt/airflow/dags/dag_openaq_catchup.py
[2023-12-05T21:56:23.198+0000] {logging_mixin.py:154} INFO - [2023-12-05T21:56:23.198+0000] {dag.py:2941} INFO - Sync 1 DAGs
[2023-12-05T21:56:23.212+0000] {logging_mixin.py:154} INFO - [2023-12-05T21:56:23.212+0000] {dag.py:3722} INFO - Setting next_dagrun for dag_openaq_catchup to 2023-12-04T00:00:00+00:00, run_after=2023-12-05T00:00:00+00:00
[2023-12-05T21:56:23.220+0000] {processor.py:179} INFO - Processing /opt/airflow/dags/dag_openaq_catchup.py took 0.387 seconds
[2023-12-05T21:56:33.370+0000] {processor.py:157} INFO - Started process (PID=536) to work on /opt/airflow/dags/dag_openaq_catchup.py
[2023-12-05T21:56:33.371+0000] {processor.py:829} INFO - Processing file /opt/airflow/dags/dag_openaq_catchup.py for tasks to queue
[2023-12-05T21:56:33.372+0000] {logging_mixin.py:154} INFO - [2023-12-05T21:56:33.372+0000] {dagbag.py:536} INFO - Filling up the DagBag from /opt/airflow/dags/dag_openaq_catchup.py
[2023-12-05T21:56:33.586+0000] {processor.py:839} INFO - DAG(s) dict_keys(['dag_openaq_catchup']) retrieved from /opt/airflow/dags/dag_openaq_catchup.py
[2023-12-05T21:56:33.598+0000] {logging_mixin.py:154} INFO - [2023-12-05T21:56:33.598+0000] {dag.py:2941} INFO - Sync 1 DAGs
[2023-12-05T21:56:33.607+0000] {logging_mixin.py:154} INFO - [2023-12-05T21:56:33.607+0000] {dag.py:3722} INFO - Setting next_dagrun for dag_openaq_catchup to 2023-12-04T00:00:00+00:00, run_after=2023-12-05T00:00:00+00:00
[2023-12-05T21:56:33.613+0000] {processor.py:179} INFO - Processing /opt/airflow/dags/dag_openaq_catchup.py took 0.247 seconds
[2023-12-05T21:56:43.739+0000] {processor.py:157} INFO - Started process (PID=548) to work on /opt/airflow/dags/dag_openaq_catchup.py
[2023-12-05T21:56:43.741+0000] {processor.py:829} INFO - Processing file /opt/airflow/dags/dag_openaq_catchup.py for tasks to queue
[2023-12-05T21:56:43.743+0000] {logging_mixin.py:154} INFO - [2023-12-05T21:56:43.742+0000] {dagbag.py:536} INFO - Filling up the DagBag from /opt/airflow/dags/dag_openaq_catchup.py
[2023-12-05T21:56:43.956+0000] {processor.py:839} INFO - DAG(s) dict_keys(['dag_openaq_catchup']) retrieved from /opt/airflow/dags/dag_openaq_catchup.py
[2023-12-05T21:56:43.967+0000] {logging_mixin.py:154} INFO - [2023-12-05T21:56:43.967+0000] {dag.py:2941} INFO - Sync 1 DAGs
[2023-12-05T21:56:43.976+0000] {logging_mixin.py:154} INFO - [2023-12-05T21:56:43.976+0000] {dag.py:3722} INFO - Setting next_dagrun for dag_openaq_catchup to 2023-12-04T00:00:00+00:00, run_after=2023-12-05T00:00:00+00:00
[2023-12-05T21:56:43.983+0000] {processor.py:179} INFO - Processing /opt/airflow/dags/dag_openaq_catchup.py took 0.251 seconds
[2023-12-05T21:56:54.140+0000] {processor.py:157} INFO - Started process (PID=560) to work on /opt/airflow/dags/dag_openaq_catchup.py
[2023-12-05T21:56:54.142+0000] {processor.py:829} INFO - Processing file /opt/airflow/dags/dag_openaq_catchup.py for tasks to queue
[2023-12-05T21:56:54.143+0000] {logging_mixin.py:154} INFO - [2023-12-05T21:56:54.143+0000] {dagbag.py:536} INFO - Filling up the DagBag from /opt/airflow/dags/dag_openaq_catchup.py
[2023-12-05T21:56:54.480+0000] {processor.py:839} INFO - DAG(s) dict_keys(['dag_openaq_catchup']) retrieved from /opt/airflow/dags/dag_openaq_catchup.py
[2023-12-05T21:56:54.495+0000] {logging_mixin.py:154} INFO - [2023-12-05T21:56:54.494+0000] {dag.py:2941} INFO - Sync 1 DAGs
[2023-12-05T21:56:54.504+0000] {logging_mixin.py:154} INFO - [2023-12-05T21:56:54.504+0000] {dag.py:3722} INFO - Setting next_dagrun for dag_openaq_catchup to 2023-12-04T00:00:00+00:00, run_after=2023-12-05T00:00:00+00:00
[2023-12-05T21:56:54.511+0000] {processor.py:179} INFO - Processing /opt/airflow/dags/dag_openaq_catchup.py took 0.378 seconds
[2023-12-05T21:57:04.706+0000] {processor.py:157} INFO - Started process (PID=572) to work on /opt/airflow/dags/dag_openaq_catchup.py
[2023-12-05T21:57:04.708+0000] {processor.py:829} INFO - Processing file /opt/airflow/dags/dag_openaq_catchup.py for tasks to queue
[2023-12-05T21:57:04.709+0000] {logging_mixin.py:154} INFO - [2023-12-05T21:57:04.709+0000] {dagbag.py:536} INFO - Filling up the DagBag from /opt/airflow/dags/dag_openaq_catchup.py
[2023-12-05T21:57:05.096+0000] {processor.py:839} INFO - DAG(s) dict_keys(['dag_openaq_catchup']) retrieved from /opt/airflow/dags/dag_openaq_catchup.py
[2023-12-05T21:57:05.114+0000] {logging_mixin.py:154} INFO - [2023-12-05T21:57:05.114+0000] {dag.py:2941} INFO - Sync 1 DAGs
[2023-12-05T21:57:05.124+0000] {logging_mixin.py:154} INFO - [2023-12-05T21:57:05.124+0000] {dag.py:3722} INFO - Setting next_dagrun for dag_openaq_catchup to 2023-12-04T00:00:00+00:00, run_after=2023-12-05T00:00:00+00:00
[2023-12-05T21:57:05.132+0000] {processor.py:179} INFO - Processing /opt/airflow/dags/dag_openaq_catchup.py took 0.432 seconds
[2023-12-05T21:57:15.252+0000] {processor.py:157} INFO - Started process (PID=584) to work on /opt/airflow/dags/dag_openaq_catchup.py
[2023-12-05T21:57:15.254+0000] {processor.py:829} INFO - Processing file /opt/airflow/dags/dag_openaq_catchup.py for tasks to queue
[2023-12-05T21:57:15.255+0000] {logging_mixin.py:154} INFO - [2023-12-05T21:57:15.255+0000] {dagbag.py:536} INFO - Filling up the DagBag from /opt/airflow/dags/dag_openaq_catchup.py
[2023-12-05T21:57:15.467+0000] {processor.py:839} INFO - DAG(s) dict_keys(['dag_openaq_catchup']) retrieved from /opt/airflow/dags/dag_openaq_catchup.py
[2023-12-05T21:57:15.479+0000] {logging_mixin.py:154} INFO - [2023-12-05T21:57:15.478+0000] {dag.py:2941} INFO - Sync 1 DAGs
[2023-12-05T21:57:15.487+0000] {logging_mixin.py:154} INFO - [2023-12-05T21:57:15.487+0000] {dag.py:3722} INFO - Setting next_dagrun for dag_openaq_catchup to 2023-12-04T00:00:00+00:00, run_after=2023-12-05T00:00:00+00:00
[2023-12-05T21:57:15.495+0000] {processor.py:179} INFO - Processing /opt/airflow/dags/dag_openaq_catchup.py took 0.248 seconds
[2023-12-05T21:57:25.666+0000] {processor.py:157} INFO - Started process (PID=596) to work on /opt/airflow/dags/dag_openaq_catchup.py
[2023-12-05T21:57:25.667+0000] {processor.py:829} INFO - Processing file /opt/airflow/dags/dag_openaq_catchup.py for tasks to queue
[2023-12-05T21:57:25.669+0000] {logging_mixin.py:154} INFO - [2023-12-05T21:57:25.668+0000] {dagbag.py:536} INFO - Filling up the DagBag from /opt/airflow/dags/dag_openaq_catchup.py
[2023-12-05T21:57:26.049+0000] {processor.py:839} INFO - DAG(s) dict_keys(['dag_openaq_catchup']) retrieved from /opt/airflow/dags/dag_openaq_catchup.py
[2023-12-05T21:57:26.064+0000] {logging_mixin.py:154} INFO - [2023-12-05T21:57:26.064+0000] {dag.py:2941} INFO - Sync 1 DAGs
[2023-12-05T21:57:26.077+0000] {logging_mixin.py:154} INFO - [2023-12-05T21:57:26.077+0000] {dag.py:3722} INFO - Setting next_dagrun for dag_openaq_catchup to 2023-12-04T00:00:00+00:00, run_after=2023-12-05T00:00:00+00:00
[2023-12-05T21:57:26.084+0000] {processor.py:179} INFO - Processing /opt/airflow/dags/dag_openaq_catchup.py took 0.425 seconds
[2023-12-05T21:57:36.195+0000] {processor.py:157} INFO - Started process (PID=608) to work on /opt/airflow/dags/dag_openaq_catchup.py
[2023-12-05T21:57:36.196+0000] {processor.py:829} INFO - Processing file /opt/airflow/dags/dag_openaq_catchup.py for tasks to queue
[2023-12-05T21:57:36.198+0000] {logging_mixin.py:154} INFO - [2023-12-05T21:57:36.197+0000] {dagbag.py:536} INFO - Filling up the DagBag from /opt/airflow/dags/dag_openaq_catchup.py
[2023-12-05T21:57:36.532+0000] {processor.py:839} INFO - DAG(s) dict_keys(['dag_openaq_catchup']) retrieved from /opt/airflow/dags/dag_openaq_catchup.py
[2023-12-05T21:57:36.554+0000] {logging_mixin.py:154} INFO - [2023-12-05T21:57:36.554+0000] {dag.py:2941} INFO - Sync 1 DAGs
[2023-12-05T21:57:36.569+0000] {logging_mixin.py:154} INFO - [2023-12-05T21:57:36.569+0000] {dag.py:3722} INFO - Setting next_dagrun for dag_openaq_catchup to 2023-12-04T00:00:00+00:00, run_after=2023-12-05T00:00:00+00:00
[2023-12-05T21:57:36.580+0000] {processor.py:179} INFO - Processing /opt/airflow/dags/dag_openaq_catchup.py took 0.392 seconds
[2023-12-05T21:57:47.293+0000] {processor.py:157} INFO - Started process (PID=620) to work on /opt/airflow/dags/dag_openaq_catchup.py
[2023-12-05T21:57:47.295+0000] {processor.py:829} INFO - Processing file /opt/airflow/dags/dag_openaq_catchup.py for tasks to queue
[2023-12-05T21:57:47.296+0000] {logging_mixin.py:154} INFO - [2023-12-05T21:57:47.295+0000] {dagbag.py:536} INFO - Filling up the DagBag from /opt/airflow/dags/dag_openaq_catchup.py
[2023-12-05T21:57:47.510+0000] {processor.py:839} INFO - DAG(s) dict_keys(['dag_openaq_catchup']) retrieved from /opt/airflow/dags/dag_openaq_catchup.py
[2023-12-05T21:57:47.523+0000] {logging_mixin.py:154} INFO - [2023-12-05T21:57:47.523+0000] {dag.py:2941} INFO - Sync 1 DAGs
[2023-12-05T21:57:47.532+0000] {logging_mixin.py:154} INFO - [2023-12-05T21:57:47.532+0000] {dag.py:3722} INFO - Setting next_dagrun for dag_openaq_catchup to 2023-12-04T00:00:00+00:00, run_after=2023-12-05T00:00:00+00:00
[2023-12-05T21:57:47.538+0000] {processor.py:179} INFO - Processing /opt/airflow/dags/dag_openaq_catchup.py took 0.248 seconds
[2023-12-05T21:57:57.695+0000] {processor.py:157} INFO - Started process (PID=632) to work on /opt/airflow/dags/dag_openaq_catchup.py
[2023-12-05T21:57:57.697+0000] {processor.py:829} INFO - Processing file /opt/airflow/dags/dag_openaq_catchup.py for tasks to queue
[2023-12-05T21:57:57.698+0000] {logging_mixin.py:154} INFO - [2023-12-05T21:57:57.697+0000] {dagbag.py:536} INFO - Filling up the DagBag from /opt/airflow/dags/dag_openaq_catchup.py
[2023-12-05T21:57:57.920+0000] {processor.py:839} INFO - DAG(s) dict_keys(['dag_openaq_catchup']) retrieved from /opt/airflow/dags/dag_openaq_catchup.py
[2023-12-05T21:57:57.932+0000] {logging_mixin.py:154} INFO - [2023-12-05T21:57:57.932+0000] {dag.py:2941} INFO - Sync 1 DAGs
[2023-12-05T21:57:57.941+0000] {logging_mixin.py:154} INFO - [2023-12-05T21:57:57.941+0000] {dag.py:3722} INFO - Setting next_dagrun for dag_openaq_catchup to 2023-12-04T00:00:00+00:00, run_after=2023-12-05T00:00:00+00:00
[2023-12-05T21:57:57.948+0000] {processor.py:179} INFO - Processing /opt/airflow/dags/dag_openaq_catchup.py took 0.257 seconds
[2023-12-05T21:58:08.126+0000] {processor.py:157} INFO - Started process (PID=644) to work on /opt/airflow/dags/dag_openaq_catchup.py
[2023-12-05T21:58:08.128+0000] {processor.py:829} INFO - Processing file /opt/airflow/dags/dag_openaq_catchup.py for tasks to queue
[2023-12-05T21:58:08.129+0000] {logging_mixin.py:154} INFO - [2023-12-05T21:58:08.129+0000] {dagbag.py:536} INFO - Filling up the DagBag from /opt/airflow/dags/dag_openaq_catchup.py
[2023-12-05T21:58:08.442+0000] {processor.py:839} INFO - DAG(s) dict_keys(['dag_openaq_catchup']) retrieved from /opt/airflow/dags/dag_openaq_catchup.py
[2023-12-05T21:58:08.458+0000] {logging_mixin.py:154} INFO - [2023-12-05T21:58:08.457+0000] {dag.py:2941} INFO - Sync 1 DAGs
[2023-12-05T21:58:08.467+0000] {logging_mixin.py:154} INFO - [2023-12-05T21:58:08.467+0000] {dag.py:3722} INFO - Setting next_dagrun for dag_openaq_catchup to 2023-12-04T00:00:00+00:00, run_after=2023-12-05T00:00:00+00:00
[2023-12-05T21:58:08.475+0000] {processor.py:179} INFO - Processing /opt/airflow/dags/dag_openaq_catchup.py took 0.356 seconds
[2023-12-05T21:58:18.594+0000] {processor.py:157} INFO - Started process (PID=656) to work on /opt/airflow/dags/dag_openaq_catchup.py
[2023-12-05T21:58:18.595+0000] {processor.py:829} INFO - Processing file /opt/airflow/dags/dag_openaq_catchup.py for tasks to queue
[2023-12-05T21:58:18.596+0000] {logging_mixin.py:154} INFO - [2023-12-05T21:58:18.596+0000] {dagbag.py:536} INFO - Filling up the DagBag from /opt/airflow/dags/dag_openaq_catchup.py
[2023-12-05T21:58:18.885+0000] {processor.py:839} INFO - DAG(s) dict_keys(['dag_openaq_catchup']) retrieved from /opt/airflow/dags/dag_openaq_catchup.py
[2023-12-05T21:58:18.900+0000] {logging_mixin.py:154} INFO - [2023-12-05T21:58:18.900+0000] {dag.py:2941} INFO - Sync 1 DAGs
[2023-12-05T21:58:18.909+0000] {logging_mixin.py:154} INFO - [2023-12-05T21:58:18.909+0000] {dag.py:3722} INFO - Setting next_dagrun for dag_openaq_catchup to 2023-12-04T00:00:00+00:00, run_after=2023-12-05T00:00:00+00:00
[2023-12-05T21:58:18.917+0000] {processor.py:179} INFO - Processing /opt/airflow/dags/dag_openaq_catchup.py took 0.328 seconds
[2023-12-05T21:58:29.065+0000] {processor.py:157} INFO - Started process (PID=668) to work on /opt/airflow/dags/dag_openaq_catchup.py
[2023-12-05T21:58:29.067+0000] {processor.py:829} INFO - Processing file /opt/airflow/dags/dag_openaq_catchup.py for tasks to queue
[2023-12-05T21:58:29.068+0000] {logging_mixin.py:154} INFO - [2023-12-05T21:58:29.067+0000] {dagbag.py:536} INFO - Filling up the DagBag from /opt/airflow/dags/dag_openaq_catchup.py
[2023-12-05T21:58:29.332+0000] {processor.py:839} INFO - DAG(s) dict_keys(['dag_openaq_catchup']) retrieved from /opt/airflow/dags/dag_openaq_catchup.py
[2023-12-05T21:58:29.346+0000] {logging_mixin.py:154} INFO - [2023-12-05T21:58:29.346+0000] {dag.py:2941} INFO - Sync 1 DAGs
[2023-12-05T21:58:29.354+0000] {logging_mixin.py:154} INFO - [2023-12-05T21:58:29.354+0000] {dag.py:3722} INFO - Setting next_dagrun for dag_openaq_catchup to 2023-12-04T00:00:00+00:00, run_after=2023-12-05T00:00:00+00:00
[2023-12-05T21:58:29.361+0000] {processor.py:179} INFO - Processing /opt/airflow/dags/dag_openaq_catchup.py took 0.301 seconds
[2023-12-05T21:58:39.528+0000] {processor.py:157} INFO - Started process (PID=680) to work on /opt/airflow/dags/dag_openaq_catchup.py
[2023-12-05T21:58:39.530+0000] {processor.py:829} INFO - Processing file /opt/airflow/dags/dag_openaq_catchup.py for tasks to queue
[2023-12-05T21:58:39.532+0000] {logging_mixin.py:154} INFO - [2023-12-05T21:58:39.531+0000] {dagbag.py:536} INFO - Filling up the DagBag from /opt/airflow/dags/dag_openaq_catchup.py
[2023-12-05T21:58:39.782+0000] {processor.py:839} INFO - DAG(s) dict_keys(['dag_openaq_catchup']) retrieved from /opt/airflow/dags/dag_openaq_catchup.py
[2023-12-05T21:58:39.795+0000] {logging_mixin.py:154} INFO - [2023-12-05T21:58:39.795+0000] {dag.py:2941} INFO - Sync 1 DAGs
[2023-12-05T21:58:39.803+0000] {logging_mixin.py:154} INFO - [2023-12-05T21:58:39.803+0000] {dag.py:3722} INFO - Setting next_dagrun for dag_openaq_catchup to 2023-12-04T00:00:00+00:00, run_after=2023-12-05T00:00:00+00:00
[2023-12-05T21:58:39.810+0000] {processor.py:179} INFO - Processing /opt/airflow/dags/dag_openaq_catchup.py took 0.287 seconds
[2023-12-05T21:58:49.937+0000] {processor.py:157} INFO - Started process (PID=692) to work on /opt/airflow/dags/dag_openaq_catchup.py
[2023-12-05T21:58:49.940+0000] {processor.py:829} INFO - Processing file /opt/airflow/dags/dag_openaq_catchup.py for tasks to queue
[2023-12-05T21:58:49.942+0000] {logging_mixin.py:154} INFO - [2023-12-05T21:58:49.941+0000] {dagbag.py:536} INFO - Filling up the DagBag from /opt/airflow/dags/dag_openaq_catchup.py
[2023-12-05T21:58:50.379+0000] {processor.py:839} INFO - DAG(s) dict_keys(['dag_openaq_catchup']) retrieved from /opt/airflow/dags/dag_openaq_catchup.py
[2023-12-05T21:58:50.400+0000] {logging_mixin.py:154} INFO - [2023-12-05T21:58:50.399+0000] {dag.py:2941} INFO - Sync 1 DAGs
[2023-12-05T21:58:50.413+0000] {logging_mixin.py:154} INFO - [2023-12-05T21:58:50.413+0000] {dag.py:3722} INFO - Setting next_dagrun for dag_openaq_catchup to 2023-12-04T00:00:00+00:00, run_after=2023-12-05T00:00:00+00:00
[2023-12-05T21:58:50.422+0000] {processor.py:179} INFO - Processing /opt/airflow/dags/dag_openaq_catchup.py took 0.492 seconds
[2023-12-05T21:59:00.617+0000] {processor.py:157} INFO - Started process (PID=704) to work on /opt/airflow/dags/dag_openaq_catchup.py
[2023-12-05T21:59:00.619+0000] {processor.py:829} INFO - Processing file /opt/airflow/dags/dag_openaq_catchup.py for tasks to queue
[2023-12-05T21:59:00.620+0000] {logging_mixin.py:154} INFO - [2023-12-05T21:59:00.619+0000] {dagbag.py:536} INFO - Filling up the DagBag from /opt/airflow/dags/dag_openaq_catchup.py
[2023-12-05T21:59:00.958+0000] {processor.py:839} INFO - DAG(s) dict_keys(['dag_openaq_catchup']) retrieved from /opt/airflow/dags/dag_openaq_catchup.py
[2023-12-05T21:59:00.977+0000] {logging_mixin.py:154} INFO - [2023-12-05T21:59:00.977+0000] {dag.py:2941} INFO - Sync 1 DAGs
[2023-12-05T21:59:00.987+0000] {logging_mixin.py:154} INFO - [2023-12-05T21:59:00.987+0000] {dag.py:3722} INFO - Setting next_dagrun for dag_openaq_catchup to 2023-12-04T00:00:00+00:00, run_after=2023-12-05T00:00:00+00:00
[2023-12-05T21:59:00.993+0000] {processor.py:179} INFO - Processing /opt/airflow/dags/dag_openaq_catchup.py took 0.383 seconds
[2023-12-05T21:59:11.050+0000] {processor.py:157} INFO - Started process (PID=716) to work on /opt/airflow/dags/dag_openaq_catchup.py
[2023-12-05T21:59:11.051+0000] {processor.py:829} INFO - Processing file /opt/airflow/dags/dag_openaq_catchup.py for tasks to queue
[2023-12-05T21:59:11.052+0000] {logging_mixin.py:154} INFO - [2023-12-05T21:59:11.052+0000] {dagbag.py:536} INFO - Filling up the DagBag from /opt/airflow/dags/dag_openaq_catchup.py
[2023-12-05T21:59:11.377+0000] {processor.py:839} INFO - DAG(s) dict_keys(['dag_openaq_catchup']) retrieved from /opt/airflow/dags/dag_openaq_catchup.py
[2023-12-05T21:59:11.392+0000] {logging_mixin.py:154} INFO - [2023-12-05T21:59:11.391+0000] {dag.py:2941} INFO - Sync 1 DAGs
[2023-12-05T21:59:11.401+0000] {logging_mixin.py:154} INFO - [2023-12-05T21:59:11.401+0000] {dag.py:3722} INFO - Setting next_dagrun for dag_openaq_catchup to 2023-12-04T00:00:00+00:00, run_after=2023-12-05T00:00:00+00:00
[2023-12-05T21:59:11.408+0000] {processor.py:179} INFO - Processing /opt/airflow/dags/dag_openaq_catchup.py took 0.362 seconds
[2023-12-05T21:59:22.163+0000] {processor.py:157} INFO - Started process (PID=728) to work on /opt/airflow/dags/dag_openaq_catchup.py
[2023-12-05T21:59:22.164+0000] {processor.py:829} INFO - Processing file /opt/airflow/dags/dag_openaq_catchup.py for tasks to queue
[2023-12-05T21:59:22.165+0000] {logging_mixin.py:154} INFO - [2023-12-05T21:59:22.165+0000] {dagbag.py:536} INFO - Filling up the DagBag from /opt/airflow/dags/dag_openaq_catchup.py
[2023-12-05T21:59:22.369+0000] {processor.py:839} INFO - DAG(s) dict_keys(['dag_openaq_catchup']) retrieved from /opt/airflow/dags/dag_openaq_catchup.py
[2023-12-05T21:59:22.380+0000] {logging_mixin.py:154} INFO - [2023-12-05T21:59:22.380+0000] {dag.py:2941} INFO - Sync 1 DAGs
[2023-12-05T21:59:22.388+0000] {logging_mixin.py:154} INFO - [2023-12-05T21:59:22.388+0000] {dag.py:3722} INFO - Setting next_dagrun for dag_openaq_catchup to 2023-12-04T00:00:00+00:00, run_after=2023-12-05T00:00:00+00:00
[2023-12-05T21:59:22.394+0000] {processor.py:179} INFO - Processing /opt/airflow/dags/dag_openaq_catchup.py took 0.235 seconds
[2023-12-05T21:59:32.554+0000] {processor.py:157} INFO - Started process (PID=740) to work on /opt/airflow/dags/dag_openaq_catchup.py
[2023-12-05T21:59:32.555+0000] {processor.py:829} INFO - Processing file /opt/airflow/dags/dag_openaq_catchup.py for tasks to queue
[2023-12-05T21:59:32.556+0000] {logging_mixin.py:154} INFO - [2023-12-05T21:59:32.556+0000] {dagbag.py:536} INFO - Filling up the DagBag from /opt/airflow/dags/dag_openaq_catchup.py
[2023-12-05T21:59:32.799+0000] {processor.py:839} INFO - DAG(s) dict_keys(['dag_openaq_catchup']) retrieved from /opt/airflow/dags/dag_openaq_catchup.py
[2023-12-05T21:59:32.812+0000] {logging_mixin.py:154} INFO - [2023-12-05T21:59:32.812+0000] {dag.py:2941} INFO - Sync 1 DAGs
[2023-12-05T21:59:32.822+0000] {logging_mixin.py:154} INFO - [2023-12-05T21:59:32.821+0000] {dag.py:3722} INFO - Setting next_dagrun for dag_openaq_catchup to 2023-12-04T00:00:00+00:00, run_after=2023-12-05T00:00:00+00:00
[2023-12-05T21:59:32.828+0000] {processor.py:179} INFO - Processing /opt/airflow/dags/dag_openaq_catchup.py took 0.280 seconds
[2023-12-05T21:59:42.984+0000] {processor.py:157} INFO - Started process (PID=752) to work on /opt/airflow/dags/dag_openaq_catchup.py
[2023-12-05T21:59:42.986+0000] {processor.py:829} INFO - Processing file /opt/airflow/dags/dag_openaq_catchup.py for tasks to queue
[2023-12-05T21:59:42.988+0000] {logging_mixin.py:154} INFO - [2023-12-05T21:59:42.987+0000] {dagbag.py:536} INFO - Filling up the DagBag from /opt/airflow/dags/dag_openaq_catchup.py
[2023-12-05T21:59:43.252+0000] {processor.py:839} INFO - DAG(s) dict_keys(['dag_openaq_catchup']) retrieved from /opt/airflow/dags/dag_openaq_catchup.py
[2023-12-05T21:59:43.264+0000] {logging_mixin.py:154} INFO - [2023-12-05T21:59:43.264+0000] {dag.py:2941} INFO - Sync 1 DAGs
[2023-12-05T21:59:43.273+0000] {logging_mixin.py:154} INFO - [2023-12-05T21:59:43.273+0000] {dag.py:3722} INFO - Setting next_dagrun for dag_openaq_catchup to 2023-12-04T00:00:00+00:00, run_after=2023-12-05T00:00:00+00:00
[2023-12-05T21:59:43.280+0000] {processor.py:179} INFO - Processing /opt/airflow/dags/dag_openaq_catchup.py took 0.305 seconds
[2023-12-05T21:59:53.442+0000] {processor.py:157} INFO - Started process (PID=764) to work on /opt/airflow/dags/dag_openaq_catchup.py
[2023-12-05T21:59:53.444+0000] {processor.py:829} INFO - Processing file /opt/airflow/dags/dag_openaq_catchup.py for tasks to queue
[2023-12-05T21:59:53.445+0000] {logging_mixin.py:154} INFO - [2023-12-05T21:59:53.445+0000] {dagbag.py:536} INFO - Filling up the DagBag from /opt/airflow/dags/dag_openaq_catchup.py
[2023-12-05T21:59:53.734+0000] {processor.py:839} INFO - DAG(s) dict_keys(['dag_openaq_catchup']) retrieved from /opt/airflow/dags/dag_openaq_catchup.py
[2023-12-05T21:59:53.746+0000] {logging_mixin.py:154} INFO - [2023-12-05T21:59:53.746+0000] {dag.py:2941} INFO - Sync 1 DAGs
[2023-12-05T21:59:53.755+0000] {logging_mixin.py:154} INFO - [2023-12-05T21:59:53.755+0000] {dag.py:3722} INFO - Setting next_dagrun for dag_openaq_catchup to 2023-12-04T00:00:00+00:00, run_after=2023-12-05T00:00:00+00:00
[2023-12-05T21:59:53.762+0000] {processor.py:179} INFO - Processing /opt/airflow/dags/dag_openaq_catchup.py took 0.327 seconds
[2023-12-05T22:00:03.870+0000] {processor.py:157} INFO - Started process (PID=788) to work on /opt/airflow/dags/dag_openaq_catchup.py
[2023-12-05T22:00:03.871+0000] {processor.py:829} INFO - Processing file /opt/airflow/dags/dag_openaq_catchup.py for tasks to queue
[2023-12-05T22:00:03.872+0000] {logging_mixin.py:154} INFO - [2023-12-05T22:00:03.871+0000] {dagbag.py:536} INFO - Filling up the DagBag from /opt/airflow/dags/dag_openaq_catchup.py
[2023-12-05T22:00:04.179+0000] {processor.py:839} INFO - DAG(s) dict_keys(['dag_openaq_catchup']) retrieved from /opt/airflow/dags/dag_openaq_catchup.py
[2023-12-05T22:00:04.191+0000] {logging_mixin.py:154} INFO - [2023-12-05T22:00:04.191+0000] {dag.py:2941} INFO - Sync 1 DAGs
[2023-12-05T22:00:04.203+0000] {logging_mixin.py:154} INFO - [2023-12-05T22:00:04.203+0000] {dag.py:3722} INFO - Setting next_dagrun for dag_openaq_catchup to 2023-12-04T00:00:00+00:00, run_after=2023-12-05T00:00:00+00:00
[2023-12-05T22:00:04.210+0000] {processor.py:179} INFO - Processing /opt/airflow/dags/dag_openaq_catchup.py took 0.343 seconds
[2023-12-05T22:00:14.362+0000] {processor.py:157} INFO - Started process (PID=803) to work on /opt/airflow/dags/dag_openaq_catchup.py
[2023-12-05T22:00:14.364+0000] {processor.py:829} INFO - Processing file /opt/airflow/dags/dag_openaq_catchup.py for tasks to queue
[2023-12-05T22:00:14.366+0000] {logging_mixin.py:154} INFO - [2023-12-05T22:00:14.365+0000] {dagbag.py:536} INFO - Filling up the DagBag from /opt/airflow/dags/dag_openaq_catchup.py
[2023-12-05T22:00:14.668+0000] {processor.py:839} INFO - DAG(s) dict_keys(['dag_openaq_catchup']) retrieved from /opt/airflow/dags/dag_openaq_catchup.py
[2023-12-05T22:00:14.684+0000] {logging_mixin.py:154} INFO - [2023-12-05T22:00:14.683+0000] {dag.py:2941} INFO - Sync 1 DAGs
[2023-12-05T22:00:14.693+0000] {logging_mixin.py:154} INFO - [2023-12-05T22:00:14.693+0000] {dag.py:3722} INFO - Setting next_dagrun for dag_openaq_catchup to 2023-12-04T00:00:00+00:00, run_after=2023-12-05T00:00:00+00:00
[2023-12-05T22:00:14.699+0000] {processor.py:179} INFO - Processing /opt/airflow/dags/dag_openaq_catchup.py took 0.344 seconds
[2023-12-05T22:00:24.779+0000] {processor.py:157} INFO - Started process (PID=815) to work on /opt/airflow/dags/dag_openaq_catchup.py
[2023-12-05T22:00:24.781+0000] {processor.py:829} INFO - Processing file /opt/airflow/dags/dag_openaq_catchup.py for tasks to queue
[2023-12-05T22:00:24.782+0000] {logging_mixin.py:154} INFO - [2023-12-05T22:00:24.782+0000] {dagbag.py:536} INFO - Filling up the DagBag from /opt/airflow/dags/dag_openaq_catchup.py
[2023-12-05T22:00:25.032+0000] {processor.py:839} INFO - DAG(s) dict_keys(['dag_openaq_catchup']) retrieved from /opt/airflow/dags/dag_openaq_catchup.py
[2023-12-05T22:00:25.045+0000] {logging_mixin.py:154} INFO - [2023-12-05T22:00:25.045+0000] {dag.py:2941} INFO - Sync 1 DAGs
[2023-12-05T22:00:25.053+0000] {logging_mixin.py:154} INFO - [2023-12-05T22:00:25.053+0000] {dag.py:3722} INFO - Setting next_dagrun for dag_openaq_catchup to 2023-12-04T00:00:00+00:00, run_after=2023-12-05T00:00:00+00:00
[2023-12-05T22:00:25.060+0000] {processor.py:179} INFO - Processing /opt/airflow/dags/dag_openaq_catchup.py took 0.287 seconds
[2023-12-05T22:00:35.199+0000] {processor.py:157} INFO - Started process (PID=827) to work on /opt/airflow/dags/dag_openaq_catchup.py
[2023-12-05T22:00:35.200+0000] {processor.py:829} INFO - Processing file /opt/airflow/dags/dag_openaq_catchup.py for tasks to queue
[2023-12-05T22:00:35.202+0000] {logging_mixin.py:154} INFO - [2023-12-05T22:00:35.201+0000] {dagbag.py:536} INFO - Filling up the DagBag from /opt/airflow/dags/dag_openaq_catchup.py
[2023-12-05T22:00:35.430+0000] {processor.py:839} INFO - DAG(s) dict_keys(['dag_openaq_catchup']) retrieved from /opt/airflow/dags/dag_openaq_catchup.py
[2023-12-05T22:00:35.444+0000] {logging_mixin.py:154} INFO - [2023-12-05T22:00:35.444+0000] {dag.py:2941} INFO - Sync 1 DAGs
[2023-12-05T22:00:35.453+0000] {logging_mixin.py:154} INFO - [2023-12-05T22:00:35.453+0000] {dag.py:3722} INFO - Setting next_dagrun for dag_openaq_catchup to 2023-12-04T00:00:00+00:00, run_after=2023-12-05T00:00:00+00:00
[2023-12-05T22:00:35.460+0000] {processor.py:179} INFO - Processing /opt/airflow/dags/dag_openaq_catchup.py took 0.266 seconds
[2023-12-05T22:00:45.602+0000] {processor.py:157} INFO - Started process (PID=839) to work on /opt/airflow/dags/dag_openaq_catchup.py
[2023-12-05T22:00:45.604+0000] {processor.py:829} INFO - Processing file /opt/airflow/dags/dag_openaq_catchup.py for tasks to queue
[2023-12-05T22:00:45.605+0000] {logging_mixin.py:154} INFO - [2023-12-05T22:00:45.605+0000] {dagbag.py:536} INFO - Filling up the DagBag from /opt/airflow/dags/dag_openaq_catchup.py
[2023-12-05T22:00:45.848+0000] {processor.py:839} INFO - DAG(s) dict_keys(['dag_openaq_catchup']) retrieved from /opt/airflow/dags/dag_openaq_catchup.py
[2023-12-05T22:00:45.860+0000] {logging_mixin.py:154} INFO - [2023-12-05T22:00:45.860+0000] {dag.py:2941} INFO - Sync 1 DAGs
[2023-12-05T22:00:45.869+0000] {logging_mixin.py:154} INFO - [2023-12-05T22:00:45.869+0000] {dag.py:3722} INFO - Setting next_dagrun for dag_openaq_catchup to 2023-12-04T00:00:00+00:00, run_after=2023-12-05T00:00:00+00:00
[2023-12-05T22:00:45.876+0000] {processor.py:179} INFO - Processing /opt/airflow/dags/dag_openaq_catchup.py took 0.279 seconds
[2023-12-05T22:00:56.036+0000] {processor.py:157} INFO - Started process (PID=851) to work on /opt/airflow/dags/dag_openaq_catchup.py
[2023-12-05T22:00:56.037+0000] {processor.py:829} INFO - Processing file /opt/airflow/dags/dag_openaq_catchup.py for tasks to queue
[2023-12-05T22:00:56.038+0000] {logging_mixin.py:154} INFO - [2023-12-05T22:00:56.038+0000] {dagbag.py:536} INFO - Filling up the DagBag from /opt/airflow/dags/dag_openaq_catchup.py
[2023-12-05T22:00:56.273+0000] {processor.py:839} INFO - DAG(s) dict_keys(['dag_openaq_catchup']) retrieved from /opt/airflow/dags/dag_openaq_catchup.py
[2023-12-05T22:00:56.287+0000] {logging_mixin.py:154} INFO - [2023-12-05T22:00:56.287+0000] {dag.py:2941} INFO - Sync 1 DAGs
[2023-12-05T22:00:56.296+0000] {logging_mixin.py:154} INFO - [2023-12-05T22:00:56.296+0000] {dag.py:3722} INFO - Setting next_dagrun for dag_openaq_catchup to 2023-12-04T00:00:00+00:00, run_after=2023-12-05T00:00:00+00:00
[2023-12-05T22:00:56.303+0000] {processor.py:179} INFO - Processing /opt/airflow/dags/dag_openaq_catchup.py took 0.272 seconds
[2023-12-05T22:01:06.442+0000] {processor.py:157} INFO - Started process (PID=863) to work on /opt/airflow/dags/dag_openaq_catchup.py
[2023-12-05T22:01:06.444+0000] {processor.py:829} INFO - Processing file /opt/airflow/dags/dag_openaq_catchup.py for tasks to queue
[2023-12-05T22:01:06.445+0000] {logging_mixin.py:154} INFO - [2023-12-05T22:01:06.444+0000] {dagbag.py:536} INFO - Filling up the DagBag from /opt/airflow/dags/dag_openaq_catchup.py
[2023-12-05T22:01:06.706+0000] {processor.py:839} INFO - DAG(s) dict_keys(['dag_openaq_catchup']) retrieved from /opt/airflow/dags/dag_openaq_catchup.py
[2023-12-05T22:01:06.718+0000] {logging_mixin.py:154} INFO - [2023-12-05T22:01:06.718+0000] {dag.py:2941} INFO - Sync 1 DAGs
[2023-12-05T22:01:06.727+0000] {logging_mixin.py:154} INFO - [2023-12-05T22:01:06.727+0000] {dag.py:3722} INFO - Setting next_dagrun for dag_openaq_catchup to 2023-12-04T00:00:00+00:00, run_after=2023-12-05T00:00:00+00:00
[2023-12-05T22:01:06.734+0000] {processor.py:179} INFO - Processing /opt/airflow/dags/dag_openaq_catchup.py took 0.298 seconds
[2023-12-05T22:01:16.852+0000] {processor.py:157} INFO - Started process (PID=881) to work on /opt/airflow/dags/dag_openaq_catchup.py
[2023-12-05T22:01:16.856+0000] {processor.py:829} INFO - Processing file /opt/airflow/dags/dag_openaq_catchup.py for tasks to queue
[2023-12-05T22:01:16.857+0000] {logging_mixin.py:154} INFO - [2023-12-05T22:01:16.857+0000] {dagbag.py:536} INFO - Filling up the DagBag from /opt/airflow/dags/dag_openaq_catchup.py
[2023-12-05T22:01:17.172+0000] {processor.py:839} INFO - DAG(s) dict_keys(['dag_openaq_catchup']) retrieved from /opt/airflow/dags/dag_openaq_catchup.py
[2023-12-05T22:01:17.187+0000] {logging_mixin.py:154} INFO - [2023-12-05T22:01:17.186+0000] {dag.py:2941} INFO - Sync 1 DAGs
[2023-12-05T22:01:17.195+0000] {logging_mixin.py:154} INFO - [2023-12-05T22:01:17.195+0000] {dag.py:3722} INFO - Setting next_dagrun for dag_openaq_catchup to 2023-12-04T00:00:00+00:00, run_after=2023-12-05T00:00:00+00:00
[2023-12-05T22:01:17.202+0000] {processor.py:179} INFO - Processing /opt/airflow/dags/dag_openaq_catchup.py took 0.357 seconds
[2023-12-05T22:01:27.300+0000] {processor.py:157} INFO - Started process (PID=893) to work on /opt/airflow/dags/dag_openaq_catchup.py
[2023-12-05T22:01:27.301+0000] {processor.py:829} INFO - Processing file /opt/airflow/dags/dag_openaq_catchup.py for tasks to queue
[2023-12-05T22:01:27.303+0000] {logging_mixin.py:154} INFO - [2023-12-05T22:01:27.302+0000] {dagbag.py:536} INFO - Filling up the DagBag from /opt/airflow/dags/dag_openaq_catchup.py
[2023-12-05T22:01:27.618+0000] {processor.py:839} INFO - DAG(s) dict_keys(['dag_openaq_catchup']) retrieved from /opt/airflow/dags/dag_openaq_catchup.py
[2023-12-05T22:01:27.633+0000] {logging_mixin.py:154} INFO - [2023-12-05T22:01:27.632+0000] {dag.py:2941} INFO - Sync 1 DAGs
[2023-12-05T22:01:27.643+0000] {logging_mixin.py:154} INFO - [2023-12-05T22:01:27.643+0000] {dag.py:3722} INFO - Setting next_dagrun for dag_openaq_catchup to 2023-12-04T00:00:00+00:00, run_after=2023-12-05T00:00:00+00:00
[2023-12-05T22:01:27.655+0000] {processor.py:179} INFO - Processing /opt/airflow/dags/dag_openaq_catchup.py took 0.364 seconds
[2023-12-05T22:01:38.487+0000] {processor.py:157} INFO - Started process (PID=908) to work on /opt/airflow/dags/dag_openaq_catchup.py
[2023-12-05T22:01:38.488+0000] {processor.py:829} INFO - Processing file /opt/airflow/dags/dag_openaq_catchup.py for tasks to queue
[2023-12-05T22:01:38.490+0000] {logging_mixin.py:154} INFO - [2023-12-05T22:01:38.489+0000] {dagbag.py:536} INFO - Filling up the DagBag from /opt/airflow/dags/dag_openaq_catchup.py
[2023-12-05T22:01:38.828+0000] {processor.py:839} INFO - DAG(s) dict_keys(['dag_openaq_catchup']) retrieved from /opt/airflow/dags/dag_openaq_catchup.py
[2023-12-05T22:01:38.843+0000] {logging_mixin.py:154} INFO - [2023-12-05T22:01:38.843+0000] {dag.py:2941} INFO - Sync 1 DAGs
[2023-12-05T22:01:38.853+0000] {logging_mixin.py:154} INFO - [2023-12-05T22:01:38.853+0000] {dag.py:3722} INFO - Setting next_dagrun for dag_openaq_catchup to 2023-12-04T00:00:00+00:00, run_after=2023-12-05T00:00:00+00:00
[2023-12-05T22:01:38.859+0000] {processor.py:179} INFO - Processing /opt/airflow/dags/dag_openaq_catchup.py took 0.380 seconds
[2023-12-05T22:01:49.061+0000] {processor.py:157} INFO - Started process (PID=920) to work on /opt/airflow/dags/dag_openaq_catchup.py
[2023-12-05T22:01:49.066+0000] {processor.py:829} INFO - Processing file /opt/airflow/dags/dag_openaq_catchup.py for tasks to queue
[2023-12-05T22:01:49.067+0000] {logging_mixin.py:154} INFO - [2023-12-05T22:01:49.067+0000] {dagbag.py:536} INFO - Filling up the DagBag from /opt/airflow/dags/dag_openaq_catchup.py
[2023-12-05T22:01:49.397+0000] {processor.py:839} INFO - DAG(s) dict_keys(['dag_openaq_catchup']) retrieved from /opt/airflow/dags/dag_openaq_catchup.py
[2023-12-05T22:01:49.413+0000] {logging_mixin.py:154} INFO - [2023-12-05T22:01:49.412+0000] {dag.py:2941} INFO - Sync 1 DAGs
[2023-12-05T22:01:49.422+0000] {logging_mixin.py:154} INFO - [2023-12-05T22:01:49.422+0000] {dag.py:3722} INFO - Setting next_dagrun for dag_openaq_catchup to 2023-12-04T00:00:00+00:00, run_after=2023-12-05T00:00:00+00:00
[2023-12-05T22:01:49.430+0000] {processor.py:179} INFO - Processing /opt/airflow/dags/dag_openaq_catchup.py took 0.375 seconds
[2023-12-05T22:01:59.500+0000] {processor.py:157} INFO - Started process (PID=932) to work on /opt/airflow/dags/dag_openaq_catchup.py
[2023-12-05T22:01:59.509+0000] {processor.py:829} INFO - Processing file /opt/airflow/dags/dag_openaq_catchup.py for tasks to queue
[2023-12-05T22:01:59.520+0000] {logging_mixin.py:154} INFO - [2023-12-05T22:01:59.514+0000] {dagbag.py:536} INFO - Filling up the DagBag from /opt/airflow/dags/dag_openaq_catchup.py
[2023-12-05T22:01:59.862+0000] {processor.py:839} INFO - DAG(s) dict_keys(['dag_openaq_catchup']) retrieved from /opt/airflow/dags/dag_openaq_catchup.py
[2023-12-05T22:01:59.876+0000] {logging_mixin.py:154} INFO - [2023-12-05T22:01:59.876+0000] {dag.py:2941} INFO - Sync 1 DAGs
[2023-12-05T22:01:59.886+0000] {logging_mixin.py:154} INFO - [2023-12-05T22:01:59.885+0000] {dag.py:3722} INFO - Setting next_dagrun for dag_openaq_catchup to 2023-12-04T00:00:00+00:00, run_after=2023-12-05T00:00:00+00:00
[2023-12-05T22:01:59.893+0000] {processor.py:179} INFO - Processing /opt/airflow/dags/dag_openaq_catchup.py took 0.401 seconds
[2023-12-05T22:02:09.975+0000] {processor.py:157} INFO - Started process (PID=944) to work on /opt/airflow/dags/dag_openaq_catchup.py
[2023-12-05T22:02:09.977+0000] {processor.py:829} INFO - Processing file /opt/airflow/dags/dag_openaq_catchup.py for tasks to queue
[2023-12-05T22:02:09.978+0000] {logging_mixin.py:154} INFO - [2023-12-05T22:02:09.978+0000] {dagbag.py:536} INFO - Filling up the DagBag from /opt/airflow/dags/dag_openaq_catchup.py
[2023-12-05T22:02:10.309+0000] {processor.py:839} INFO - DAG(s) dict_keys(['dag_openaq_catchup']) retrieved from /opt/airflow/dags/dag_openaq_catchup.py
[2023-12-05T22:02:10.326+0000] {logging_mixin.py:154} INFO - [2023-12-05T22:02:10.326+0000] {dag.py:2941} INFO - Sync 1 DAGs
[2023-12-05T22:02:10.336+0000] {logging_mixin.py:154} INFO - [2023-12-05T22:02:10.336+0000] {dag.py:3722} INFO - Setting next_dagrun for dag_openaq_catchup to 2023-12-04T00:00:00+00:00, run_after=2023-12-05T00:00:00+00:00
[2023-12-05T22:02:10.343+0000] {processor.py:179} INFO - Processing /opt/airflow/dags/dag_openaq_catchup.py took 0.375 seconds
[2023-12-05T22:02:20.432+0000] {processor.py:157} INFO - Started process (PID=956) to work on /opt/airflow/dags/dag_openaq_catchup.py
[2023-12-05T22:02:20.434+0000] {processor.py:829} INFO - Processing file /opt/airflow/dags/dag_openaq_catchup.py for tasks to queue
[2023-12-05T22:02:20.435+0000] {logging_mixin.py:154} INFO - [2023-12-05T22:02:20.435+0000] {dagbag.py:536} INFO - Filling up the DagBag from /opt/airflow/dags/dag_openaq_catchup.py
[2023-12-05T22:02:20.779+0000] {processor.py:839} INFO - DAG(s) dict_keys(['dag_openaq_catchup']) retrieved from /opt/airflow/dags/dag_openaq_catchup.py
[2023-12-05T22:02:20.796+0000] {logging_mixin.py:154} INFO - [2023-12-05T22:02:20.795+0000] {dag.py:2941} INFO - Sync 1 DAGs
[2023-12-05T22:02:20.805+0000] {logging_mixin.py:154} INFO - [2023-12-05T22:02:20.805+0000] {dag.py:3722} INFO - Setting next_dagrun for dag_openaq_catchup to 2023-12-04T00:00:00+00:00, run_after=2023-12-05T00:00:00+00:00
[2023-12-05T22:02:20.813+0000] {processor.py:179} INFO - Processing /opt/airflow/dags/dag_openaq_catchup.py took 0.388 seconds
[2023-12-05T22:02:30.876+0000] {processor.py:157} INFO - Started process (PID=968) to work on /opt/airflow/dags/dag_openaq_catchup.py
[2023-12-05T22:02:30.877+0000] {processor.py:829} INFO - Processing file /opt/airflow/dags/dag_openaq_catchup.py for tasks to queue
[2023-12-05T22:02:30.878+0000] {logging_mixin.py:154} INFO - [2023-12-05T22:02:30.878+0000] {dagbag.py:536} INFO - Filling up the DagBag from /opt/airflow/dags/dag_openaq_catchup.py
[2023-12-05T22:02:31.212+0000] {processor.py:839} INFO - DAG(s) dict_keys(['dag_openaq_catchup']) retrieved from /opt/airflow/dags/dag_openaq_catchup.py
[2023-12-05T22:02:31.228+0000] {logging_mixin.py:154} INFO - [2023-12-05T22:02:31.228+0000] {dag.py:2941} INFO - Sync 1 DAGs
[2023-12-05T22:02:31.237+0000] {logging_mixin.py:154} INFO - [2023-12-05T22:02:31.237+0000] {dag.py:3722} INFO - Setting next_dagrun for dag_openaq_catchup to 2023-12-04T00:00:00+00:00, run_after=2023-12-05T00:00:00+00:00
[2023-12-05T22:02:31.245+0000] {processor.py:179} INFO - Processing /opt/airflow/dags/dag_openaq_catchup.py took 0.375 seconds
[2023-12-05T22:02:42.070+0000] {processor.py:157} INFO - Started process (PID=980) to work on /opt/airflow/dags/dag_openaq_catchup.py
[2023-12-05T22:02:42.072+0000] {processor.py:829} INFO - Processing file /opt/airflow/dags/dag_openaq_catchup.py for tasks to queue
[2023-12-05T22:02:42.074+0000] {logging_mixin.py:154} INFO - [2023-12-05T22:02:42.073+0000] {dagbag.py:536} INFO - Filling up the DagBag from /opt/airflow/dags/dag_openaq_catchup.py
[2023-12-05T22:02:42.401+0000] {processor.py:839} INFO - DAG(s) dict_keys(['dag_openaq_catchup']) retrieved from /opt/airflow/dags/dag_openaq_catchup.py
[2023-12-05T22:02:42.416+0000] {logging_mixin.py:154} INFO - [2023-12-05T22:02:42.416+0000] {dag.py:2941} INFO - Sync 1 DAGs
[2023-12-05T22:02:42.425+0000] {logging_mixin.py:154} INFO - [2023-12-05T22:02:42.425+0000] {dag.py:3722} INFO - Setting next_dagrun for dag_openaq_catchup to 2023-12-04T00:00:00+00:00, run_after=2023-12-05T00:00:00+00:00
[2023-12-05T22:02:42.432+0000] {processor.py:179} INFO - Processing /opt/airflow/dags/dag_openaq_catchup.py took 0.370 seconds
[2023-12-05T22:02:52.602+0000] {processor.py:157} INFO - Started process (PID=992) to work on /opt/airflow/dags/dag_openaq_catchup.py
[2023-12-05T22:02:52.604+0000] {processor.py:829} INFO - Processing file /opt/airflow/dags/dag_openaq_catchup.py for tasks to queue
[2023-12-05T22:02:52.606+0000] {logging_mixin.py:154} INFO - [2023-12-05T22:02:52.605+0000] {dagbag.py:536} INFO - Filling up the DagBag from /opt/airflow/dags/dag_openaq_catchup.py
[2023-12-05T22:02:52.958+0000] {processor.py:839} INFO - DAG(s) dict_keys(['dag_openaq_catchup']) retrieved from /opt/airflow/dags/dag_openaq_catchup.py
[2023-12-05T22:02:52.973+0000] {logging_mixin.py:154} INFO - [2023-12-05T22:02:52.973+0000] {dag.py:2941} INFO - Sync 1 DAGs
[2023-12-05T22:02:52.983+0000] {logging_mixin.py:154} INFO - [2023-12-05T22:02:52.983+0000] {dag.py:3722} INFO - Setting next_dagrun for dag_openaq_catchup to 2023-12-04T00:00:00+00:00, run_after=2023-12-05T00:00:00+00:00
[2023-12-05T22:02:52.991+0000] {processor.py:179} INFO - Processing /opt/airflow/dags/dag_openaq_catchup.py took 0.395 seconds
[2023-12-05T22:03:03.781+0000] {processor.py:157} INFO - Started process (PID=1004) to work on /opt/airflow/dags/dag_openaq_catchup.py
[2023-12-05T22:03:03.783+0000] {processor.py:829} INFO - Processing file /opt/airflow/dags/dag_openaq_catchup.py for tasks to queue
[2023-12-05T22:03:03.784+0000] {logging_mixin.py:154} INFO - [2023-12-05T22:03:03.784+0000] {dagbag.py:536} INFO - Filling up the DagBag from /opt/airflow/dags/dag_openaq_catchup.py
[2023-12-05T22:03:03.998+0000] {processor.py:839} INFO - DAG(s) dict_keys(['dag_openaq_catchup']) retrieved from /opt/airflow/dags/dag_openaq_catchup.py
[2023-12-05T22:03:04.011+0000] {logging_mixin.py:154} INFO - [2023-12-05T22:03:04.011+0000] {dag.py:2941} INFO - Sync 1 DAGs
[2023-12-05T22:03:04.020+0000] {logging_mixin.py:154} INFO - [2023-12-05T22:03:04.020+0000] {dag.py:3722} INFO - Setting next_dagrun for dag_openaq_catchup to 2023-12-04T00:00:00+00:00, run_after=2023-12-05T00:00:00+00:00
[2023-12-05T22:03:04.027+0000] {processor.py:179} INFO - Processing /opt/airflow/dags/dag_openaq_catchup.py took 0.251 seconds
[2023-12-05T22:03:14.176+0000] {processor.py:157} INFO - Started process (PID=1016) to work on /opt/airflow/dags/dag_openaq_catchup.py
[2023-12-05T22:03:14.177+0000] {processor.py:829} INFO - Processing file /opt/airflow/dags/dag_openaq_catchup.py for tasks to queue
[2023-12-05T22:03:14.178+0000] {logging_mixin.py:154} INFO - [2023-12-05T22:03:14.178+0000] {dagbag.py:536} INFO - Filling up the DagBag from /opt/airflow/dags/dag_openaq_catchup.py
[2023-12-05T22:03:14.586+0000] {processor.py:839} INFO - DAG(s) dict_keys(['dag_openaq_catchup']) retrieved from /opt/airflow/dags/dag_openaq_catchup.py
[2023-12-05T22:03:14.604+0000] {logging_mixin.py:154} INFO - [2023-12-05T22:03:14.603+0000] {dag.py:2941} INFO - Sync 1 DAGs
[2023-12-05T22:03:14.615+0000] {logging_mixin.py:154} INFO - [2023-12-05T22:03:14.614+0000] {dag.py:3722} INFO - Setting next_dagrun for dag_openaq_catchup to 2023-12-04T00:00:00+00:00, run_after=2023-12-05T00:00:00+00:00
[2023-12-05T22:03:14.623+0000] {processor.py:179} INFO - Processing /opt/airflow/dags/dag_openaq_catchup.py took 0.451 seconds
[2023-12-05T22:03:24.796+0000] {processor.py:157} INFO - Started process (PID=1028) to work on /opt/airflow/dags/dag_openaq_catchup.py
[2023-12-05T22:03:24.799+0000] {processor.py:829} INFO - Processing file /opt/airflow/dags/dag_openaq_catchup.py for tasks to queue
[2023-12-05T22:03:24.800+0000] {logging_mixin.py:154} INFO - [2023-12-05T22:03:24.799+0000] {dagbag.py:536} INFO - Filling up the DagBag from /opt/airflow/dags/dag_openaq_catchup.py
[2023-12-05T22:03:25.149+0000] {processor.py:839} INFO - DAG(s) dict_keys(['dag_openaq_catchup']) retrieved from /opt/airflow/dags/dag_openaq_catchup.py
[2023-12-05T22:03:25.165+0000] {logging_mixin.py:154} INFO - [2023-12-05T22:03:25.165+0000] {dag.py:2941} INFO - Sync 1 DAGs
[2023-12-05T22:03:25.175+0000] {logging_mixin.py:154} INFO - [2023-12-05T22:03:25.175+0000] {dag.py:3722} INFO - Setting next_dagrun for dag_openaq_catchup to 2023-12-04T00:00:00+00:00, run_after=2023-12-05T00:00:00+00:00
[2023-12-05T22:03:25.183+0000] {processor.py:179} INFO - Processing /opt/airflow/dags/dag_openaq_catchup.py took 0.394 seconds
[2023-12-05T22:03:35.329+0000] {processor.py:157} INFO - Started process (PID=1040) to work on /opt/airflow/dags/dag_openaq_catchup.py
[2023-12-05T22:03:35.331+0000] {processor.py:829} INFO - Processing file /opt/airflow/dags/dag_openaq_catchup.py for tasks to queue
[2023-12-05T22:03:35.333+0000] {logging_mixin.py:154} INFO - [2023-12-05T22:03:35.333+0000] {dagbag.py:536} INFO - Filling up the DagBag from /opt/airflow/dags/dag_openaq_catchup.py
[2023-12-05T22:03:35.722+0000] {processor.py:839} INFO - DAG(s) dict_keys(['dag_openaq_catchup']) retrieved from /opt/airflow/dags/dag_openaq_catchup.py
[2023-12-05T22:03:35.742+0000] {logging_mixin.py:154} INFO - [2023-12-05T22:03:35.742+0000] {dag.py:2941} INFO - Sync 1 DAGs
[2023-12-05T22:03:35.753+0000] {logging_mixin.py:154} INFO - [2023-12-05T22:03:35.752+0000] {dag.py:3722} INFO - Setting next_dagrun for dag_openaq_catchup to 2023-12-04T00:00:00+00:00, run_after=2023-12-05T00:00:00+00:00
[2023-12-05T22:03:35.761+0000] {processor.py:179} INFO - Processing /opt/airflow/dags/dag_openaq_catchup.py took 0.439 seconds
[2023-12-05T22:03:45.922+0000] {processor.py:157} INFO - Started process (PID=1052) to work on /opt/airflow/dags/dag_openaq_catchup.py
[2023-12-05T22:03:45.925+0000] {processor.py:829} INFO - Processing file /opt/airflow/dags/dag_openaq_catchup.py for tasks to queue
[2023-12-05T22:03:45.927+0000] {logging_mixin.py:154} INFO - [2023-12-05T22:03:45.926+0000] {dagbag.py:536} INFO - Filling up the DagBag from /opt/airflow/dags/dag_openaq_catchup.py
[2023-12-05T22:03:46.308+0000] {processor.py:839} INFO - DAG(s) dict_keys(['dag_openaq_catchup']) retrieved from /opt/airflow/dags/dag_openaq_catchup.py
[2023-12-05T22:03:46.324+0000] {logging_mixin.py:154} INFO - [2023-12-05T22:03:46.324+0000] {dag.py:2941} INFO - Sync 1 DAGs
[2023-12-05T22:03:46.335+0000] {logging_mixin.py:154} INFO - [2023-12-05T22:03:46.335+0000] {dag.py:3722} INFO - Setting next_dagrun for dag_openaq_catchup to 2023-12-04T00:00:00+00:00, run_after=2023-12-05T00:00:00+00:00
[2023-12-05T22:03:46.343+0000] {processor.py:179} INFO - Processing /opt/airflow/dags/dag_openaq_catchup.py took 0.429 seconds
[2023-12-05T22:03:56.494+0000] {processor.py:157} INFO - Started process (PID=1064) to work on /opt/airflow/dags/dag_openaq_catchup.py
[2023-12-05T22:03:56.495+0000] {processor.py:829} INFO - Processing file /opt/airflow/dags/dag_openaq_catchup.py for tasks to queue
[2023-12-05T22:03:56.495+0000] {logging_mixin.py:154} INFO - [2023-12-05T22:03:56.495+0000] {dagbag.py:536} INFO - Filling up the DagBag from /opt/airflow/dags/dag_openaq_catchup.py
[2023-12-05T22:03:56.889+0000] {processor.py:839} INFO - DAG(s) dict_keys(['dag_openaq_catchup']) retrieved from /opt/airflow/dags/dag_openaq_catchup.py
[2023-12-05T22:03:56.906+0000] {logging_mixin.py:154} INFO - [2023-12-05T22:03:56.905+0000] {dag.py:2941} INFO - Sync 1 DAGs
[2023-12-05T22:03:56.917+0000] {logging_mixin.py:154} INFO - [2023-12-05T22:03:56.917+0000] {dag.py:3722} INFO - Setting next_dagrun for dag_openaq_catchup to 2023-12-04T00:00:00+00:00, run_after=2023-12-05T00:00:00+00:00
[2023-12-05T22:03:56.924+0000] {processor.py:179} INFO - Processing /opt/airflow/dags/dag_openaq_catchup.py took 0.435 seconds
[2023-12-05T22:04:07.063+0000] {processor.py:157} INFO - Started process (PID=1076) to work on /opt/airflow/dags/dag_openaq_catchup.py
[2023-12-05T22:04:07.064+0000] {processor.py:829} INFO - Processing file /opt/airflow/dags/dag_openaq_catchup.py for tasks to queue
[2023-12-05T22:04:07.066+0000] {logging_mixin.py:154} INFO - [2023-12-05T22:04:07.065+0000] {dagbag.py:536} INFO - Filling up the DagBag from /opt/airflow/dags/dag_openaq_catchup.py
[2023-12-05T22:04:07.447+0000] {processor.py:839} INFO - DAG(s) dict_keys(['dag_openaq_catchup']) retrieved from /opt/airflow/dags/dag_openaq_catchup.py
[2023-12-05T22:04:07.463+0000] {logging_mixin.py:154} INFO - [2023-12-05T22:04:07.463+0000] {dag.py:2941} INFO - Sync 1 DAGs
[2023-12-05T22:04:07.474+0000] {logging_mixin.py:154} INFO - [2023-12-05T22:04:07.474+0000] {dag.py:3722} INFO - Setting next_dagrun for dag_openaq_catchup to 2023-12-04T00:00:00+00:00, run_after=2023-12-05T00:00:00+00:00
[2023-12-05T22:04:07.481+0000] {processor.py:179} INFO - Processing /opt/airflow/dags/dag_openaq_catchup.py took 0.425 seconds
[2023-12-05T22:04:17.634+0000] {processor.py:157} INFO - Started process (PID=1088) to work on /opt/airflow/dags/dag_openaq_catchup.py
[2023-12-05T22:04:17.636+0000] {processor.py:829} INFO - Processing file /opt/airflow/dags/dag_openaq_catchup.py for tasks to queue
[2023-12-05T22:04:17.637+0000] {logging_mixin.py:154} INFO - [2023-12-05T22:04:17.637+0000] {dagbag.py:536} INFO - Filling up the DagBag from /opt/airflow/dags/dag_openaq_catchup.py
[2023-12-05T22:04:18.134+0000] {processor.py:839} INFO - DAG(s) dict_keys(['dag_openaq_catchup']) retrieved from /opt/airflow/dags/dag_openaq_catchup.py
[2023-12-05T22:04:18.151+0000] {logging_mixin.py:154} INFO - [2023-12-05T22:04:18.151+0000] {dag.py:2941} INFO - Sync 1 DAGs
[2023-12-05T22:04:18.173+0000] {logging_mixin.py:154} INFO - [2023-12-05T22:04:18.173+0000] {dag.py:3722} INFO - Setting next_dagrun for dag_openaq_catchup to 2023-12-04T00:00:00+00:00, run_after=2023-12-05T00:00:00+00:00
[2023-12-05T22:04:18.181+0000] {processor.py:179} INFO - Processing /opt/airflow/dags/dag_openaq_catchup.py took 0.553 seconds
[2023-12-05T22:04:28.336+0000] {processor.py:157} INFO - Started process (PID=1100) to work on /opt/airflow/dags/dag_openaq_catchup.py
[2023-12-05T22:04:28.337+0000] {processor.py:829} INFO - Processing file /opt/airflow/dags/dag_openaq_catchup.py for tasks to queue
[2023-12-05T22:04:28.338+0000] {logging_mixin.py:154} INFO - [2023-12-05T22:04:28.337+0000] {dagbag.py:536} INFO - Filling up the DagBag from /opt/airflow/dags/dag_openaq_catchup.py
[2023-12-05T22:04:28.689+0000] {processor.py:839} INFO - DAG(s) dict_keys(['dag_openaq_catchup']) retrieved from /opt/airflow/dags/dag_openaq_catchup.py
[2023-12-05T22:04:28.706+0000] {logging_mixin.py:154} INFO - [2023-12-05T22:04:28.705+0000] {dag.py:2941} INFO - Sync 1 DAGs
[2023-12-05T22:04:28.716+0000] {logging_mixin.py:154} INFO - [2023-12-05T22:04:28.716+0000] {dag.py:3722} INFO - Setting next_dagrun for dag_openaq_catchup to 2023-12-04T00:00:00+00:00, run_after=2023-12-05T00:00:00+00:00
[2023-12-05T22:04:28.724+0000] {processor.py:179} INFO - Processing /opt/airflow/dags/dag_openaq_catchup.py took 0.396 seconds
[2023-12-05T22:04:38.874+0000] {processor.py:157} INFO - Started process (PID=1112) to work on /opt/airflow/dags/dag_openaq_catchup.py
[2023-12-05T22:04:38.877+0000] {processor.py:829} INFO - Processing file /opt/airflow/dags/dag_openaq_catchup.py for tasks to queue
[2023-12-05T22:04:38.878+0000] {logging_mixin.py:154} INFO - [2023-12-05T22:04:38.878+0000] {dagbag.py:536} INFO - Filling up the DagBag from /opt/airflow/dags/dag_openaq_catchup.py
[2023-12-05T22:04:39.177+0000] {processor.py:839} INFO - DAG(s) dict_keys(['dag_openaq_catchup']) retrieved from /opt/airflow/dags/dag_openaq_catchup.py
[2023-12-05T22:04:39.193+0000] {logging_mixin.py:154} INFO - [2023-12-05T22:04:39.193+0000] {dag.py:2941} INFO - Sync 1 DAGs
[2023-12-05T22:04:39.203+0000] {logging_mixin.py:154} INFO - [2023-12-05T22:04:39.203+0000] {dag.py:3722} INFO - Setting next_dagrun for dag_openaq_catchup to 2023-12-04T00:00:00+00:00, run_after=2023-12-05T00:00:00+00:00
[2023-12-05T22:04:39.211+0000] {processor.py:179} INFO - Processing /opt/airflow/dags/dag_openaq_catchup.py took 0.343 seconds
[2023-12-05T22:04:49.338+0000] {processor.py:157} INFO - Started process (PID=1124) to work on /opt/airflow/dags/dag_openaq_catchup.py
[2023-12-05T22:04:49.339+0000] {processor.py:829} INFO - Processing file /opt/airflow/dags/dag_openaq_catchup.py for tasks to queue
[2023-12-05T22:04:49.340+0000] {logging_mixin.py:154} INFO - [2023-12-05T22:04:49.340+0000] {dagbag.py:536} INFO - Filling up the DagBag from /opt/airflow/dags/dag_openaq_catchup.py
[2023-12-05T22:04:49.566+0000] {processor.py:839} INFO - DAG(s) dict_keys(['dag_openaq_catchup']) retrieved from /opt/airflow/dags/dag_openaq_catchup.py
[2023-12-05T22:04:49.577+0000] {logging_mixin.py:154} INFO - [2023-12-05T22:04:49.577+0000] {dag.py:2941} INFO - Sync 1 DAGs
[2023-12-05T22:04:49.586+0000] {logging_mixin.py:154} INFO - [2023-12-05T22:04:49.586+0000] {dag.py:3722} INFO - Setting next_dagrun for dag_openaq_catchup to 2023-12-04T00:00:00+00:00, run_after=2023-12-05T00:00:00+00:00
[2023-12-05T22:04:49.593+0000] {processor.py:179} INFO - Processing /opt/airflow/dags/dag_openaq_catchup.py took 0.259 seconds
[2023-12-05T22:04:59.731+0000] {processor.py:157} INFO - Started process (PID=1136) to work on /opt/airflow/dags/dag_openaq_catchup.py
[2023-12-05T22:04:59.733+0000] {processor.py:829} INFO - Processing file /opt/airflow/dags/dag_openaq_catchup.py for tasks to queue
[2023-12-05T22:04:59.734+0000] {logging_mixin.py:154} INFO - [2023-12-05T22:04:59.733+0000] {dagbag.py:536} INFO - Filling up the DagBag from /opt/airflow/dags/dag_openaq_catchup.py
[2023-12-05T22:05:00.001+0000] {processor.py:839} INFO - DAG(s) dict_keys(['dag_openaq_catchup']) retrieved from /opt/airflow/dags/dag_openaq_catchup.py
[2023-12-05T22:05:00.017+0000] {logging_mixin.py:154} INFO - [2023-12-05T22:05:00.017+0000] {dag.py:2941} INFO - Sync 1 DAGs
[2023-12-05T22:05:00.033+0000] {logging_mixin.py:154} INFO - [2023-12-05T22:05:00.033+0000] {dag.py:3722} INFO - Setting next_dagrun for dag_openaq_catchup to 2023-12-04T00:00:00+00:00, run_after=2023-12-05T00:00:00+00:00
[2023-12-05T22:05:00.042+0000] {processor.py:179} INFO - Processing /opt/airflow/dags/dag_openaq_catchup.py took 0.316 seconds
[2023-12-05T22:05:10.183+0000] {processor.py:157} INFO - Started process (PID=1148) to work on /opt/airflow/dags/dag_openaq_catchup.py
[2023-12-05T22:05:10.185+0000] {processor.py:829} INFO - Processing file /opt/airflow/dags/dag_openaq_catchup.py for tasks to queue
[2023-12-05T22:05:10.186+0000] {logging_mixin.py:154} INFO - [2023-12-05T22:05:10.186+0000] {dagbag.py:536} INFO - Filling up the DagBag from /opt/airflow/dags/dag_openaq_catchup.py
[2023-12-05T22:05:10.475+0000] {processor.py:839} INFO - DAG(s) dict_keys(['dag_openaq_catchup']) retrieved from /opt/airflow/dags/dag_openaq_catchup.py
[2023-12-05T22:05:10.489+0000] {logging_mixin.py:154} INFO - [2023-12-05T22:05:10.489+0000] {dag.py:2941} INFO - Sync 1 DAGs
[2023-12-05T22:05:10.498+0000] {logging_mixin.py:154} INFO - [2023-12-05T22:05:10.498+0000] {dag.py:3722} INFO - Setting next_dagrun for dag_openaq_catchup to 2023-12-04T00:00:00+00:00, run_after=2023-12-05T00:00:00+00:00
[2023-12-05T22:05:10.505+0000] {processor.py:179} INFO - Processing /opt/airflow/dags/dag_openaq_catchup.py took 0.327 seconds
[2023-12-05T22:05:20.671+0000] {processor.py:157} INFO - Started process (PID=1160) to work on /opt/airflow/dags/dag_openaq_catchup.py
[2023-12-05T22:05:20.673+0000] {processor.py:829} INFO - Processing file /opt/airflow/dags/dag_openaq_catchup.py for tasks to queue
[2023-12-05T22:05:20.675+0000] {logging_mixin.py:154} INFO - [2023-12-05T22:05:20.674+0000] {dagbag.py:536} INFO - Filling up the DagBag from /opt/airflow/dags/dag_openaq_catchup.py
[2023-12-05T22:05:20.993+0000] {processor.py:839} INFO - DAG(s) dict_keys(['dag_openaq_catchup']) retrieved from /opt/airflow/dags/dag_openaq_catchup.py
[2023-12-05T22:05:21.007+0000] {logging_mixin.py:154} INFO - [2023-12-05T22:05:21.007+0000] {dag.py:2941} INFO - Sync 1 DAGs
[2023-12-05T22:05:21.017+0000] {logging_mixin.py:154} INFO - [2023-12-05T22:05:21.017+0000] {dag.py:3722} INFO - Setting next_dagrun for dag_openaq_catchup to 2023-12-04T00:00:00+00:00, run_after=2023-12-05T00:00:00+00:00
[2023-12-05T22:05:21.025+0000] {processor.py:179} INFO - Processing /opt/airflow/dags/dag_openaq_catchup.py took 0.363 seconds
[2023-12-05T22:05:31.170+0000] {processor.py:157} INFO - Started process (PID=1172) to work on /opt/airflow/dags/dag_openaq_catchup.py
[2023-12-05T22:05:31.173+0000] {processor.py:829} INFO - Processing file /opt/airflow/dags/dag_openaq_catchup.py for tasks to queue
[2023-12-05T22:05:31.174+0000] {logging_mixin.py:154} INFO - [2023-12-05T22:05:31.174+0000] {dagbag.py:536} INFO - Filling up the DagBag from /opt/airflow/dags/dag_openaq_catchup.py
[2023-12-05T22:05:31.477+0000] {processor.py:839} INFO - DAG(s) dict_keys(['dag_openaq_catchup']) retrieved from /opt/airflow/dags/dag_openaq_catchup.py
[2023-12-05T22:05:31.492+0000] {logging_mixin.py:154} INFO - [2023-12-05T22:05:31.492+0000] {dag.py:2941} INFO - Sync 1 DAGs
[2023-12-05T22:05:31.501+0000] {logging_mixin.py:154} INFO - [2023-12-05T22:05:31.501+0000] {dag.py:3722} INFO - Setting next_dagrun for dag_openaq_catchup to 2023-12-04T00:00:00+00:00, run_after=2023-12-05T00:00:00+00:00
[2023-12-05T22:05:31.509+0000] {processor.py:179} INFO - Processing /opt/airflow/dags/dag_openaq_catchup.py took 0.344 seconds
[2023-12-05T22:05:41.630+0000] {processor.py:157} INFO - Started process (PID=1184) to work on /opt/airflow/dags/dag_openaq_catchup.py
[2023-12-05T22:05:41.632+0000] {processor.py:829} INFO - Processing file /opt/airflow/dags/dag_openaq_catchup.py for tasks to queue
[2023-12-05T22:05:41.633+0000] {logging_mixin.py:154} INFO - [2023-12-05T22:05:41.632+0000] {dagbag.py:536} INFO - Filling up the DagBag from /opt/airflow/dags/dag_openaq_catchup.py
[2023-12-05T22:05:41.986+0000] {processor.py:839} INFO - DAG(s) dict_keys(['dag_openaq_catchup']) retrieved from /opt/airflow/dags/dag_openaq_catchup.py
[2023-12-05T22:05:42.002+0000] {logging_mixin.py:154} INFO - [2023-12-05T22:05:42.002+0000] {dag.py:2941} INFO - Sync 1 DAGs
[2023-12-05T22:05:42.013+0000] {logging_mixin.py:154} INFO - [2023-12-05T22:05:42.013+0000] {dag.py:3722} INFO - Setting next_dagrun for dag_openaq_catchup to 2023-12-04T00:00:00+00:00, run_after=2023-12-05T00:00:00+00:00
[2023-12-05T22:05:42.021+0000] {processor.py:179} INFO - Processing /opt/airflow/dags/dag_openaq_catchup.py took 0.397 seconds
[2023-12-05T22:05:52.204+0000] {processor.py:157} INFO - Started process (PID=1196) to work on /opt/airflow/dags/dag_openaq_catchup.py
[2023-12-05T22:05:52.206+0000] {processor.py:829} INFO - Processing file /opt/airflow/dags/dag_openaq_catchup.py for tasks to queue
[2023-12-05T22:05:52.207+0000] {logging_mixin.py:154} INFO - [2023-12-05T22:05:52.207+0000] {dagbag.py:536} INFO - Filling up the DagBag from /opt/airflow/dags/dag_openaq_catchup.py
[2023-12-05T22:05:52.587+0000] {processor.py:839} INFO - DAG(s) dict_keys(['dag_openaq_catchup']) retrieved from /opt/airflow/dags/dag_openaq_catchup.py
[2023-12-05T22:05:52.605+0000] {logging_mixin.py:154} INFO - [2023-12-05T22:05:52.604+0000] {dag.py:2941} INFO - Sync 1 DAGs
[2023-12-05T22:05:52.616+0000] {logging_mixin.py:154} INFO - [2023-12-05T22:05:52.616+0000] {dag.py:3722} INFO - Setting next_dagrun for dag_openaq_catchup to 2023-12-04T00:00:00+00:00, run_after=2023-12-05T00:00:00+00:00
[2023-12-05T22:05:52.633+0000] {processor.py:179} INFO - Processing /opt/airflow/dags/dag_openaq_catchup.py took 0.435 seconds
[2023-12-05T22:06:02.788+0000] {processor.py:157} INFO - Started process (PID=1208) to work on /opt/airflow/dags/dag_openaq_catchup.py
[2023-12-05T22:06:02.790+0000] {processor.py:829} INFO - Processing file /opt/airflow/dags/dag_openaq_catchup.py for tasks to queue
[2023-12-05T22:06:02.791+0000] {logging_mixin.py:154} INFO - [2023-12-05T22:06:02.791+0000] {dagbag.py:536} INFO - Filling up the DagBag from /opt/airflow/dags/dag_openaq_catchup.py
[2023-12-05T22:06:03.091+0000] {processor.py:839} INFO - DAG(s) dict_keys(['dag_openaq_catchup']) retrieved from /opt/airflow/dags/dag_openaq_catchup.py
[2023-12-05T22:06:03.107+0000] {logging_mixin.py:154} INFO - [2023-12-05T22:06:03.107+0000] {dag.py:2941} INFO - Sync 1 DAGs
[2023-12-05T22:06:03.118+0000] {logging_mixin.py:154} INFO - [2023-12-05T22:06:03.118+0000] {dag.py:3722} INFO - Setting next_dagrun for dag_openaq_catchup to 2023-12-04T00:00:00+00:00, run_after=2023-12-05T00:00:00+00:00
[2023-12-05T22:06:03.126+0000] {processor.py:179} INFO - Processing /opt/airflow/dags/dag_openaq_catchup.py took 0.346 seconds
[2023-12-05T22:06:13.264+0000] {processor.py:157} INFO - Started process (PID=1220) to work on /opt/airflow/dags/dag_openaq_catchup.py
[2023-12-05T22:06:13.266+0000] {processor.py:829} INFO - Processing file /opt/airflow/dags/dag_openaq_catchup.py for tasks to queue
[2023-12-05T22:06:13.267+0000] {logging_mixin.py:154} INFO - [2023-12-05T22:06:13.266+0000] {dagbag.py:536} INFO - Filling up the DagBag from /opt/airflow/dags/dag_openaq_catchup.py
[2023-12-05T22:06:13.498+0000] {processor.py:839} INFO - DAG(s) dict_keys(['dag_openaq_catchup']) retrieved from /opt/airflow/dags/dag_openaq_catchup.py
[2023-12-05T22:06:13.510+0000] {logging_mixin.py:154} INFO - [2023-12-05T22:06:13.510+0000] {dag.py:2941} INFO - Sync 1 DAGs
[2023-12-05T22:06:13.520+0000] {logging_mixin.py:154} INFO - [2023-12-05T22:06:13.519+0000] {dag.py:3722} INFO - Setting next_dagrun for dag_openaq_catchup to 2023-12-04T00:00:00+00:00, run_after=2023-12-05T00:00:00+00:00
[2023-12-05T22:06:13.526+0000] {processor.py:179} INFO - Processing /opt/airflow/dags/dag_openaq_catchup.py took 0.267 seconds
[2023-12-05T22:06:23.678+0000] {processor.py:157} INFO - Started process (PID=1232) to work on /opt/airflow/dags/dag_openaq_catchup.py
[2023-12-05T22:06:23.680+0000] {processor.py:829} INFO - Processing file /opt/airflow/dags/dag_openaq_catchup.py for tasks to queue
[2023-12-05T22:06:23.681+0000] {logging_mixin.py:154} INFO - [2023-12-05T22:06:23.681+0000] {dagbag.py:536} INFO - Filling up the DagBag from /opt/airflow/dags/dag_openaq_catchup.py
[2023-12-05T22:06:24.083+0000] {processor.py:839} INFO - DAG(s) dict_keys(['dag_openaq_catchup']) retrieved from /opt/airflow/dags/dag_openaq_catchup.py
[2023-12-05T22:06:24.100+0000] {logging_mixin.py:154} INFO - [2023-12-05T22:06:24.100+0000] {dag.py:2941} INFO - Sync 1 DAGs
[2023-12-05T22:06:24.111+0000] {logging_mixin.py:154} INFO - [2023-12-05T22:06:24.111+0000] {dag.py:3722} INFO - Setting next_dagrun for dag_openaq_catchup to 2023-12-04T00:00:00+00:00, run_after=2023-12-05T00:00:00+00:00
[2023-12-05T22:06:24.123+0000] {processor.py:179} INFO - Processing /opt/airflow/dags/dag_openaq_catchup.py took 0.449 seconds
[2023-12-05T22:06:34.291+0000] {processor.py:157} INFO - Started process (PID=1244) to work on /opt/airflow/dags/dag_openaq_catchup.py
[2023-12-05T22:06:34.293+0000] {processor.py:829} INFO - Processing file /opt/airflow/dags/dag_openaq_catchup.py for tasks to queue
[2023-12-05T22:06:34.294+0000] {logging_mixin.py:154} INFO - [2023-12-05T22:06:34.294+0000] {dagbag.py:536} INFO - Filling up the DagBag from /opt/airflow/dags/dag_openaq_catchup.py
[2023-12-05T22:06:34.724+0000] {processor.py:839} INFO - DAG(s) dict_keys(['dag_openaq_catchup']) retrieved from /opt/airflow/dags/dag_openaq_catchup.py
[2023-12-05T22:06:34.743+0000] {logging_mixin.py:154} INFO - [2023-12-05T22:06:34.742+0000] {dag.py:2941} INFO - Sync 1 DAGs
[2023-12-05T22:06:34.753+0000] {logging_mixin.py:154} INFO - [2023-12-05T22:06:34.753+0000] {dag.py:3722} INFO - Setting next_dagrun for dag_openaq_catchup to 2023-12-04T00:00:00+00:00, run_after=2023-12-05T00:00:00+00:00
[2023-12-05T22:06:34.761+0000] {processor.py:179} INFO - Processing /opt/airflow/dags/dag_openaq_catchup.py took 0.475 seconds
[2023-12-05T22:06:44.934+0000] {processor.py:157} INFO - Started process (PID=1256) to work on /opt/airflow/dags/dag_openaq_catchup.py
[2023-12-05T22:06:44.937+0000] {processor.py:829} INFO - Processing file /opt/airflow/dags/dag_openaq_catchup.py for tasks to queue
[2023-12-05T22:06:44.941+0000] {logging_mixin.py:154} INFO - [2023-12-05T22:06:44.940+0000] {dagbag.py:536} INFO - Filling up the DagBag from /opt/airflow/dags/dag_openaq_catchup.py
[2023-12-05T22:06:45.325+0000] {processor.py:839} INFO - DAG(s) dict_keys(['dag_openaq_catchup']) retrieved from /opt/airflow/dags/dag_openaq_catchup.py
[2023-12-05T22:06:45.342+0000] {logging_mixin.py:154} INFO - [2023-12-05T22:06:45.342+0000] {dag.py:2941} INFO - Sync 1 DAGs
[2023-12-05T22:06:45.352+0000] {logging_mixin.py:154} INFO - [2023-12-05T22:06:45.352+0000] {dag.py:3722} INFO - Setting next_dagrun for dag_openaq_catchup to 2023-12-04T00:00:00+00:00, run_after=2023-12-05T00:00:00+00:00
[2023-12-05T22:06:45.360+0000] {processor.py:179} INFO - Processing /opt/airflow/dags/dag_openaq_catchup.py took 0.431 seconds
