[2023-12-05T21:51:33.749+0000] {processor.py:157} INFO - Started process (PID=173) to work on /opt/airflow/dags/dag_openaq.py
[2023-12-05T21:51:33.750+0000] {processor.py:829} INFO - Processing file /opt/airflow/dags/dag_openaq.py for tasks to queue
[2023-12-05T21:51:33.751+0000] {logging_mixin.py:154} INFO - [2023-12-05T21:51:33.751+0000] {dagbag.py:536} INFO - Filling up the DagBag from /opt/airflow/dags/dag_openaq.py
[2023-12-05T21:51:34.516+0000] {processor.py:839} INFO - DAG(s) dict_keys(['dag_openaq']) retrieved from /opt/airflow/dags/dag_openaq.py
[2023-12-05T21:51:34.606+0000] {logging_mixin.py:154} INFO - [2023-12-05T21:51:34.599+0000] {dag.py:2941} INFO - Sync 1 DAGs
[2023-12-05T21:51:34.651+0000] {logging_mixin.py:154} INFO - [2023-12-05T21:51:34.651+0000] {dag.py:3722} INFO - Setting next_dagrun for dag_openaq to 2023-12-05T21:00:00+00:00, run_after=2023-12-05T22:00:00+00:00
[2023-12-05T21:51:34.681+0000] {processor.py:179} INFO - Processing /opt/airflow/dags/dag_openaq.py took 0.936 seconds
[2023-12-05T21:51:44.816+0000] {processor.py:157} INFO - Started process (PID=185) to work on /opt/airflow/dags/dag_openaq.py
[2023-12-05T21:51:44.818+0000] {processor.py:829} INFO - Processing file /opt/airflow/dags/dag_openaq.py for tasks to queue
[2023-12-05T21:51:44.820+0000] {logging_mixin.py:154} INFO - [2023-12-05T21:51:44.819+0000] {dagbag.py:536} INFO - Filling up the DagBag from /opt/airflow/dags/dag_openaq.py
[2023-12-05T21:51:45.216+0000] {processor.py:839} INFO - DAG(s) dict_keys(['dag_openaq']) retrieved from /opt/airflow/dags/dag_openaq.py
[2023-12-05T21:51:45.226+0000] {logging_mixin.py:154} INFO - [2023-12-05T21:51:45.225+0000] {dag.py:2941} INFO - Sync 1 DAGs
[2023-12-05T21:51:45.247+0000] {logging_mixin.py:154} INFO - [2023-12-05T21:51:45.247+0000] {dag.py:3722} INFO - Setting next_dagrun for dag_openaq to 2023-12-05T21:00:00+00:00, run_after=2023-12-05T22:00:00+00:00
[2023-12-05T21:51:45.259+0000] {processor.py:179} INFO - Processing /opt/airflow/dags/dag_openaq.py took 0.446 seconds
[2023-12-05T21:51:55.455+0000] {processor.py:157} INFO - Started process (PID=196) to work on /opt/airflow/dags/dag_openaq.py
[2023-12-05T21:51:55.458+0000] {processor.py:829} INFO - Processing file /opt/airflow/dags/dag_openaq.py for tasks to queue
[2023-12-05T21:51:55.461+0000] {logging_mixin.py:154} INFO - [2023-12-05T21:51:55.459+0000] {dagbag.py:536} INFO - Filling up the DagBag from /opt/airflow/dags/dag_openaq.py
[2023-12-05T21:51:55.814+0000] {processor.py:839} INFO - DAG(s) dict_keys(['dag_openaq']) retrieved from /opt/airflow/dags/dag_openaq.py
[2023-12-05T21:51:55.825+0000] {logging_mixin.py:154} INFO - [2023-12-05T21:51:55.825+0000] {dag.py:2941} INFO - Sync 1 DAGs
[2023-12-05T21:51:55.836+0000] {logging_mixin.py:154} INFO - [2023-12-05T21:51:55.836+0000] {dag.py:3722} INFO - Setting next_dagrun for dag_openaq to 2023-12-05T21:00:00+00:00, run_after=2023-12-05T22:00:00+00:00
[2023-12-05T21:51:55.844+0000] {processor.py:179} INFO - Processing /opt/airflow/dags/dag_openaq.py took 0.399 seconds
[2023-12-05T21:52:05.979+0000] {processor.py:157} INFO - Started process (PID=209) to work on /opt/airflow/dags/dag_openaq.py
[2023-12-05T21:52:05.980+0000] {processor.py:829} INFO - Processing file /opt/airflow/dags/dag_openaq.py for tasks to queue
[2023-12-05T21:52:05.981+0000] {logging_mixin.py:154} INFO - [2023-12-05T21:52:05.981+0000] {dagbag.py:536} INFO - Filling up the DagBag from /opt/airflow/dags/dag_openaq.py
[2023-12-05T21:52:06.330+0000] {processor.py:839} INFO - DAG(s) dict_keys(['dag_openaq']) retrieved from /opt/airflow/dags/dag_openaq.py
[2023-12-05T21:52:06.351+0000] {logging_mixin.py:154} INFO - [2023-12-05T21:52:06.350+0000] {dag.py:2941} INFO - Sync 1 DAGs
[2023-12-05T21:52:06.361+0000] {logging_mixin.py:154} INFO - [2023-12-05T21:52:06.361+0000] {dag.py:3722} INFO - Setting next_dagrun for dag_openaq to 2023-12-05T21:00:00+00:00, run_after=2023-12-05T22:00:00+00:00
[2023-12-05T21:52:06.368+0000] {processor.py:179} INFO - Processing /opt/airflow/dags/dag_openaq.py took 0.393 seconds
[2023-12-05T21:52:16.526+0000] {processor.py:157} INFO - Started process (PID=221) to work on /opt/airflow/dags/dag_openaq.py
[2023-12-05T21:52:16.528+0000] {processor.py:829} INFO - Processing file /opt/airflow/dags/dag_openaq.py for tasks to queue
[2023-12-05T21:52:16.529+0000] {logging_mixin.py:154} INFO - [2023-12-05T21:52:16.528+0000] {dagbag.py:536} INFO - Filling up the DagBag from /opt/airflow/dags/dag_openaq.py
[2023-12-05T21:52:16.780+0000] {processor.py:839} INFO - DAG(s) dict_keys(['dag_openaq']) retrieved from /opt/airflow/dags/dag_openaq.py
[2023-12-05T21:52:16.793+0000] {logging_mixin.py:154} INFO - [2023-12-05T21:52:16.793+0000] {dag.py:2941} INFO - Sync 1 DAGs
[2023-12-05T21:52:16.803+0000] {logging_mixin.py:154} INFO - [2023-12-05T21:52:16.803+0000] {dag.py:3722} INFO - Setting next_dagrun for dag_openaq to 2023-12-05T21:00:00+00:00, run_after=2023-12-05T22:00:00+00:00
[2023-12-05T21:52:16.810+0000] {processor.py:179} INFO - Processing /opt/airflow/dags/dag_openaq.py took 0.290 seconds
[2023-12-05T21:52:26.970+0000] {processor.py:157} INFO - Started process (PID=233) to work on /opt/airflow/dags/dag_openaq.py
[2023-12-05T21:52:26.970+0000] {processor.py:829} INFO - Processing file /opt/airflow/dags/dag_openaq.py for tasks to queue
[2023-12-05T21:52:26.971+0000] {logging_mixin.py:154} INFO - [2023-12-05T21:52:26.971+0000] {dagbag.py:536} INFO - Filling up the DagBag from /opt/airflow/dags/dag_openaq.py
[2023-12-05T21:52:27.304+0000] {processor.py:839} INFO - DAG(s) dict_keys(['dag_openaq']) retrieved from /opt/airflow/dags/dag_openaq.py
[2023-12-05T21:52:27.333+0000] {logging_mixin.py:154} INFO - [2023-12-05T21:52:27.333+0000] {dag.py:2941} INFO - Sync 1 DAGs
[2023-12-05T21:52:27.344+0000] {logging_mixin.py:154} INFO - [2023-12-05T21:52:27.344+0000] {dag.py:3722} INFO - Setting next_dagrun for dag_openaq to 2023-12-05T21:00:00+00:00, run_after=2023-12-05T22:00:00+00:00
[2023-12-05T21:52:27.351+0000] {processor.py:179} INFO - Processing /opt/airflow/dags/dag_openaq.py took 0.389 seconds
[2023-12-05T21:52:37.515+0000] {processor.py:157} INFO - Started process (PID=245) to work on /opt/airflow/dags/dag_openaq.py
[2023-12-05T21:52:37.516+0000] {processor.py:829} INFO - Processing file /opt/airflow/dags/dag_openaq.py for tasks to queue
[2023-12-05T21:52:37.518+0000] {logging_mixin.py:154} INFO - [2023-12-05T21:52:37.517+0000] {dagbag.py:536} INFO - Filling up the DagBag from /opt/airflow/dags/dag_openaq.py
[2023-12-05T21:52:37.792+0000] {processor.py:839} INFO - DAG(s) dict_keys(['dag_openaq']) retrieved from /opt/airflow/dags/dag_openaq.py
[2023-12-05T21:52:37.805+0000] {logging_mixin.py:154} INFO - [2023-12-05T21:52:37.805+0000] {dag.py:2941} INFO - Sync 1 DAGs
[2023-12-05T21:52:37.815+0000] {logging_mixin.py:154} INFO - [2023-12-05T21:52:37.815+0000] {dag.py:3722} INFO - Setting next_dagrun for dag_openaq to 2023-12-05T21:00:00+00:00, run_after=2023-12-05T22:00:00+00:00
[2023-12-05T21:52:37.822+0000] {processor.py:179} INFO - Processing /opt/airflow/dags/dag_openaq.py took 0.311 seconds
[2023-12-05T21:52:48.005+0000] {processor.py:157} INFO - Started process (PID=257) to work on /opt/airflow/dags/dag_openaq.py
[2023-12-05T21:52:48.007+0000] {processor.py:829} INFO - Processing file /opt/airflow/dags/dag_openaq.py for tasks to queue
[2023-12-05T21:52:48.008+0000] {logging_mixin.py:154} INFO - [2023-12-05T21:52:48.008+0000] {dagbag.py:536} INFO - Filling up the DagBag from /opt/airflow/dags/dag_openaq.py
[2023-12-05T21:52:48.394+0000] {processor.py:839} INFO - DAG(s) dict_keys(['dag_openaq']) retrieved from /opt/airflow/dags/dag_openaq.py
[2023-12-05T21:52:48.409+0000] {logging_mixin.py:154} INFO - [2023-12-05T21:52:48.408+0000] {dag.py:2941} INFO - Sync 1 DAGs
[2023-12-05T21:52:48.419+0000] {logging_mixin.py:154} INFO - [2023-12-05T21:52:48.419+0000] {dag.py:3722} INFO - Setting next_dagrun for dag_openaq to 2023-12-05T21:00:00+00:00, run_after=2023-12-05T22:00:00+00:00
[2023-12-05T21:52:48.427+0000] {processor.py:179} INFO - Processing /opt/airflow/dags/dag_openaq.py took 0.426 seconds
[2023-12-05T21:52:58.566+0000] {processor.py:157} INFO - Started process (PID=269) to work on /opt/airflow/dags/dag_openaq.py
[2023-12-05T21:52:58.567+0000] {processor.py:829} INFO - Processing file /opt/airflow/dags/dag_openaq.py for tasks to queue
[2023-12-05T21:52:58.568+0000] {logging_mixin.py:154} INFO - [2023-12-05T21:52:58.567+0000] {dagbag.py:536} INFO - Filling up the DagBag from /opt/airflow/dags/dag_openaq.py
[2023-12-05T21:52:58.914+0000] {processor.py:839} INFO - DAG(s) dict_keys(['dag_openaq']) retrieved from /opt/airflow/dags/dag_openaq.py
[2023-12-05T21:52:58.930+0000] {logging_mixin.py:154} INFO - [2023-12-05T21:52:58.930+0000] {dag.py:2941} INFO - Sync 1 DAGs
[2023-12-05T21:52:58.942+0000] {logging_mixin.py:154} INFO - [2023-12-05T21:52:58.942+0000] {dag.py:3722} INFO - Setting next_dagrun for dag_openaq to 2023-12-05T21:00:00+00:00, run_after=2023-12-05T22:00:00+00:00
[2023-12-05T21:52:58.954+0000] {processor.py:179} INFO - Processing /opt/airflow/dags/dag_openaq.py took 0.391 seconds
[2023-12-05T21:53:09.115+0000] {processor.py:157} INFO - Started process (PID=281) to work on /opt/airflow/dags/dag_openaq.py
[2023-12-05T21:53:09.116+0000] {processor.py:829} INFO - Processing file /opt/airflow/dags/dag_openaq.py for tasks to queue
[2023-12-05T21:53:09.117+0000] {logging_mixin.py:154} INFO - [2023-12-05T21:53:09.117+0000] {dagbag.py:536} INFO - Filling up the DagBag from /opt/airflow/dags/dag_openaq.py
[2023-12-05T21:53:09.478+0000] {processor.py:839} INFO - DAG(s) dict_keys(['dag_openaq']) retrieved from /opt/airflow/dags/dag_openaq.py
[2023-12-05T21:53:09.493+0000] {logging_mixin.py:154} INFO - [2023-12-05T21:53:09.493+0000] {dag.py:2941} INFO - Sync 1 DAGs
[2023-12-05T21:53:09.504+0000] {logging_mixin.py:154} INFO - [2023-12-05T21:53:09.504+0000] {dag.py:3722} INFO - Setting next_dagrun for dag_openaq to 2023-12-05T21:00:00+00:00, run_after=2023-12-05T22:00:00+00:00
[2023-12-05T21:53:09.511+0000] {processor.py:179} INFO - Processing /opt/airflow/dags/dag_openaq.py took 0.401 seconds
[2023-12-05T21:53:19.632+0000] {processor.py:157} INFO - Started process (PID=293) to work on /opt/airflow/dags/dag_openaq.py
[2023-12-05T21:53:19.633+0000] {processor.py:829} INFO - Processing file /opt/airflow/dags/dag_openaq.py for tasks to queue
[2023-12-05T21:53:19.634+0000] {logging_mixin.py:154} INFO - [2023-12-05T21:53:19.634+0000] {dagbag.py:536} INFO - Filling up the DagBag from /opt/airflow/dags/dag_openaq.py
[2023-12-05T21:53:20.045+0000] {processor.py:839} INFO - DAG(s) dict_keys(['dag_openaq']) retrieved from /opt/airflow/dags/dag_openaq.py
[2023-12-05T21:53:20.065+0000] {logging_mixin.py:154} INFO - [2023-12-05T21:53:20.065+0000] {dag.py:2941} INFO - Sync 1 DAGs
[2023-12-05T21:53:20.077+0000] {logging_mixin.py:154} INFO - [2023-12-05T21:53:20.077+0000] {dag.py:3722} INFO - Setting next_dagrun for dag_openaq to 2023-12-05T21:00:00+00:00, run_after=2023-12-05T22:00:00+00:00
[2023-12-05T21:53:20.084+0000] {processor.py:179} INFO - Processing /opt/airflow/dags/dag_openaq.py took 0.455 seconds
[2023-12-05T21:53:30.256+0000] {processor.py:157} INFO - Started process (PID=305) to work on /opt/airflow/dags/dag_openaq.py
[2023-12-05T21:53:30.257+0000] {processor.py:829} INFO - Processing file /opt/airflow/dags/dag_openaq.py for tasks to queue
[2023-12-05T21:53:30.258+0000] {logging_mixin.py:154} INFO - [2023-12-05T21:53:30.258+0000] {dagbag.py:536} INFO - Filling up the DagBag from /opt/airflow/dags/dag_openaq.py
[2023-12-05T21:53:30.640+0000] {processor.py:839} INFO - DAG(s) dict_keys(['dag_openaq']) retrieved from /opt/airflow/dags/dag_openaq.py
[2023-12-05T21:53:30.657+0000] {logging_mixin.py:154} INFO - [2023-12-05T21:53:30.657+0000] {dag.py:2941} INFO - Sync 1 DAGs
[2023-12-05T21:53:30.676+0000] {logging_mixin.py:154} INFO - [2023-12-05T21:53:30.676+0000] {dag.py:3722} INFO - Setting next_dagrun for dag_openaq to 2023-12-05T21:00:00+00:00, run_after=2023-12-05T22:00:00+00:00
[2023-12-05T21:53:30.687+0000] {processor.py:179} INFO - Processing /opt/airflow/dags/dag_openaq.py took 0.435 seconds
[2023-12-05T21:53:40.843+0000] {processor.py:157} INFO - Started process (PID=317) to work on /opt/airflow/dags/dag_openaq.py
[2023-12-05T21:53:40.845+0000] {processor.py:829} INFO - Processing file /opt/airflow/dags/dag_openaq.py for tasks to queue
[2023-12-05T21:53:40.847+0000] {logging_mixin.py:154} INFO - [2023-12-05T21:53:40.846+0000] {dagbag.py:536} INFO - Filling up the DagBag from /opt/airflow/dags/dag_openaq.py
[2023-12-05T21:53:41.259+0000] {processor.py:839} INFO - DAG(s) dict_keys(['dag_openaq']) retrieved from /opt/airflow/dags/dag_openaq.py
[2023-12-05T21:53:41.278+0000] {logging_mixin.py:154} INFO - [2023-12-05T21:53:41.277+0000] {dag.py:2941} INFO - Sync 1 DAGs
[2023-12-05T21:53:41.288+0000] {logging_mixin.py:154} INFO - [2023-12-05T21:53:41.288+0000] {dag.py:3722} INFO - Setting next_dagrun for dag_openaq to 2023-12-05T21:00:00+00:00, run_after=2023-12-05T22:00:00+00:00
[2023-12-05T21:53:41.295+0000] {processor.py:179} INFO - Processing /opt/airflow/dags/dag_openaq.py took 0.460 seconds
[2023-12-05T21:53:51.357+0000] {processor.py:157} INFO - Started process (PID=332) to work on /opt/airflow/dags/dag_openaq.py
[2023-12-05T21:53:51.358+0000] {processor.py:829} INFO - Processing file /opt/airflow/dags/dag_openaq.py for tasks to queue
[2023-12-05T21:53:51.359+0000] {logging_mixin.py:154} INFO - [2023-12-05T21:53:51.359+0000] {dagbag.py:536} INFO - Filling up the DagBag from /opt/airflow/dags/dag_openaq.py
[2023-12-05T21:53:51.645+0000] {processor.py:839} INFO - DAG(s) dict_keys(['dag_openaq']) retrieved from /opt/airflow/dags/dag_openaq.py
[2023-12-05T21:53:51.663+0000] {logging_mixin.py:154} INFO - [2023-12-05T21:53:51.663+0000] {dag.py:2941} INFO - Sync 1 DAGs
[2023-12-05T21:53:51.673+0000] {logging_mixin.py:154} INFO - [2023-12-05T21:53:51.673+0000] {dag.py:3722} INFO - Setting next_dagrun for dag_openaq to 2023-12-05T21:00:00+00:00, run_after=2023-12-05T22:00:00+00:00
[2023-12-05T21:53:51.679+0000] {processor.py:179} INFO - Processing /opt/airflow/dags/dag_openaq.py took 0.327 seconds
[2023-12-05T21:54:01.835+0000] {processor.py:157} INFO - Started process (PID=344) to work on /opt/airflow/dags/dag_openaq.py
[2023-12-05T21:54:01.836+0000] {processor.py:829} INFO - Processing file /opt/airflow/dags/dag_openaq.py for tasks to queue
[2023-12-05T21:54:01.838+0000] {logging_mixin.py:154} INFO - [2023-12-05T21:54:01.837+0000] {dagbag.py:536} INFO - Filling up the DagBag from /opt/airflow/dags/dag_openaq.py
[2023-12-05T21:54:02.110+0000] {processor.py:839} INFO - DAG(s) dict_keys(['dag_openaq']) retrieved from /opt/airflow/dags/dag_openaq.py
[2023-12-05T21:54:02.124+0000] {logging_mixin.py:154} INFO - [2023-12-05T21:54:02.123+0000] {dag.py:2941} INFO - Sync 1 DAGs
[2023-12-05T21:54:02.133+0000] {logging_mixin.py:154} INFO - [2023-12-05T21:54:02.133+0000] {dag.py:3722} INFO - Setting next_dagrun for dag_openaq to 2023-12-05T21:00:00+00:00, run_after=2023-12-05T22:00:00+00:00
[2023-12-05T21:54:02.139+0000] {processor.py:179} INFO - Processing /opt/airflow/dags/dag_openaq.py took 0.309 seconds
[2023-12-05T21:54:12.253+0000] {processor.py:157} INFO - Started process (PID=356) to work on /opt/airflow/dags/dag_openaq.py
[2023-12-05T21:54:12.254+0000] {processor.py:829} INFO - Processing file /opt/airflow/dags/dag_openaq.py for tasks to queue
[2023-12-05T21:54:12.255+0000] {logging_mixin.py:154} INFO - [2023-12-05T21:54:12.255+0000] {dagbag.py:536} INFO - Filling up the DagBag from /opt/airflow/dags/dag_openaq.py
[2023-12-05T21:54:12.458+0000] {processor.py:839} INFO - DAG(s) dict_keys(['dag_openaq']) retrieved from /opt/airflow/dags/dag_openaq.py
[2023-12-05T21:54:12.473+0000] {logging_mixin.py:154} INFO - [2023-12-05T21:54:12.473+0000] {dag.py:2941} INFO - Sync 1 DAGs
[2023-12-05T21:54:12.481+0000] {logging_mixin.py:154} INFO - [2023-12-05T21:54:12.481+0000] {dag.py:3722} INFO - Setting next_dagrun for dag_openaq to 2023-12-05T21:00:00+00:00, run_after=2023-12-05T22:00:00+00:00
[2023-12-05T21:54:12.487+0000] {processor.py:179} INFO - Processing /opt/airflow/dags/dag_openaq.py took 0.238 seconds
[2023-12-05T21:54:22.628+0000] {processor.py:157} INFO - Started process (PID=368) to work on /opt/airflow/dags/dag_openaq.py
[2023-12-05T21:54:22.630+0000] {processor.py:829} INFO - Processing file /opt/airflow/dags/dag_openaq.py for tasks to queue
[2023-12-05T21:54:22.631+0000] {logging_mixin.py:154} INFO - [2023-12-05T21:54:22.631+0000] {dagbag.py:536} INFO - Filling up the DagBag from /opt/airflow/dags/dag_openaq.py
[2023-12-05T21:54:22.848+0000] {processor.py:839} INFO - DAG(s) dict_keys(['dag_openaq']) retrieved from /opt/airflow/dags/dag_openaq.py
[2023-12-05T21:54:22.860+0000] {logging_mixin.py:154} INFO - [2023-12-05T21:54:22.860+0000] {dag.py:2941} INFO - Sync 1 DAGs
[2023-12-05T21:54:22.869+0000] {logging_mixin.py:154} INFO - [2023-12-05T21:54:22.869+0000] {dag.py:3722} INFO - Setting next_dagrun for dag_openaq to 2023-12-05T21:00:00+00:00, run_after=2023-12-05T22:00:00+00:00
[2023-12-05T21:54:22.876+0000] {processor.py:179} INFO - Processing /opt/airflow/dags/dag_openaq.py took 0.253 seconds
[2023-12-05T21:54:33.025+0000] {processor.py:157} INFO - Started process (PID=380) to work on /opt/airflow/dags/dag_openaq.py
[2023-12-05T21:54:33.027+0000] {processor.py:829} INFO - Processing file /opt/airflow/dags/dag_openaq.py for tasks to queue
[2023-12-05T21:54:33.028+0000] {logging_mixin.py:154} INFO - [2023-12-05T21:54:33.028+0000] {dagbag.py:536} INFO - Filling up the DagBag from /opt/airflow/dags/dag_openaq.py
[2023-12-05T21:54:33.254+0000] {processor.py:839} INFO - DAG(s) dict_keys(['dag_openaq']) retrieved from /opt/airflow/dags/dag_openaq.py
[2023-12-05T21:54:33.266+0000] {logging_mixin.py:154} INFO - [2023-12-05T21:54:33.266+0000] {dag.py:2941} INFO - Sync 1 DAGs
[2023-12-05T21:54:33.274+0000] {logging_mixin.py:154} INFO - [2023-12-05T21:54:33.274+0000] {dag.py:3722} INFO - Setting next_dagrun for dag_openaq to 2023-12-05T21:00:00+00:00, run_after=2023-12-05T22:00:00+00:00
[2023-12-05T21:54:33.281+0000] {processor.py:179} INFO - Processing /opt/airflow/dags/dag_openaq.py took 0.261 seconds
[2023-12-05T21:54:43.458+0000] {processor.py:157} INFO - Started process (PID=407) to work on /opt/airflow/dags/dag_openaq.py
[2023-12-05T21:54:43.460+0000] {processor.py:829} INFO - Processing file /opt/airflow/dags/dag_openaq.py for tasks to queue
[2023-12-05T21:54:43.461+0000] {logging_mixin.py:154} INFO - [2023-12-05T21:54:43.461+0000] {dagbag.py:536} INFO - Filling up the DagBag from /opt/airflow/dags/dag_openaq.py
[2023-12-05T21:54:43.770+0000] {processor.py:839} INFO - DAG(s) dict_keys(['dag_openaq']) retrieved from /opt/airflow/dags/dag_openaq.py
[2023-12-05T21:54:43.788+0000] {logging_mixin.py:154} INFO - [2023-12-05T21:54:43.788+0000] {dag.py:2941} INFO - Sync 1 DAGs
[2023-12-05T21:54:43.798+0000] {logging_mixin.py:154} INFO - [2023-12-05T21:54:43.797+0000] {dag.py:3722} INFO - Setting next_dagrun for dag_openaq to 2023-12-05T21:00:00+00:00, run_after=2023-12-05T22:00:00+00:00
[2023-12-05T21:54:43.805+0000] {processor.py:179} INFO - Processing /opt/airflow/dags/dag_openaq.py took 0.352 seconds
[2023-12-05T21:54:53.986+0000] {processor.py:157} INFO - Started process (PID=422) to work on /opt/airflow/dags/dag_openaq.py
[2023-12-05T21:54:53.988+0000] {processor.py:829} INFO - Processing file /opt/airflow/dags/dag_openaq.py for tasks to queue
[2023-12-05T21:54:53.990+0000] {logging_mixin.py:154} INFO - [2023-12-05T21:54:53.989+0000] {dagbag.py:536} INFO - Filling up the DagBag from /opt/airflow/dags/dag_openaq.py
[2023-12-05T21:54:54.323+0000] {processor.py:839} INFO - DAG(s) dict_keys(['dag_openaq']) retrieved from /opt/airflow/dags/dag_openaq.py
[2023-12-05T21:54:54.343+0000] {logging_mixin.py:154} INFO - [2023-12-05T21:54:54.343+0000] {dag.py:2941} INFO - Sync 1 DAGs
[2023-12-05T21:54:54.353+0000] {logging_mixin.py:154} INFO - [2023-12-05T21:54:54.353+0000] {dag.py:3722} INFO - Setting next_dagrun for dag_openaq to 2023-12-05T21:00:00+00:00, run_after=2023-12-05T22:00:00+00:00
[2023-12-05T21:54:54.361+0000] {processor.py:179} INFO - Processing /opt/airflow/dags/dag_openaq.py took 0.382 seconds
[2023-12-05T21:55:04.478+0000] {processor.py:157} INFO - Started process (PID=434) to work on /opt/airflow/dags/dag_openaq.py
[2023-12-05T21:55:04.479+0000] {processor.py:829} INFO - Processing file /opt/airflow/dags/dag_openaq.py for tasks to queue
[2023-12-05T21:55:04.480+0000] {logging_mixin.py:154} INFO - [2023-12-05T21:55:04.480+0000] {dagbag.py:536} INFO - Filling up the DagBag from /opt/airflow/dags/dag_openaq.py
[2023-12-05T21:55:04.767+0000] {processor.py:839} INFO - DAG(s) dict_keys(['dag_openaq']) retrieved from /opt/airflow/dags/dag_openaq.py
[2023-12-05T21:55:04.782+0000] {logging_mixin.py:154} INFO - [2023-12-05T21:55:04.782+0000] {dag.py:2941} INFO - Sync 1 DAGs
[2023-12-05T21:55:04.791+0000] {logging_mixin.py:154} INFO - [2023-12-05T21:55:04.791+0000] {dag.py:3722} INFO - Setting next_dagrun for dag_openaq to 2023-12-05T21:00:00+00:00, run_after=2023-12-05T22:00:00+00:00
[2023-12-05T21:55:04.799+0000] {processor.py:179} INFO - Processing /opt/airflow/dags/dag_openaq.py took 0.324 seconds
[2023-12-05T21:55:14.918+0000] {processor.py:157} INFO - Started process (PID=446) to work on /opt/airflow/dags/dag_openaq.py
[2023-12-05T21:55:14.920+0000] {processor.py:829} INFO - Processing file /opt/airflow/dags/dag_openaq.py for tasks to queue
[2023-12-05T21:55:14.921+0000] {logging_mixin.py:154} INFO - [2023-12-05T21:55:14.920+0000] {dagbag.py:536} INFO - Filling up the DagBag from /opt/airflow/dags/dag_openaq.py
[2023-12-05T21:55:15.184+0000] {processor.py:839} INFO - DAG(s) dict_keys(['dag_openaq']) retrieved from /opt/airflow/dags/dag_openaq.py
[2023-12-05T21:55:15.197+0000] {logging_mixin.py:154} INFO - [2023-12-05T21:55:15.197+0000] {dag.py:2941} INFO - Sync 1 DAGs
[2023-12-05T21:55:15.207+0000] {logging_mixin.py:154} INFO - [2023-12-05T21:55:15.207+0000] {dag.py:3722} INFO - Setting next_dagrun for dag_openaq to 2023-12-05T21:00:00+00:00, run_after=2023-12-05T22:00:00+00:00
[2023-12-05T21:55:15.213+0000] {processor.py:179} INFO - Processing /opt/airflow/dags/dag_openaq.py took 0.300 seconds
[2023-12-05T21:55:25.383+0000] {processor.py:157} INFO - Started process (PID=458) to work on /opt/airflow/dags/dag_openaq.py
[2023-12-05T21:55:25.386+0000] {processor.py:829} INFO - Processing file /opt/airflow/dags/dag_openaq.py for tasks to queue
[2023-12-05T21:55:25.387+0000] {logging_mixin.py:154} INFO - [2023-12-05T21:55:25.387+0000] {dagbag.py:536} INFO - Filling up the DagBag from /opt/airflow/dags/dag_openaq.py
[2023-12-05T21:55:25.708+0000] {processor.py:839} INFO - DAG(s) dict_keys(['dag_openaq']) retrieved from /opt/airflow/dags/dag_openaq.py
[2023-12-05T21:55:25.723+0000] {logging_mixin.py:154} INFO - [2023-12-05T21:55:25.723+0000] {dag.py:2941} INFO - Sync 1 DAGs
[2023-12-05T21:55:25.733+0000] {logging_mixin.py:154} INFO - [2023-12-05T21:55:25.733+0000] {dag.py:3722} INFO - Setting next_dagrun for dag_openaq to 2023-12-05T21:00:00+00:00, run_after=2023-12-05T22:00:00+00:00
[2023-12-05T21:55:25.740+0000] {processor.py:179} INFO - Processing /opt/airflow/dags/dag_openaq.py took 0.365 seconds
[2023-12-05T21:55:35.889+0000] {processor.py:157} INFO - Started process (PID=470) to work on /opt/airflow/dags/dag_openaq.py
[2023-12-05T21:55:35.891+0000] {processor.py:829} INFO - Processing file /opt/airflow/dags/dag_openaq.py for tasks to queue
[2023-12-05T21:55:35.892+0000] {logging_mixin.py:154} INFO - [2023-12-05T21:55:35.891+0000] {dagbag.py:536} INFO - Filling up the DagBag from /opt/airflow/dags/dag_openaq.py
[2023-12-05T21:55:36.104+0000] {processor.py:839} INFO - DAG(s) dict_keys(['dag_openaq']) retrieved from /opt/airflow/dags/dag_openaq.py
[2023-12-05T21:55:36.115+0000] {logging_mixin.py:154} INFO - [2023-12-05T21:55:36.115+0000] {dag.py:2941} INFO - Sync 1 DAGs
[2023-12-05T21:55:36.124+0000] {logging_mixin.py:154} INFO - [2023-12-05T21:55:36.124+0000] {dag.py:3722} INFO - Setting next_dagrun for dag_openaq to 2023-12-05T21:00:00+00:00, run_after=2023-12-05T22:00:00+00:00
[2023-12-05T21:55:36.130+0000] {processor.py:179} INFO - Processing /opt/airflow/dags/dag_openaq.py took 0.246 seconds
[2023-12-05T21:55:46.285+0000] {processor.py:157} INFO - Started process (PID=482) to work on /opt/airflow/dags/dag_openaq.py
[2023-12-05T21:55:46.287+0000] {processor.py:829} INFO - Processing file /opt/airflow/dags/dag_openaq.py for tasks to queue
[2023-12-05T21:55:46.288+0000] {logging_mixin.py:154} INFO - [2023-12-05T21:55:46.287+0000] {dagbag.py:536} INFO - Filling up the DagBag from /opt/airflow/dags/dag_openaq.py
[2023-12-05T21:55:46.504+0000] {processor.py:839} INFO - DAG(s) dict_keys(['dag_openaq']) retrieved from /opt/airflow/dags/dag_openaq.py
[2023-12-05T21:55:46.516+0000] {logging_mixin.py:154} INFO - [2023-12-05T21:55:46.516+0000] {dag.py:2941} INFO - Sync 1 DAGs
[2023-12-05T21:55:46.525+0000] {logging_mixin.py:154} INFO - [2023-12-05T21:55:46.525+0000] {dag.py:3722} INFO - Setting next_dagrun for dag_openaq to 2023-12-05T21:00:00+00:00, run_after=2023-12-05T22:00:00+00:00
[2023-12-05T21:55:46.532+0000] {processor.py:179} INFO - Processing /opt/airflow/dags/dag_openaq.py took 0.254 seconds
[2023-12-05T21:55:56.710+0000] {processor.py:157} INFO - Started process (PID=494) to work on /opt/airflow/dags/dag_openaq.py
[2023-12-05T21:55:56.712+0000] {processor.py:829} INFO - Processing file /opt/airflow/dags/dag_openaq.py for tasks to queue
[2023-12-05T21:55:56.714+0000] {logging_mixin.py:154} INFO - [2023-12-05T21:55:56.713+0000] {dagbag.py:536} INFO - Filling up the DagBag from /opt/airflow/dags/dag_openaq.py
[2023-12-05T21:55:56.935+0000] {processor.py:839} INFO - DAG(s) dict_keys(['dag_openaq']) retrieved from /opt/airflow/dags/dag_openaq.py
[2023-12-05T21:55:56.947+0000] {logging_mixin.py:154} INFO - [2023-12-05T21:55:56.947+0000] {dag.py:2941} INFO - Sync 1 DAGs
[2023-12-05T21:55:56.955+0000] {logging_mixin.py:154} INFO - [2023-12-05T21:55:56.955+0000] {dag.py:3722} INFO - Setting next_dagrun for dag_openaq to 2023-12-05T21:00:00+00:00, run_after=2023-12-05T22:00:00+00:00
[2023-12-05T21:55:56.962+0000] {processor.py:179} INFO - Processing /opt/airflow/dags/dag_openaq.py took 0.258 seconds
[2023-12-05T21:56:07.104+0000] {processor.py:157} INFO - Started process (PID=506) to work on /opt/airflow/dags/dag_openaq.py
[2023-12-05T21:56:07.106+0000] {processor.py:829} INFO - Processing file /opt/airflow/dags/dag_openaq.py for tasks to queue
[2023-12-05T21:56:07.107+0000] {logging_mixin.py:154} INFO - [2023-12-05T21:56:07.106+0000] {dagbag.py:536} INFO - Filling up the DagBag from /opt/airflow/dags/dag_openaq.py
[2023-12-05T21:56:07.404+0000] {processor.py:839} INFO - DAG(s) dict_keys(['dag_openaq']) retrieved from /opt/airflow/dags/dag_openaq.py
[2023-12-05T21:56:07.419+0000] {logging_mixin.py:154} INFO - [2023-12-05T21:56:07.419+0000] {dag.py:2941} INFO - Sync 1 DAGs
[2023-12-05T21:56:07.428+0000] {logging_mixin.py:154} INFO - [2023-12-05T21:56:07.428+0000] {dag.py:3722} INFO - Setting next_dagrun for dag_openaq to 2023-12-05T21:00:00+00:00, run_after=2023-12-05T22:00:00+00:00
[2023-12-05T21:56:07.435+0000] {processor.py:179} INFO - Processing /opt/airflow/dags/dag_openaq.py took 0.336 seconds
[2023-12-05T21:56:17.578+0000] {processor.py:157} INFO - Started process (PID=518) to work on /opt/airflow/dags/dag_openaq.py
[2023-12-05T21:56:17.579+0000] {processor.py:829} INFO - Processing file /opt/airflow/dags/dag_openaq.py for tasks to queue
[2023-12-05T21:56:17.580+0000] {logging_mixin.py:154} INFO - [2023-12-05T21:56:17.580+0000] {dagbag.py:536} INFO - Filling up the DagBag from /opt/airflow/dags/dag_openaq.py
[2023-12-05T21:56:17.792+0000] {processor.py:839} INFO - DAG(s) dict_keys(['dag_openaq']) retrieved from /opt/airflow/dags/dag_openaq.py
[2023-12-05T21:56:17.804+0000] {logging_mixin.py:154} INFO - [2023-12-05T21:56:17.804+0000] {dag.py:2941} INFO - Sync 1 DAGs
[2023-12-05T21:56:17.812+0000] {logging_mixin.py:154} INFO - [2023-12-05T21:56:17.812+0000] {dag.py:3722} INFO - Setting next_dagrun for dag_openaq to 2023-12-05T21:00:00+00:00, run_after=2023-12-05T22:00:00+00:00
[2023-12-05T21:56:17.818+0000] {processor.py:179} INFO - Processing /opt/airflow/dags/dag_openaq.py took 0.245 seconds
[2023-12-05T21:56:27.963+0000] {processor.py:157} INFO - Started process (PID=530) to work on /opt/airflow/dags/dag_openaq.py
[2023-12-05T21:56:27.965+0000] {processor.py:829} INFO - Processing file /opt/airflow/dags/dag_openaq.py for tasks to queue
[2023-12-05T21:56:27.967+0000] {logging_mixin.py:154} INFO - [2023-12-05T21:56:27.966+0000] {dagbag.py:536} INFO - Filling up the DagBag from /opt/airflow/dags/dag_openaq.py
[2023-12-05T21:56:28.258+0000] {processor.py:839} INFO - DAG(s) dict_keys(['dag_openaq']) retrieved from /opt/airflow/dags/dag_openaq.py
[2023-12-05T21:56:28.271+0000] {logging_mixin.py:154} INFO - [2023-12-05T21:56:28.271+0000] {dag.py:2941} INFO - Sync 1 DAGs
[2023-12-05T21:56:28.281+0000] {logging_mixin.py:154} INFO - [2023-12-05T21:56:28.281+0000] {dag.py:3722} INFO - Setting next_dagrun for dag_openaq to 2023-12-05T21:00:00+00:00, run_after=2023-12-05T22:00:00+00:00
[2023-12-05T21:56:28.289+0000] {processor.py:179} INFO - Processing /opt/airflow/dags/dag_openaq.py took 0.331 seconds
[2023-12-05T21:56:38.469+0000] {processor.py:157} INFO - Started process (PID=542) to work on /opt/airflow/dags/dag_openaq.py
[2023-12-05T21:56:38.471+0000] {processor.py:829} INFO - Processing file /opt/airflow/dags/dag_openaq.py for tasks to queue
[2023-12-05T21:56:38.472+0000] {logging_mixin.py:154} INFO - [2023-12-05T21:56:38.472+0000] {dagbag.py:536} INFO - Filling up the DagBag from /opt/airflow/dags/dag_openaq.py
[2023-12-05T21:56:38.769+0000] {processor.py:839} INFO - DAG(s) dict_keys(['dag_openaq']) retrieved from /opt/airflow/dags/dag_openaq.py
[2023-12-05T21:56:38.784+0000] {logging_mixin.py:154} INFO - [2023-12-05T21:56:38.783+0000] {dag.py:2941} INFO - Sync 1 DAGs
[2023-12-05T21:56:38.793+0000] {logging_mixin.py:154} INFO - [2023-12-05T21:56:38.793+0000] {dag.py:3722} INFO - Setting next_dagrun for dag_openaq to 2023-12-05T21:00:00+00:00, run_after=2023-12-05T22:00:00+00:00
[2023-12-05T21:56:38.800+0000] {processor.py:179} INFO - Processing /opt/airflow/dags/dag_openaq.py took 0.338 seconds
[2023-12-05T21:56:48.955+0000] {processor.py:157} INFO - Started process (PID=554) to work on /opt/airflow/dags/dag_openaq.py
[2023-12-05T21:56:48.959+0000] {processor.py:829} INFO - Processing file /opt/airflow/dags/dag_openaq.py for tasks to queue
[2023-12-05T21:56:48.960+0000] {logging_mixin.py:154} INFO - [2023-12-05T21:56:48.960+0000] {dagbag.py:536} INFO - Filling up the DagBag from /opt/airflow/dags/dag_openaq.py
[2023-12-05T21:56:49.394+0000] {processor.py:839} INFO - DAG(s) dict_keys(['dag_openaq']) retrieved from /opt/airflow/dags/dag_openaq.py
[2023-12-05T21:56:49.415+0000] {logging_mixin.py:154} INFO - [2023-12-05T21:56:49.415+0000] {dag.py:2941} INFO - Sync 1 DAGs
[2023-12-05T21:56:49.426+0000] {logging_mixin.py:154} INFO - [2023-12-05T21:56:49.426+0000] {dag.py:3722} INFO - Setting next_dagrun for dag_openaq to 2023-12-05T21:00:00+00:00, run_after=2023-12-05T22:00:00+00:00
[2023-12-05T21:56:49.434+0000] {processor.py:179} INFO - Processing /opt/airflow/dags/dag_openaq.py took 0.487 seconds
[2023-12-05T21:56:59.606+0000] {processor.py:157} INFO - Started process (PID=566) to work on /opt/airflow/dags/dag_openaq.py
[2023-12-05T21:56:59.610+0000] {processor.py:829} INFO - Processing file /opt/airflow/dags/dag_openaq.py for tasks to queue
[2023-12-05T21:56:59.611+0000] {logging_mixin.py:154} INFO - [2023-12-05T21:56:59.610+0000] {dagbag.py:536} INFO - Filling up the DagBag from /opt/airflow/dags/dag_openaq.py
[2023-12-05T21:56:59.841+0000] {processor.py:839} INFO - DAG(s) dict_keys(['dag_openaq']) retrieved from /opt/airflow/dags/dag_openaq.py
[2023-12-05T21:56:59.852+0000] {logging_mixin.py:154} INFO - [2023-12-05T21:56:59.852+0000] {dag.py:2941} INFO - Sync 1 DAGs
[2023-12-05T21:56:59.862+0000] {logging_mixin.py:154} INFO - [2023-12-05T21:56:59.862+0000] {dag.py:3722} INFO - Setting next_dagrun for dag_openaq to 2023-12-05T21:00:00+00:00, run_after=2023-12-05T22:00:00+00:00
[2023-12-05T21:56:59.869+0000] {processor.py:179} INFO - Processing /opt/airflow/dags/dag_openaq.py took 0.267 seconds
[2023-12-05T21:57:10.004+0000] {processor.py:157} INFO - Started process (PID=578) to work on /opt/airflow/dags/dag_openaq.py
[2023-12-05T21:57:10.005+0000] {processor.py:829} INFO - Processing file /opt/airflow/dags/dag_openaq.py for tasks to queue
[2023-12-05T21:57:10.006+0000] {logging_mixin.py:154} INFO - [2023-12-05T21:57:10.006+0000] {dagbag.py:536} INFO - Filling up the DagBag from /opt/airflow/dags/dag_openaq.py
[2023-12-05T21:57:10.254+0000] {processor.py:839} INFO - DAG(s) dict_keys(['dag_openaq']) retrieved from /opt/airflow/dags/dag_openaq.py
[2023-12-05T21:57:10.267+0000] {logging_mixin.py:154} INFO - [2023-12-05T21:57:10.267+0000] {dag.py:2941} INFO - Sync 1 DAGs
[2023-12-05T21:57:10.276+0000] {logging_mixin.py:154} INFO - [2023-12-05T21:57:10.276+0000] {dag.py:3722} INFO - Setting next_dagrun for dag_openaq to 2023-12-05T21:00:00+00:00, run_after=2023-12-05T22:00:00+00:00
[2023-12-05T21:57:10.284+0000] {processor.py:179} INFO - Processing /opt/airflow/dags/dag_openaq.py took 0.285 seconds
[2023-12-05T21:57:20.412+0000] {processor.py:157} INFO - Started process (PID=590) to work on /opt/airflow/dags/dag_openaq.py
[2023-12-05T21:57:20.415+0000] {processor.py:829} INFO - Processing file /opt/airflow/dags/dag_openaq.py for tasks to queue
[2023-12-05T21:57:20.416+0000] {logging_mixin.py:154} INFO - [2023-12-05T21:57:20.415+0000] {dagbag.py:536} INFO - Filling up the DagBag from /opt/airflow/dags/dag_openaq.py
[2023-12-05T21:57:20.627+0000] {processor.py:839} INFO - DAG(s) dict_keys(['dag_openaq']) retrieved from /opt/airflow/dags/dag_openaq.py
[2023-12-05T21:57:20.639+0000] {logging_mixin.py:154} INFO - [2023-12-05T21:57:20.638+0000] {dag.py:2941} INFO - Sync 1 DAGs
[2023-12-05T21:57:20.648+0000] {logging_mixin.py:154} INFO - [2023-12-05T21:57:20.648+0000] {dag.py:3722} INFO - Setting next_dagrun for dag_openaq to 2023-12-05T21:00:00+00:00, run_after=2023-12-05T22:00:00+00:00
[2023-12-05T21:57:20.655+0000] {processor.py:179} INFO - Processing /opt/airflow/dags/dag_openaq.py took 0.249 seconds
[2023-12-05T21:57:30.780+0000] {processor.py:157} INFO - Started process (PID=602) to work on /opt/airflow/dags/dag_openaq.py
[2023-12-05T21:57:30.781+0000] {processor.py:829} INFO - Processing file /opt/airflow/dags/dag_openaq.py for tasks to queue
[2023-12-05T21:57:30.782+0000] {logging_mixin.py:154} INFO - [2023-12-05T21:57:30.782+0000] {dagbag.py:536} INFO - Filling up the DagBag from /opt/airflow/dags/dag_openaq.py
[2023-12-05T21:57:31.064+0000] {processor.py:839} INFO - DAG(s) dict_keys(['dag_openaq']) retrieved from /opt/airflow/dags/dag_openaq.py
[2023-12-05T21:57:31.077+0000] {logging_mixin.py:154} INFO - [2023-12-05T21:57:31.077+0000] {dag.py:2941} INFO - Sync 1 DAGs
[2023-12-05T21:57:31.086+0000] {logging_mixin.py:154} INFO - [2023-12-05T21:57:31.086+0000] {dag.py:3722} INFO - Setting next_dagrun for dag_openaq to 2023-12-05T21:00:00+00:00, run_after=2023-12-05T22:00:00+00:00
[2023-12-05T21:57:31.093+0000] {processor.py:179} INFO - Processing /opt/airflow/dags/dag_openaq.py took 0.317 seconds
[2023-12-05T21:57:41.228+0000] {processor.py:157} INFO - Started process (PID=614) to work on /opt/airflow/dags/dag_openaq.py
[2023-12-05T21:57:41.230+0000] {processor.py:829} INFO - Processing file /opt/airflow/dags/dag_openaq.py for tasks to queue
[2023-12-05T21:57:41.231+0000] {logging_mixin.py:154} INFO - [2023-12-05T21:57:41.231+0000] {dagbag.py:536} INFO - Filling up the DagBag from /opt/airflow/dags/dag_openaq.py
[2023-12-05T21:57:41.433+0000] {processor.py:839} INFO - DAG(s) dict_keys(['dag_openaq']) retrieved from /opt/airflow/dags/dag_openaq.py
[2023-12-05T21:57:41.444+0000] {logging_mixin.py:154} INFO - [2023-12-05T21:57:41.443+0000] {dag.py:2941} INFO - Sync 1 DAGs
[2023-12-05T21:57:41.452+0000] {logging_mixin.py:154} INFO - [2023-12-05T21:57:41.452+0000] {dag.py:3722} INFO - Setting next_dagrun for dag_openaq to 2023-12-05T21:00:00+00:00, run_after=2023-12-05T22:00:00+00:00
[2023-12-05T21:57:41.459+0000] {processor.py:179} INFO - Processing /opt/airflow/dags/dag_openaq.py took 0.233 seconds
[2023-12-05T21:57:51.612+0000] {processor.py:157} INFO - Started process (PID=626) to work on /opt/airflow/dags/dag_openaq.py
[2023-12-05T21:57:51.615+0000] {processor.py:829} INFO - Processing file /opt/airflow/dags/dag_openaq.py for tasks to queue
[2023-12-05T21:57:51.617+0000] {logging_mixin.py:154} INFO - [2023-12-05T21:57:51.616+0000] {dagbag.py:536} INFO - Filling up the DagBag from /opt/airflow/dags/dag_openaq.py
[2023-12-05T21:57:51.909+0000] {processor.py:839} INFO - DAG(s) dict_keys(['dag_openaq']) retrieved from /opt/airflow/dags/dag_openaq.py
[2023-12-05T21:57:51.925+0000] {logging_mixin.py:154} INFO - [2023-12-05T21:57:51.924+0000] {dag.py:2941} INFO - Sync 1 DAGs
[2023-12-05T21:57:51.937+0000] {logging_mixin.py:154} INFO - [2023-12-05T21:57:51.937+0000] {dag.py:3722} INFO - Setting next_dagrun for dag_openaq to 2023-12-05T21:00:00+00:00, run_after=2023-12-05T22:00:00+00:00
[2023-12-05T21:57:51.944+0000] {processor.py:179} INFO - Processing /opt/airflow/dags/dag_openaq.py took 0.342 seconds
[2023-12-05T21:58:02.042+0000] {processor.py:157} INFO - Started process (PID=638) to work on /opt/airflow/dags/dag_openaq.py
[2023-12-05T21:58:02.044+0000] {processor.py:829} INFO - Processing file /opt/airflow/dags/dag_openaq.py for tasks to queue
[2023-12-05T21:58:02.046+0000] {logging_mixin.py:154} INFO - [2023-12-05T21:58:02.045+0000] {dagbag.py:536} INFO - Filling up the DagBag from /opt/airflow/dags/dag_openaq.py
[2023-12-05T21:58:02.289+0000] {processor.py:839} INFO - DAG(s) dict_keys(['dag_openaq']) retrieved from /opt/airflow/dags/dag_openaq.py
[2023-12-05T21:58:02.301+0000] {logging_mixin.py:154} INFO - [2023-12-05T21:58:02.300+0000] {dag.py:2941} INFO - Sync 1 DAGs
[2023-12-05T21:58:02.310+0000] {logging_mixin.py:154} INFO - [2023-12-05T21:58:02.310+0000] {dag.py:3722} INFO - Setting next_dagrun for dag_openaq to 2023-12-05T21:00:00+00:00, run_after=2023-12-05T22:00:00+00:00
[2023-12-05T21:58:02.317+0000] {processor.py:179} INFO - Processing /opt/airflow/dags/dag_openaq.py took 0.282 seconds
[2023-12-05T21:58:12.448+0000] {processor.py:157} INFO - Started process (PID=650) to work on /opt/airflow/dags/dag_openaq.py
[2023-12-05T21:58:12.450+0000] {processor.py:829} INFO - Processing file /opt/airflow/dags/dag_openaq.py for tasks to queue
[2023-12-05T21:58:12.451+0000] {logging_mixin.py:154} INFO - [2023-12-05T21:58:12.450+0000] {dagbag.py:536} INFO - Filling up the DagBag from /opt/airflow/dags/dag_openaq.py
[2023-12-05T21:58:12.742+0000] {processor.py:839} INFO - DAG(s) dict_keys(['dag_openaq']) retrieved from /opt/airflow/dags/dag_openaq.py
[2023-12-05T21:58:12.764+0000] {logging_mixin.py:154} INFO - [2023-12-05T21:58:12.763+0000] {dag.py:2941} INFO - Sync 1 DAGs
[2023-12-05T21:58:12.779+0000] {logging_mixin.py:154} INFO - [2023-12-05T21:58:12.779+0000] {dag.py:3722} INFO - Setting next_dagrun for dag_openaq to 2023-12-05T21:00:00+00:00, run_after=2023-12-05T22:00:00+00:00
[2023-12-05T21:58:12.790+0000] {processor.py:179} INFO - Processing /opt/airflow/dags/dag_openaq.py took 0.346 seconds
[2023-12-05T21:58:22.939+0000] {processor.py:157} INFO - Started process (PID=662) to work on /opt/airflow/dags/dag_openaq.py
[2023-12-05T21:58:22.942+0000] {processor.py:829} INFO - Processing file /opt/airflow/dags/dag_openaq.py for tasks to queue
[2023-12-05T21:58:22.943+0000] {logging_mixin.py:154} INFO - [2023-12-05T21:58:22.942+0000] {dagbag.py:536} INFO - Filling up the DagBag from /opt/airflow/dags/dag_openaq.py
[2023-12-05T21:58:23.230+0000] {processor.py:839} INFO - DAG(s) dict_keys(['dag_openaq']) retrieved from /opt/airflow/dags/dag_openaq.py
[2023-12-05T21:58:23.243+0000] {logging_mixin.py:154} INFO - [2023-12-05T21:58:23.243+0000] {dag.py:2941} INFO - Sync 1 DAGs
[2023-12-05T21:58:23.252+0000] {logging_mixin.py:154} INFO - [2023-12-05T21:58:23.252+0000] {dag.py:3722} INFO - Setting next_dagrun for dag_openaq to 2023-12-05T21:00:00+00:00, run_after=2023-12-05T22:00:00+00:00
[2023-12-05T21:58:23.259+0000] {processor.py:179} INFO - Processing /opt/airflow/dags/dag_openaq.py took 0.326 seconds
[2023-12-05T21:58:33.418+0000] {processor.py:157} INFO - Started process (PID=674) to work on /opt/airflow/dags/dag_openaq.py
[2023-12-05T21:58:33.420+0000] {processor.py:829} INFO - Processing file /opt/airflow/dags/dag_openaq.py for tasks to queue
[2023-12-05T21:58:33.421+0000] {logging_mixin.py:154} INFO - [2023-12-05T21:58:33.421+0000] {dagbag.py:536} INFO - Filling up the DagBag from /opt/airflow/dags/dag_openaq.py
[2023-12-05T21:58:33.683+0000] {processor.py:839} INFO - DAG(s) dict_keys(['dag_openaq']) retrieved from /opt/airflow/dags/dag_openaq.py
[2023-12-05T21:58:33.695+0000] {logging_mixin.py:154} INFO - [2023-12-05T21:58:33.694+0000] {dag.py:2941} INFO - Sync 1 DAGs
[2023-12-05T21:58:33.703+0000] {logging_mixin.py:154} INFO - [2023-12-05T21:58:33.703+0000] {dag.py:3722} INFO - Setting next_dagrun for dag_openaq to 2023-12-05T21:00:00+00:00, run_after=2023-12-05T22:00:00+00:00
[2023-12-05T21:58:33.710+0000] {processor.py:179} INFO - Processing /opt/airflow/dags/dag_openaq.py took 0.298 seconds
[2023-12-05T21:58:43.804+0000] {processor.py:157} INFO - Started process (PID=686) to work on /opt/airflow/dags/dag_openaq.py
[2023-12-05T21:58:43.806+0000] {processor.py:829} INFO - Processing file /opt/airflow/dags/dag_openaq.py for tasks to queue
[2023-12-05T21:58:43.806+0000] {logging_mixin.py:154} INFO - [2023-12-05T21:58:43.806+0000] {dagbag.py:536} INFO - Filling up the DagBag from /opt/airflow/dags/dag_openaq.py
[2023-12-05T21:58:44.001+0000] {processor.py:839} INFO - DAG(s) dict_keys(['dag_openaq']) retrieved from /opt/airflow/dags/dag_openaq.py
[2023-12-05T21:58:44.012+0000] {logging_mixin.py:154} INFO - [2023-12-05T21:58:44.012+0000] {dag.py:2941} INFO - Sync 1 DAGs
[2023-12-05T21:58:44.021+0000] {logging_mixin.py:154} INFO - [2023-12-05T21:58:44.021+0000] {dag.py:3722} INFO - Setting next_dagrun for dag_openaq to 2023-12-05T21:00:00+00:00, run_after=2023-12-05T22:00:00+00:00
[2023-12-05T21:58:44.028+0000] {processor.py:179} INFO - Processing /opt/airflow/dags/dag_openaq.py took 0.226 seconds
[2023-12-05T21:58:54.180+0000] {processor.py:157} INFO - Started process (PID=698) to work on /opt/airflow/dags/dag_openaq.py
[2023-12-05T21:58:54.182+0000] {processor.py:829} INFO - Processing file /opt/airflow/dags/dag_openaq.py for tasks to queue
[2023-12-05T21:58:54.183+0000] {logging_mixin.py:154} INFO - [2023-12-05T21:58:54.182+0000] {dagbag.py:536} INFO - Filling up the DagBag from /opt/airflow/dags/dag_openaq.py
[2023-12-05T21:58:54.554+0000] {processor.py:839} INFO - DAG(s) dict_keys(['dag_openaq']) retrieved from /opt/airflow/dags/dag_openaq.py
[2023-12-05T21:58:54.569+0000] {logging_mixin.py:154} INFO - [2023-12-05T21:58:54.569+0000] {dag.py:2941} INFO - Sync 1 DAGs
[2023-12-05T21:58:54.578+0000] {logging_mixin.py:154} INFO - [2023-12-05T21:58:54.578+0000] {dag.py:3722} INFO - Setting next_dagrun for dag_openaq to 2023-12-05T21:00:00+00:00, run_after=2023-12-05T22:00:00+00:00
[2023-12-05T21:58:54.586+0000] {processor.py:179} INFO - Processing /opt/airflow/dags/dag_openaq.py took 0.410 seconds
[2023-12-05T21:59:04.727+0000] {processor.py:157} INFO - Started process (PID=710) to work on /opt/airflow/dags/dag_openaq.py
[2023-12-05T21:59:04.728+0000] {processor.py:829} INFO - Processing file /opt/airflow/dags/dag_openaq.py for tasks to queue
[2023-12-05T21:59:04.729+0000] {logging_mixin.py:154} INFO - [2023-12-05T21:59:04.729+0000] {dagbag.py:536} INFO - Filling up the DagBag from /opt/airflow/dags/dag_openaq.py
[2023-12-05T21:59:04.936+0000] {processor.py:839} INFO - DAG(s) dict_keys(['dag_openaq']) retrieved from /opt/airflow/dags/dag_openaq.py
[2023-12-05T21:59:04.948+0000] {logging_mixin.py:154} INFO - [2023-12-05T21:59:04.948+0000] {dag.py:2941} INFO - Sync 1 DAGs
[2023-12-05T21:59:04.956+0000] {logging_mixin.py:154} INFO - [2023-12-05T21:59:04.956+0000] {dag.py:3722} INFO - Setting next_dagrun for dag_openaq to 2023-12-05T21:00:00+00:00, run_after=2023-12-05T22:00:00+00:00
[2023-12-05T21:59:04.962+0000] {processor.py:179} INFO - Processing /opt/airflow/dags/dag_openaq.py took 0.242 seconds
[2023-12-05T21:59:15.103+0000] {processor.py:157} INFO - Started process (PID=722) to work on /opt/airflow/dags/dag_openaq.py
[2023-12-05T21:59:15.106+0000] {processor.py:829} INFO - Processing file /opt/airflow/dags/dag_openaq.py for tasks to queue
[2023-12-05T21:59:15.107+0000] {logging_mixin.py:154} INFO - [2023-12-05T21:59:15.107+0000] {dagbag.py:536} INFO - Filling up the DagBag from /opt/airflow/dags/dag_openaq.py
[2023-12-05T21:59:15.318+0000] {processor.py:839} INFO - DAG(s) dict_keys(['dag_openaq']) retrieved from /opt/airflow/dags/dag_openaq.py
[2023-12-05T21:59:15.329+0000] {logging_mixin.py:154} INFO - [2023-12-05T21:59:15.329+0000] {dag.py:2941} INFO - Sync 1 DAGs
[2023-12-05T21:59:15.337+0000] {logging_mixin.py:154} INFO - [2023-12-05T21:59:15.337+0000] {dag.py:3722} INFO - Setting next_dagrun for dag_openaq to 2023-12-05T21:00:00+00:00, run_after=2023-12-05T22:00:00+00:00
[2023-12-05T21:59:15.344+0000] {processor.py:179} INFO - Processing /opt/airflow/dags/dag_openaq.py took 0.246 seconds
[2023-12-05T21:59:25.460+0000] {processor.py:157} INFO - Started process (PID=734) to work on /opt/airflow/dags/dag_openaq.py
[2023-12-05T21:59:25.462+0000] {processor.py:829} INFO - Processing file /opt/airflow/dags/dag_openaq.py for tasks to queue
[2023-12-05T21:59:25.463+0000] {logging_mixin.py:154} INFO - [2023-12-05T21:59:25.463+0000] {dagbag.py:536} INFO - Filling up the DagBag from /opt/airflow/dags/dag_openaq.py
[2023-12-05T21:59:25.698+0000] {processor.py:839} INFO - DAG(s) dict_keys(['dag_openaq']) retrieved from /opt/airflow/dags/dag_openaq.py
[2023-12-05T21:59:25.711+0000] {logging_mixin.py:154} INFO - [2023-12-05T21:59:25.710+0000] {dag.py:2941} INFO - Sync 1 DAGs
[2023-12-05T21:59:25.719+0000] {logging_mixin.py:154} INFO - [2023-12-05T21:59:25.718+0000] {dag.py:3722} INFO - Setting next_dagrun for dag_openaq to 2023-12-05T21:00:00+00:00, run_after=2023-12-05T22:00:00+00:00
[2023-12-05T21:59:25.726+0000] {processor.py:179} INFO - Processing /opt/airflow/dags/dag_openaq.py took 0.271 seconds
[2023-12-05T21:59:35.852+0000] {processor.py:157} INFO - Started process (PID=746) to work on /opt/airflow/dags/dag_openaq.py
[2023-12-05T21:59:35.853+0000] {processor.py:829} INFO - Processing file /opt/airflow/dags/dag_openaq.py for tasks to queue
[2023-12-05T21:59:35.854+0000] {logging_mixin.py:154} INFO - [2023-12-05T21:59:35.854+0000] {dagbag.py:536} INFO - Filling up the DagBag from /opt/airflow/dags/dag_openaq.py
[2023-12-05T21:59:36.068+0000] {processor.py:839} INFO - DAG(s) dict_keys(['dag_openaq']) retrieved from /opt/airflow/dags/dag_openaq.py
[2023-12-05T21:59:36.081+0000] {logging_mixin.py:154} INFO - [2023-12-05T21:59:36.081+0000] {dag.py:2941} INFO - Sync 1 DAGs
[2023-12-05T21:59:36.091+0000] {logging_mixin.py:154} INFO - [2023-12-05T21:59:36.091+0000] {dag.py:3722} INFO - Setting next_dagrun for dag_openaq to 2023-12-05T21:00:00+00:00, run_after=2023-12-05T22:00:00+00:00
[2023-12-05T21:59:36.098+0000] {processor.py:179} INFO - Processing /opt/airflow/dags/dag_openaq.py took 0.249 seconds
[2023-12-05T21:59:46.245+0000] {processor.py:157} INFO - Started process (PID=758) to work on /opt/airflow/dags/dag_openaq.py
[2023-12-05T21:59:46.247+0000] {processor.py:829} INFO - Processing file /opt/airflow/dags/dag_openaq.py for tasks to queue
[2023-12-05T21:59:46.249+0000] {logging_mixin.py:154} INFO - [2023-12-05T21:59:46.248+0000] {dagbag.py:536} INFO - Filling up the DagBag from /opt/airflow/dags/dag_openaq.py
[2023-12-05T21:59:46.483+0000] {processor.py:839} INFO - DAG(s) dict_keys(['dag_openaq']) retrieved from /opt/airflow/dags/dag_openaq.py
[2023-12-05T21:59:46.496+0000] {logging_mixin.py:154} INFO - [2023-12-05T21:59:46.495+0000] {dag.py:2941} INFO - Sync 1 DAGs
[2023-12-05T21:59:46.506+0000] {logging_mixin.py:154} INFO - [2023-12-05T21:59:46.506+0000] {dag.py:3722} INFO - Setting next_dagrun for dag_openaq to 2023-12-05T21:00:00+00:00, run_after=2023-12-05T22:00:00+00:00
[2023-12-05T21:59:46.512+0000] {processor.py:179} INFO - Processing /opt/airflow/dags/dag_openaq.py took 0.273 seconds
[2023-12-05T21:59:56.654+0000] {processor.py:157} INFO - Started process (PID=770) to work on /opt/airflow/dags/dag_openaq.py
[2023-12-05T21:59:56.657+0000] {processor.py:829} INFO - Processing file /opt/airflow/dags/dag_openaq.py for tasks to queue
[2023-12-05T21:59:56.659+0000] {logging_mixin.py:154} INFO - [2023-12-05T21:59:56.658+0000] {dagbag.py:536} INFO - Filling up the DagBag from /opt/airflow/dags/dag_openaq.py
[2023-12-05T21:59:56.880+0000] {processor.py:839} INFO - DAG(s) dict_keys(['dag_openaq']) retrieved from /opt/airflow/dags/dag_openaq.py
[2023-12-05T21:59:56.892+0000] {logging_mixin.py:154} INFO - [2023-12-05T21:59:56.892+0000] {dag.py:2941} INFO - Sync 1 DAGs
[2023-12-05T21:59:56.902+0000] {logging_mixin.py:154} INFO - [2023-12-05T21:59:56.902+0000] {dag.py:3722} INFO - Setting next_dagrun for dag_openaq to 2023-12-05T21:00:00+00:00, run_after=2023-12-05T22:00:00+00:00
[2023-12-05T21:59:56.908+0000] {processor.py:179} INFO - Processing /opt/airflow/dags/dag_openaq.py took 0.259 seconds
[2023-12-05T22:00:07.022+0000] {processor.py:157} INFO - Started process (PID=797) to work on /opt/airflow/dags/dag_openaq.py
[2023-12-05T22:00:07.023+0000] {processor.py:829} INFO - Processing file /opt/airflow/dags/dag_openaq.py for tasks to queue
[2023-12-05T22:00:07.024+0000] {logging_mixin.py:154} INFO - [2023-12-05T22:00:07.024+0000] {dagbag.py:536} INFO - Filling up the DagBag from /opt/airflow/dags/dag_openaq.py
[2023-12-05T22:00:07.259+0000] {processor.py:839} INFO - DAG(s) dict_keys(['dag_openaq']) retrieved from /opt/airflow/dags/dag_openaq.py
[2023-12-05T22:00:07.271+0000] {logging_mixin.py:154} INFO - [2023-12-05T22:00:07.271+0000] {dag.py:2941} INFO - Sync 1 DAGs
[2023-12-05T22:00:07.280+0000] {logging_mixin.py:154} INFO - [2023-12-05T22:00:07.280+0000] {dag.py:3722} INFO - Setting next_dagrun for dag_openaq to 2023-12-05T22:00:00+00:00, run_after=2023-12-05T23:00:00+00:00
[2023-12-05T22:00:07.287+0000] {processor.py:179} INFO - Processing /opt/airflow/dags/dag_openaq.py took 0.269 seconds
[2023-12-05T22:00:17.427+0000] {processor.py:157} INFO - Started process (PID=809) to work on /opt/airflow/dags/dag_openaq.py
[2023-12-05T22:00:17.430+0000] {processor.py:829} INFO - Processing file /opt/airflow/dags/dag_openaq.py for tasks to queue
[2023-12-05T22:00:17.431+0000] {logging_mixin.py:154} INFO - [2023-12-05T22:00:17.430+0000] {dagbag.py:536} INFO - Filling up the DagBag from /opt/airflow/dags/dag_openaq.py
[2023-12-05T22:00:17.647+0000] {processor.py:839} INFO - DAG(s) dict_keys(['dag_openaq']) retrieved from /opt/airflow/dags/dag_openaq.py
[2023-12-05T22:00:17.661+0000] {logging_mixin.py:154} INFO - [2023-12-05T22:00:17.660+0000] {dag.py:2941} INFO - Sync 1 DAGs
[2023-12-05T22:00:17.670+0000] {logging_mixin.py:154} INFO - [2023-12-05T22:00:17.669+0000] {dag.py:3722} INFO - Setting next_dagrun for dag_openaq to 2023-12-05T22:00:00+00:00, run_after=2023-12-05T23:00:00+00:00
[2023-12-05T22:00:17.676+0000] {processor.py:179} INFO - Processing /opt/airflow/dags/dag_openaq.py took 0.255 seconds
[2023-12-05T22:00:27.835+0000] {processor.py:157} INFO - Started process (PID=821) to work on /opt/airflow/dags/dag_openaq.py
[2023-12-05T22:00:27.838+0000] {processor.py:829} INFO - Processing file /opt/airflow/dags/dag_openaq.py for tasks to queue
[2023-12-05T22:00:27.839+0000] {logging_mixin.py:154} INFO - [2023-12-05T22:00:27.839+0000] {dagbag.py:536} INFO - Filling up the DagBag from /opt/airflow/dags/dag_openaq.py
[2023-12-05T22:00:28.075+0000] {processor.py:839} INFO - DAG(s) dict_keys(['dag_openaq']) retrieved from /opt/airflow/dags/dag_openaq.py
[2023-12-05T22:00:28.087+0000] {logging_mixin.py:154} INFO - [2023-12-05T22:00:28.087+0000] {dag.py:2941} INFO - Sync 1 DAGs
[2023-12-05T22:00:28.098+0000] {logging_mixin.py:154} INFO - [2023-12-05T22:00:28.098+0000] {dag.py:3722} INFO - Setting next_dagrun for dag_openaq to 2023-12-05T22:00:00+00:00, run_after=2023-12-05T23:00:00+00:00
[2023-12-05T22:00:28.105+0000] {processor.py:179} INFO - Processing /opt/airflow/dags/dag_openaq.py took 0.276 seconds
[2023-12-05T22:00:38.242+0000] {processor.py:157} INFO - Started process (PID=833) to work on /opt/airflow/dags/dag_openaq.py
[2023-12-05T22:00:38.244+0000] {processor.py:829} INFO - Processing file /opt/airflow/dags/dag_openaq.py for tasks to queue
[2023-12-05T22:00:38.245+0000] {logging_mixin.py:154} INFO - [2023-12-05T22:00:38.245+0000] {dagbag.py:536} INFO - Filling up the DagBag from /opt/airflow/dags/dag_openaq.py
[2023-12-05T22:00:38.457+0000] {processor.py:839} INFO - DAG(s) dict_keys(['dag_openaq']) retrieved from /opt/airflow/dags/dag_openaq.py
[2023-12-05T22:00:38.469+0000] {logging_mixin.py:154} INFO - [2023-12-05T22:00:38.469+0000] {dag.py:2941} INFO - Sync 1 DAGs
[2023-12-05T22:00:38.477+0000] {logging_mixin.py:154} INFO - [2023-12-05T22:00:38.477+0000] {dag.py:3722} INFO - Setting next_dagrun for dag_openaq to 2023-12-05T22:00:00+00:00, run_after=2023-12-05T23:00:00+00:00
[2023-12-05T22:00:38.484+0000] {processor.py:179} INFO - Processing /opt/airflow/dags/dag_openaq.py took 0.247 seconds
[2023-12-05T22:00:48.668+0000] {processor.py:157} INFO - Started process (PID=845) to work on /opt/airflow/dags/dag_openaq.py
[2023-12-05T22:00:48.670+0000] {processor.py:829} INFO - Processing file /opt/airflow/dags/dag_openaq.py for tasks to queue
[2023-12-05T22:00:48.671+0000] {logging_mixin.py:154} INFO - [2023-12-05T22:00:48.671+0000] {dagbag.py:536} INFO - Filling up the DagBag from /opt/airflow/dags/dag_openaq.py
[2023-12-05T22:00:48.901+0000] {processor.py:839} INFO - DAG(s) dict_keys(['dag_openaq']) retrieved from /opt/airflow/dags/dag_openaq.py
[2023-12-05T22:00:48.914+0000] {logging_mixin.py:154} INFO - [2023-12-05T22:00:48.914+0000] {dag.py:2941} INFO - Sync 1 DAGs
[2023-12-05T22:00:48.923+0000] {logging_mixin.py:154} INFO - [2023-12-05T22:00:48.923+0000] {dag.py:3722} INFO - Setting next_dagrun for dag_openaq to 2023-12-05T22:00:00+00:00, run_after=2023-12-05T23:00:00+00:00
[2023-12-05T22:00:48.929+0000] {processor.py:179} INFO - Processing /opt/airflow/dags/dag_openaq.py took 0.267 seconds
[2023-12-05T22:00:59.099+0000] {processor.py:157} INFO - Started process (PID=857) to work on /opt/airflow/dags/dag_openaq.py
[2023-12-05T22:00:59.101+0000] {processor.py:829} INFO - Processing file /opt/airflow/dags/dag_openaq.py for tasks to queue
[2023-12-05T22:00:59.103+0000] {logging_mixin.py:154} INFO - [2023-12-05T22:00:59.102+0000] {dagbag.py:536} INFO - Filling up the DagBag from /opt/airflow/dags/dag_openaq.py
[2023-12-05T22:00:59.337+0000] {processor.py:839} INFO - DAG(s) dict_keys(['dag_openaq']) retrieved from /opt/airflow/dags/dag_openaq.py
[2023-12-05T22:00:59.348+0000] {logging_mixin.py:154} INFO - [2023-12-05T22:00:59.348+0000] {dag.py:2941} INFO - Sync 1 DAGs
[2023-12-05T22:00:59.357+0000] {logging_mixin.py:154} INFO - [2023-12-05T22:00:59.357+0000] {dag.py:3722} INFO - Setting next_dagrun for dag_openaq to 2023-12-05T22:00:00+00:00, run_after=2023-12-05T23:00:00+00:00
[2023-12-05T22:00:59.364+0000] {processor.py:179} INFO - Processing /opt/airflow/dags/dag_openaq.py took 0.271 seconds
[2023-12-05T22:01:09.499+0000] {processor.py:157} INFO - Started process (PID=869) to work on /opt/airflow/dags/dag_openaq.py
[2023-12-05T22:01:09.500+0000] {processor.py:829} INFO - Processing file /opt/airflow/dags/dag_openaq.py for tasks to queue
[2023-12-05T22:01:09.501+0000] {logging_mixin.py:154} INFO - [2023-12-05T22:01:09.501+0000] {dagbag.py:536} INFO - Filling up the DagBag from /opt/airflow/dags/dag_openaq.py
[2023-12-05T22:01:09.713+0000] {processor.py:839} INFO - DAG(s) dict_keys(['dag_openaq']) retrieved from /opt/airflow/dags/dag_openaq.py
[2023-12-05T22:01:09.724+0000] {logging_mixin.py:154} INFO - [2023-12-05T22:01:09.724+0000] {dag.py:2941} INFO - Sync 1 DAGs
[2023-12-05T22:01:09.732+0000] {logging_mixin.py:154} INFO - [2023-12-05T22:01:09.732+0000] {dag.py:3722} INFO - Setting next_dagrun for dag_openaq to 2023-12-05T22:00:00+00:00, run_after=2023-12-05T23:00:00+00:00
[2023-12-05T22:01:09.739+0000] {processor.py:179} INFO - Processing /opt/airflow/dags/dag_openaq.py took 0.246 seconds
[2023-12-05T22:01:19.893+0000] {processor.py:157} INFO - Started process (PID=887) to work on /opt/airflow/dags/dag_openaq.py
[2023-12-05T22:01:19.895+0000] {processor.py:829} INFO - Processing file /opt/airflow/dags/dag_openaq.py for tasks to queue
[2023-12-05T22:01:19.897+0000] {logging_mixin.py:154} INFO - [2023-12-05T22:01:19.896+0000] {dagbag.py:536} INFO - Filling up the DagBag from /opt/airflow/dags/dag_openaq.py
[2023-12-05T22:01:20.124+0000] {processor.py:839} INFO - DAG(s) dict_keys(['dag_openaq']) retrieved from /opt/airflow/dags/dag_openaq.py
[2023-12-05T22:01:20.137+0000] {logging_mixin.py:154} INFO - [2023-12-05T22:01:20.137+0000] {dag.py:2941} INFO - Sync 1 DAGs
[2023-12-05T22:01:20.145+0000] {logging_mixin.py:154} INFO - [2023-12-05T22:01:20.145+0000] {dag.py:3722} INFO - Setting next_dagrun for dag_openaq to 2023-12-05T22:00:00+00:00, run_after=2023-12-05T23:00:00+00:00
[2023-12-05T22:01:20.152+0000] {processor.py:179} INFO - Processing /opt/airflow/dags/dag_openaq.py took 0.265 seconds
[2023-12-05T22:01:30.335+0000] {processor.py:157} INFO - Started process (PID=902) to work on /opt/airflow/dags/dag_openaq.py
[2023-12-05T22:01:30.338+0000] {processor.py:829} INFO - Processing file /opt/airflow/dags/dag_openaq.py for tasks to queue
[2023-12-05T22:01:30.339+0000] {logging_mixin.py:154} INFO - [2023-12-05T22:01:30.339+0000] {dagbag.py:536} INFO - Filling up the DagBag from /opt/airflow/dags/dag_openaq.py
[2023-12-05T22:01:30.570+0000] {processor.py:839} INFO - DAG(s) dict_keys(['dag_openaq']) retrieved from /opt/airflow/dags/dag_openaq.py
[2023-12-05T22:01:30.582+0000] {logging_mixin.py:154} INFO - [2023-12-05T22:01:30.582+0000] {dag.py:2941} INFO - Sync 1 DAGs
[2023-12-05T22:01:30.590+0000] {logging_mixin.py:154} INFO - [2023-12-05T22:01:30.590+0000] {dag.py:3722} INFO - Setting next_dagrun for dag_openaq to 2023-12-05T22:00:00+00:00, run_after=2023-12-05T23:00:00+00:00
[2023-12-05T22:01:30.597+0000] {processor.py:179} INFO - Processing /opt/airflow/dags/dag_openaq.py took 0.267 seconds
[2023-12-05T22:01:40.711+0000] {processor.py:157} INFO - Started process (PID=914) to work on /opt/airflow/dags/dag_openaq.py
[2023-12-05T22:01:40.714+0000] {processor.py:829} INFO - Processing file /opt/airflow/dags/dag_openaq.py for tasks to queue
[2023-12-05T22:01:40.715+0000] {logging_mixin.py:154} INFO - [2023-12-05T22:01:40.715+0000] {dagbag.py:536} INFO - Filling up the DagBag from /opt/airflow/dags/dag_openaq.py
[2023-12-05T22:01:40.926+0000] {processor.py:839} INFO - DAG(s) dict_keys(['dag_openaq']) retrieved from /opt/airflow/dags/dag_openaq.py
[2023-12-05T22:01:40.937+0000] {logging_mixin.py:154} INFO - [2023-12-05T22:01:40.937+0000] {dag.py:2941} INFO - Sync 1 DAGs
[2023-12-05T22:01:40.946+0000] {logging_mixin.py:154} INFO - [2023-12-05T22:01:40.946+0000] {dag.py:3722} INFO - Setting next_dagrun for dag_openaq to 2023-12-05T22:00:00+00:00, run_after=2023-12-05T23:00:00+00:00
[2023-12-05T22:01:40.952+0000] {processor.py:179} INFO - Processing /opt/airflow/dags/dag_openaq.py took 0.246 seconds
[2023-12-05T22:01:51.106+0000] {processor.py:157} INFO - Started process (PID=926) to work on /opt/airflow/dags/dag_openaq.py
[2023-12-05T22:01:51.108+0000] {processor.py:829} INFO - Processing file /opt/airflow/dags/dag_openaq.py for tasks to queue
[2023-12-05T22:01:51.109+0000] {logging_mixin.py:154} INFO - [2023-12-05T22:01:51.109+0000] {dagbag.py:536} INFO - Filling up the DagBag from /opt/airflow/dags/dag_openaq.py
[2023-12-05T22:01:51.321+0000] {processor.py:839} INFO - DAG(s) dict_keys(['dag_openaq']) retrieved from /opt/airflow/dags/dag_openaq.py
[2023-12-05T22:01:51.333+0000] {logging_mixin.py:154} INFO - [2023-12-05T22:01:51.333+0000] {dag.py:2941} INFO - Sync 1 DAGs
[2023-12-05T22:01:51.342+0000] {logging_mixin.py:154} INFO - [2023-12-05T22:01:51.341+0000] {dag.py:3722} INFO - Setting next_dagrun for dag_openaq to 2023-12-05T22:00:00+00:00, run_after=2023-12-05T23:00:00+00:00
[2023-12-05T22:01:51.348+0000] {processor.py:179} INFO - Processing /opt/airflow/dags/dag_openaq.py took 0.248 seconds
[2023-12-05T22:02:01.544+0000] {processor.py:157} INFO - Started process (PID=938) to work on /opt/airflow/dags/dag_openaq.py
[2023-12-05T22:02:01.546+0000] {processor.py:829} INFO - Processing file /opt/airflow/dags/dag_openaq.py for tasks to queue
[2023-12-05T22:02:01.548+0000] {logging_mixin.py:154} INFO - [2023-12-05T22:02:01.547+0000] {dagbag.py:536} INFO - Filling up the DagBag from /opt/airflow/dags/dag_openaq.py
[2023-12-05T22:02:01.778+0000] {processor.py:839} INFO - DAG(s) dict_keys(['dag_openaq']) retrieved from /opt/airflow/dags/dag_openaq.py
[2023-12-05T22:02:01.794+0000] {logging_mixin.py:154} INFO - [2023-12-05T22:02:01.793+0000] {dag.py:2941} INFO - Sync 1 DAGs
[2023-12-05T22:02:01.809+0000] {logging_mixin.py:154} INFO - [2023-12-05T22:02:01.808+0000] {dag.py:3722} INFO - Setting next_dagrun for dag_openaq to 2023-12-05T22:00:00+00:00, run_after=2023-12-05T23:00:00+00:00
[2023-12-05T22:02:01.815+0000] {processor.py:179} INFO - Processing /opt/airflow/dags/dag_openaq.py took 0.278 seconds
[2023-12-05T22:02:12.033+0000] {processor.py:157} INFO - Started process (PID=950) to work on /opt/airflow/dags/dag_openaq.py
[2023-12-05T22:02:12.036+0000] {processor.py:829} INFO - Processing file /opt/airflow/dags/dag_openaq.py for tasks to queue
[2023-12-05T22:02:12.038+0000] {logging_mixin.py:154} INFO - [2023-12-05T22:02:12.037+0000] {dagbag.py:536} INFO - Filling up the DagBag from /opt/airflow/dags/dag_openaq.py
[2023-12-05T22:02:12.272+0000] {processor.py:839} INFO - DAG(s) dict_keys(['dag_openaq']) retrieved from /opt/airflow/dags/dag_openaq.py
[2023-12-05T22:02:12.284+0000] {logging_mixin.py:154} INFO - [2023-12-05T22:02:12.283+0000] {dag.py:2941} INFO - Sync 1 DAGs
[2023-12-05T22:02:12.293+0000] {logging_mixin.py:154} INFO - [2023-12-05T22:02:12.293+0000] {dag.py:3722} INFO - Setting next_dagrun for dag_openaq to 2023-12-05T22:00:00+00:00, run_after=2023-12-05T23:00:00+00:00
[2023-12-05T22:02:12.299+0000] {processor.py:179} INFO - Processing /opt/airflow/dags/dag_openaq.py took 0.273 seconds
[2023-12-05T22:02:22.466+0000] {processor.py:157} INFO - Started process (PID=962) to work on /opt/airflow/dags/dag_openaq.py
[2023-12-05T22:02:22.471+0000] {processor.py:829} INFO - Processing file /opt/airflow/dags/dag_openaq.py for tasks to queue
[2023-12-05T22:02:22.473+0000] {logging_mixin.py:154} INFO - [2023-12-05T22:02:22.473+0000] {dagbag.py:536} INFO - Filling up the DagBag from /opt/airflow/dags/dag_openaq.py
[2023-12-05T22:02:22.721+0000] {processor.py:839} INFO - DAG(s) dict_keys(['dag_openaq']) retrieved from /opt/airflow/dags/dag_openaq.py
[2023-12-05T22:02:22.735+0000] {logging_mixin.py:154} INFO - [2023-12-05T22:02:22.734+0000] {dag.py:2941} INFO - Sync 1 DAGs
[2023-12-05T22:02:22.743+0000] {logging_mixin.py:154} INFO - [2023-12-05T22:02:22.743+0000] {dag.py:3722} INFO - Setting next_dagrun for dag_openaq to 2023-12-05T22:00:00+00:00, run_after=2023-12-05T23:00:00+00:00
[2023-12-05T22:02:22.749+0000] {processor.py:179} INFO - Processing /opt/airflow/dags/dag_openaq.py took 0.292 seconds
[2023-12-05T22:02:32.907+0000] {processor.py:157} INFO - Started process (PID=974) to work on /opt/airflow/dags/dag_openaq.py
[2023-12-05T22:02:32.909+0000] {processor.py:829} INFO - Processing file /opt/airflow/dags/dag_openaq.py for tasks to queue
[2023-12-05T22:02:32.910+0000] {logging_mixin.py:154} INFO - [2023-12-05T22:02:32.910+0000] {dagbag.py:536} INFO - Filling up the DagBag from /opt/airflow/dags/dag_openaq.py
[2023-12-05T22:02:33.129+0000] {processor.py:839} INFO - DAG(s) dict_keys(['dag_openaq']) retrieved from /opt/airflow/dags/dag_openaq.py
[2023-12-05T22:02:33.141+0000] {logging_mixin.py:154} INFO - [2023-12-05T22:02:33.141+0000] {dag.py:2941} INFO - Sync 1 DAGs
[2023-12-05T22:02:33.150+0000] {logging_mixin.py:154} INFO - [2023-12-05T22:02:33.150+0000] {dag.py:3722} INFO - Setting next_dagrun for dag_openaq to 2023-12-05T22:00:00+00:00, run_after=2023-12-05T23:00:00+00:00
[2023-12-05T22:02:33.157+0000] {processor.py:179} INFO - Processing /opt/airflow/dags/dag_openaq.py took 0.254 seconds
[2023-12-05T22:02:43.262+0000] {processor.py:157} INFO - Started process (PID=986) to work on /opt/airflow/dags/dag_openaq.py
[2023-12-05T22:02:43.264+0000] {processor.py:829} INFO - Processing file /opt/airflow/dags/dag_openaq.py for tasks to queue
[2023-12-05T22:02:43.265+0000] {logging_mixin.py:154} INFO - [2023-12-05T22:02:43.265+0000] {dagbag.py:536} INFO - Filling up the DagBag from /opt/airflow/dags/dag_openaq.py
[2023-12-05T22:02:43.473+0000] {processor.py:839} INFO - DAG(s) dict_keys(['dag_openaq']) retrieved from /opt/airflow/dags/dag_openaq.py
[2023-12-05T22:02:43.484+0000] {logging_mixin.py:154} INFO - [2023-12-05T22:02:43.484+0000] {dag.py:2941} INFO - Sync 1 DAGs
[2023-12-05T22:02:43.492+0000] {logging_mixin.py:154} INFO - [2023-12-05T22:02:43.492+0000] {dag.py:3722} INFO - Setting next_dagrun for dag_openaq to 2023-12-05T22:00:00+00:00, run_after=2023-12-05T23:00:00+00:00
[2023-12-05T22:02:43.499+0000] {processor.py:179} INFO - Processing /opt/airflow/dags/dag_openaq.py took 0.240 seconds
[2023-12-05T22:02:53.644+0000] {processor.py:157} INFO - Started process (PID=998) to work on /opt/airflow/dags/dag_openaq.py
[2023-12-05T22:02:53.646+0000] {processor.py:829} INFO - Processing file /opt/airflow/dags/dag_openaq.py for tasks to queue
[2023-12-05T22:02:53.647+0000] {logging_mixin.py:154} INFO - [2023-12-05T22:02:53.647+0000] {dagbag.py:536} INFO - Filling up the DagBag from /opt/airflow/dags/dag_openaq.py
[2023-12-05T22:02:53.857+0000] {processor.py:839} INFO - DAG(s) dict_keys(['dag_openaq']) retrieved from /opt/airflow/dags/dag_openaq.py
[2023-12-05T22:02:53.870+0000] {logging_mixin.py:154} INFO - [2023-12-05T22:02:53.870+0000] {dag.py:2941} INFO - Sync 1 DAGs
[2023-12-05T22:02:53.879+0000] {logging_mixin.py:154} INFO - [2023-12-05T22:02:53.879+0000] {dag.py:3722} INFO - Setting next_dagrun for dag_openaq to 2023-12-05T22:00:00+00:00, run_after=2023-12-05T23:00:00+00:00
[2023-12-05T22:02:53.885+0000] {processor.py:179} INFO - Processing /opt/airflow/dags/dag_openaq.py took 0.245 seconds
[2023-12-05T22:03:04.002+0000] {processor.py:157} INFO - Started process (PID=1008) to work on /opt/airflow/dags/dag_openaq.py
[2023-12-05T22:03:04.003+0000] {processor.py:829} INFO - Processing file /opt/airflow/dags/dag_openaq.py for tasks to queue
[2023-12-05T22:03:04.003+0000] {logging_mixin.py:154} INFO - [2023-12-05T22:03:04.003+0000] {dagbag.py:536} INFO - Filling up the DagBag from /opt/airflow/dags/dag_openaq.py
[2023-12-05T22:03:04.218+0000] {processor.py:839} INFO - DAG(s) dict_keys(['dag_openaq']) retrieved from /opt/airflow/dags/dag_openaq.py
[2023-12-05T22:03:04.229+0000] {logging_mixin.py:154} INFO - [2023-12-05T22:03:04.229+0000] {dag.py:2941} INFO - Sync 1 DAGs
[2023-12-05T22:03:04.237+0000] {logging_mixin.py:154} INFO - [2023-12-05T22:03:04.237+0000] {dag.py:3722} INFO - Setting next_dagrun for dag_openaq to 2023-12-05T22:00:00+00:00, run_after=2023-12-05T23:00:00+00:00
[2023-12-05T22:03:04.243+0000] {processor.py:179} INFO - Processing /opt/airflow/dags/dag_openaq.py took 0.243 seconds
[2023-12-05T22:03:14.367+0000] {processor.py:157} INFO - Started process (PID=1020) to work on /opt/airflow/dags/dag_openaq.py
[2023-12-05T22:03:14.369+0000] {processor.py:829} INFO - Processing file /opt/airflow/dags/dag_openaq.py for tasks to queue
[2023-12-05T22:03:14.370+0000] {logging_mixin.py:154} INFO - [2023-12-05T22:03:14.369+0000] {dagbag.py:536} INFO - Filling up the DagBag from /opt/airflow/dags/dag_openaq.py
[2023-12-05T22:03:14.676+0000] {processor.py:839} INFO - DAG(s) dict_keys(['dag_openaq']) retrieved from /opt/airflow/dags/dag_openaq.py
[2023-12-05T22:03:14.688+0000] {logging_mixin.py:154} INFO - [2023-12-05T22:03:14.688+0000] {dag.py:2941} INFO - Sync 1 DAGs
[2023-12-05T22:03:14.697+0000] {logging_mixin.py:154} INFO - [2023-12-05T22:03:14.697+0000] {dag.py:3722} INFO - Setting next_dagrun for dag_openaq to 2023-12-05T22:00:00+00:00, run_after=2023-12-05T23:00:00+00:00
[2023-12-05T22:03:14.703+0000] {processor.py:179} INFO - Processing /opt/airflow/dags/dag_openaq.py took 0.339 seconds
[2023-12-05T22:03:24.797+0000] {processor.py:157} INFO - Started process (PID=1031) to work on /opt/airflow/dags/dag_openaq.py
[2023-12-05T22:03:24.799+0000] {processor.py:829} INFO - Processing file /opt/airflow/dags/dag_openaq.py for tasks to queue
[2023-12-05T22:03:24.800+0000] {logging_mixin.py:154} INFO - [2023-12-05T22:03:24.799+0000] {dagbag.py:536} INFO - Filling up the DagBag from /opt/airflow/dags/dag_openaq.py
[2023-12-05T22:03:25.149+0000] {processor.py:839} INFO - DAG(s) dict_keys(['dag_openaq']) retrieved from /opt/airflow/dags/dag_openaq.py
[2023-12-05T22:03:25.165+0000] {logging_mixin.py:154} INFO - [2023-12-05T22:03:25.165+0000] {dag.py:2941} INFO - Sync 1 DAGs
[2023-12-05T22:03:25.175+0000] {logging_mixin.py:154} INFO - [2023-12-05T22:03:25.175+0000] {dag.py:3722} INFO - Setting next_dagrun for dag_openaq to 2023-12-05T22:00:00+00:00, run_after=2023-12-05T23:00:00+00:00
[2023-12-05T22:03:25.183+0000] {processor.py:179} INFO - Processing /opt/airflow/dags/dag_openaq.py took 0.390 seconds
[2023-12-05T22:03:35.330+0000] {processor.py:157} INFO - Started process (PID=1043) to work on /opt/airflow/dags/dag_openaq.py
[2023-12-05T22:03:35.332+0000] {processor.py:829} INFO - Processing file /opt/airflow/dags/dag_openaq.py for tasks to queue
[2023-12-05T22:03:35.333+0000] {logging_mixin.py:154} INFO - [2023-12-05T22:03:35.333+0000] {dagbag.py:536} INFO - Filling up the DagBag from /opt/airflow/dags/dag_openaq.py
[2023-12-05T22:03:35.722+0000] {processor.py:839} INFO - DAG(s) dict_keys(['dag_openaq']) retrieved from /opt/airflow/dags/dag_openaq.py
[2023-12-05T22:03:35.742+0000] {logging_mixin.py:154} INFO - [2023-12-05T22:03:35.742+0000] {dag.py:2941} INFO - Sync 1 DAGs
[2023-12-05T22:03:35.753+0000] {logging_mixin.py:154} INFO - [2023-12-05T22:03:35.753+0000] {dag.py:3722} INFO - Setting next_dagrun for dag_openaq to 2023-12-05T22:00:00+00:00, run_after=2023-12-05T23:00:00+00:00
[2023-12-05T22:03:35.761+0000] {processor.py:179} INFO - Processing /opt/airflow/dags/dag_openaq.py took 0.435 seconds
[2023-12-05T22:03:45.923+0000] {processor.py:157} INFO - Started process (PID=1055) to work on /opt/airflow/dags/dag_openaq.py
[2023-12-05T22:03:45.925+0000] {processor.py:829} INFO - Processing file /opt/airflow/dags/dag_openaq.py for tasks to queue
[2023-12-05T22:03:45.927+0000] {logging_mixin.py:154} INFO - [2023-12-05T22:03:45.926+0000] {dagbag.py:536} INFO - Filling up the DagBag from /opt/airflow/dags/dag_openaq.py
[2023-12-05T22:03:46.308+0000] {processor.py:839} INFO - DAG(s) dict_keys(['dag_openaq']) retrieved from /opt/airflow/dags/dag_openaq.py
[2023-12-05T22:03:46.324+0000] {logging_mixin.py:154} INFO - [2023-12-05T22:03:46.324+0000] {dag.py:2941} INFO - Sync 1 DAGs
[2023-12-05T22:03:46.336+0000] {logging_mixin.py:154} INFO - [2023-12-05T22:03:46.336+0000] {dag.py:3722} INFO - Setting next_dagrun for dag_openaq to 2023-12-05T22:00:00+00:00, run_after=2023-12-05T23:00:00+00:00
[2023-12-05T22:03:46.343+0000] {processor.py:179} INFO - Processing /opt/airflow/dags/dag_openaq.py took 0.424 seconds
[2023-12-05T22:03:56.495+0000] {processor.py:157} INFO - Started process (PID=1067) to work on /opt/airflow/dags/dag_openaq.py
[2023-12-05T22:03:56.496+0000] {processor.py:829} INFO - Processing file /opt/airflow/dags/dag_openaq.py for tasks to queue
[2023-12-05T22:03:56.497+0000] {logging_mixin.py:154} INFO - [2023-12-05T22:03:56.496+0000] {dagbag.py:536} INFO - Filling up the DagBag from /opt/airflow/dags/dag_openaq.py
[2023-12-05T22:03:56.889+0000] {processor.py:839} INFO - DAG(s) dict_keys(['dag_openaq']) retrieved from /opt/airflow/dags/dag_openaq.py
[2023-12-05T22:03:56.906+0000] {logging_mixin.py:154} INFO - [2023-12-05T22:03:56.905+0000] {dag.py:2941} INFO - Sync 1 DAGs
[2023-12-05T22:03:56.917+0000] {logging_mixin.py:154} INFO - [2023-12-05T22:03:56.917+0000] {dag.py:3722} INFO - Setting next_dagrun for dag_openaq to 2023-12-05T22:00:00+00:00, run_after=2023-12-05T23:00:00+00:00
[2023-12-05T22:03:56.924+0000] {processor.py:179} INFO - Processing /opt/airflow/dags/dag_openaq.py took 0.432 seconds
[2023-12-05T22:04:07.065+0000] {processor.py:157} INFO - Started process (PID=1079) to work on /opt/airflow/dags/dag_openaq.py
[2023-12-05T22:04:07.066+0000] {processor.py:829} INFO - Processing file /opt/airflow/dags/dag_openaq.py for tasks to queue
[2023-12-05T22:04:07.067+0000] {logging_mixin.py:154} INFO - [2023-12-05T22:04:07.067+0000] {dagbag.py:536} INFO - Filling up the DagBag from /opt/airflow/dags/dag_openaq.py
[2023-12-05T22:04:07.447+0000] {processor.py:839} INFO - DAG(s) dict_keys(['dag_openaq']) retrieved from /opt/airflow/dags/dag_openaq.py
[2023-12-05T22:04:07.463+0000] {logging_mixin.py:154} INFO - [2023-12-05T22:04:07.463+0000] {dag.py:2941} INFO - Sync 1 DAGs
[2023-12-05T22:04:07.474+0000] {logging_mixin.py:154} INFO - [2023-12-05T22:04:07.474+0000] {dag.py:3722} INFO - Setting next_dagrun for dag_openaq to 2023-12-05T22:00:00+00:00, run_after=2023-12-05T23:00:00+00:00
[2023-12-05T22:04:07.481+0000] {processor.py:179} INFO - Processing /opt/airflow/dags/dag_openaq.py took 0.419 seconds
[2023-12-05T22:04:17.635+0000] {processor.py:157} INFO - Started process (PID=1091) to work on /opt/airflow/dags/dag_openaq.py
[2023-12-05T22:04:17.637+0000] {processor.py:829} INFO - Processing file /opt/airflow/dags/dag_openaq.py for tasks to queue
[2023-12-05T22:04:17.638+0000] {logging_mixin.py:154} INFO - [2023-12-05T22:04:17.637+0000] {dagbag.py:536} INFO - Filling up the DagBag from /opt/airflow/dags/dag_openaq.py
[2023-12-05T22:04:18.134+0000] {processor.py:839} INFO - DAG(s) dict_keys(['dag_openaq']) retrieved from /opt/airflow/dags/dag_openaq.py
[2023-12-05T22:04:18.151+0000] {logging_mixin.py:154} INFO - [2023-12-05T22:04:18.151+0000] {dag.py:2941} INFO - Sync 1 DAGs
[2023-12-05T22:04:18.173+0000] {logging_mixin.py:154} INFO - [2023-12-05T22:04:18.173+0000] {dag.py:3722} INFO - Setting next_dagrun for dag_openaq to 2023-12-05T22:00:00+00:00, run_after=2023-12-05T23:00:00+00:00
[2023-12-05T22:04:18.181+0000] {processor.py:179} INFO - Processing /opt/airflow/dags/dag_openaq.py took 0.549 seconds
[2023-12-05T22:04:28.336+0000] {processor.py:157} INFO - Started process (PID=1103) to work on /opt/airflow/dags/dag_openaq.py
[2023-12-05T22:04:28.337+0000] {processor.py:829} INFO - Processing file /opt/airflow/dags/dag_openaq.py for tasks to queue
[2023-12-05T22:04:28.338+0000] {logging_mixin.py:154} INFO - [2023-12-05T22:04:28.337+0000] {dagbag.py:536} INFO - Filling up the DagBag from /opt/airflow/dags/dag_openaq.py
[2023-12-05T22:04:28.689+0000] {processor.py:839} INFO - DAG(s) dict_keys(['dag_openaq']) retrieved from /opt/airflow/dags/dag_openaq.py
[2023-12-05T22:04:28.706+0000] {logging_mixin.py:154} INFO - [2023-12-05T22:04:28.705+0000] {dag.py:2941} INFO - Sync 1 DAGs
[2023-12-05T22:04:28.717+0000] {logging_mixin.py:154} INFO - [2023-12-05T22:04:28.717+0000] {dag.py:3722} INFO - Setting next_dagrun for dag_openaq to 2023-12-05T22:00:00+00:00, run_after=2023-12-05T23:00:00+00:00
[2023-12-05T22:04:28.724+0000] {processor.py:179} INFO - Processing /opt/airflow/dags/dag_openaq.py took 0.392 seconds
[2023-12-05T22:04:38.880+0000] {processor.py:157} INFO - Started process (PID=1115) to work on /opt/airflow/dags/dag_openaq.py
[2023-12-05T22:04:38.881+0000] {processor.py:829} INFO - Processing file /opt/airflow/dags/dag_openaq.py for tasks to queue
[2023-12-05T22:04:38.882+0000] {logging_mixin.py:154} INFO - [2023-12-05T22:04:38.882+0000] {dagbag.py:536} INFO - Filling up the DagBag from /opt/airflow/dags/dag_openaq.py
[2023-12-05T22:04:39.177+0000] {processor.py:839} INFO - DAG(s) dict_keys(['dag_openaq']) retrieved from /opt/airflow/dags/dag_openaq.py
[2023-12-05T22:04:39.193+0000] {logging_mixin.py:154} INFO - [2023-12-05T22:04:39.193+0000] {dag.py:2941} INFO - Sync 1 DAGs
[2023-12-05T22:04:39.204+0000] {logging_mixin.py:154} INFO - [2023-12-05T22:04:39.203+0000] {dag.py:3722} INFO - Setting next_dagrun for dag_openaq to 2023-12-05T22:00:00+00:00, run_after=2023-12-05T23:00:00+00:00
[2023-12-05T22:04:39.211+0000] {processor.py:179} INFO - Processing /opt/airflow/dags/dag_openaq.py took 0.336 seconds
[2023-12-05T22:04:49.343+0000] {processor.py:157} INFO - Started process (PID=1127) to work on /opt/airflow/dags/dag_openaq.py
[2023-12-05T22:04:49.343+0000] {processor.py:829} INFO - Processing file /opt/airflow/dags/dag_openaq.py for tasks to queue
[2023-12-05T22:04:49.344+0000] {logging_mixin.py:154} INFO - [2023-12-05T22:04:49.344+0000] {dagbag.py:536} INFO - Filling up the DagBag from /opt/airflow/dags/dag_openaq.py
[2023-12-05T22:04:49.566+0000] {processor.py:839} INFO - DAG(s) dict_keys(['dag_openaq']) retrieved from /opt/airflow/dags/dag_openaq.py
[2023-12-05T22:04:49.577+0000] {logging_mixin.py:154} INFO - [2023-12-05T22:04:49.577+0000] {dag.py:2941} INFO - Sync 1 DAGs
[2023-12-05T22:04:49.586+0000] {logging_mixin.py:154} INFO - [2023-12-05T22:04:49.586+0000] {dag.py:3722} INFO - Setting next_dagrun for dag_openaq to 2023-12-05T22:00:00+00:00, run_after=2023-12-05T23:00:00+00:00
[2023-12-05T22:04:49.593+0000] {processor.py:179} INFO - Processing /opt/airflow/dags/dag_openaq.py took 0.253 seconds
[2023-12-05T22:04:59.734+0000] {processor.py:157} INFO - Started process (PID=1139) to work on /opt/airflow/dags/dag_openaq.py
[2023-12-05T22:04:59.736+0000] {processor.py:829} INFO - Processing file /opt/airflow/dags/dag_openaq.py for tasks to queue
[2023-12-05T22:04:59.736+0000] {logging_mixin.py:154} INFO - [2023-12-05T22:04:59.736+0000] {dagbag.py:536} INFO - Filling up the DagBag from /opt/airflow/dags/dag_openaq.py
[2023-12-05T22:05:00.001+0000] {processor.py:839} INFO - DAG(s) dict_keys(['dag_openaq']) retrieved from /opt/airflow/dags/dag_openaq.py
[2023-12-05T22:05:00.017+0000] {logging_mixin.py:154} INFO - [2023-12-05T22:05:00.017+0000] {dag.py:2941} INFO - Sync 1 DAGs
[2023-12-05T22:05:00.033+0000] {logging_mixin.py:154} INFO - [2023-12-05T22:05:00.033+0000] {dag.py:3722} INFO - Setting next_dagrun for dag_openaq to 2023-12-05T22:00:00+00:00, run_after=2023-12-05T23:00:00+00:00
[2023-12-05T22:05:00.041+0000] {processor.py:179} INFO - Processing /opt/airflow/dags/dag_openaq.py took 0.312 seconds
[2023-12-05T22:05:10.190+0000] {processor.py:157} INFO - Started process (PID=1151) to work on /opt/airflow/dags/dag_openaq.py
[2023-12-05T22:05:10.191+0000] {processor.py:829} INFO - Processing file /opt/airflow/dags/dag_openaq.py for tasks to queue
[2023-12-05T22:05:10.192+0000] {logging_mixin.py:154} INFO - [2023-12-05T22:05:10.192+0000] {dagbag.py:536} INFO - Filling up the DagBag from /opt/airflow/dags/dag_openaq.py
[2023-12-05T22:05:10.475+0000] {processor.py:839} INFO - DAG(s) dict_keys(['dag_openaq']) retrieved from /opt/airflow/dags/dag_openaq.py
[2023-12-05T22:05:10.489+0000] {logging_mixin.py:154} INFO - [2023-12-05T22:05:10.489+0000] {dag.py:2941} INFO - Sync 1 DAGs
[2023-12-05T22:05:10.498+0000] {logging_mixin.py:154} INFO - [2023-12-05T22:05:10.498+0000] {dag.py:3722} INFO - Setting next_dagrun for dag_openaq to 2023-12-05T22:00:00+00:00, run_after=2023-12-05T23:00:00+00:00
[2023-12-05T22:05:10.505+0000] {processor.py:179} INFO - Processing /opt/airflow/dags/dag_openaq.py took 0.318 seconds
[2023-12-05T22:05:20.674+0000] {processor.py:157} INFO - Started process (PID=1163) to work on /opt/airflow/dags/dag_openaq.py
[2023-12-05T22:05:20.675+0000] {processor.py:829} INFO - Processing file /opt/airflow/dags/dag_openaq.py for tasks to queue
[2023-12-05T22:05:20.677+0000] {logging_mixin.py:154} INFO - [2023-12-05T22:05:20.676+0000] {dagbag.py:536} INFO - Filling up the DagBag from /opt/airflow/dags/dag_openaq.py
[2023-12-05T22:05:20.993+0000] {processor.py:839} INFO - DAG(s) dict_keys(['dag_openaq']) retrieved from /opt/airflow/dags/dag_openaq.py
[2023-12-05T22:05:21.007+0000] {logging_mixin.py:154} INFO - [2023-12-05T22:05:21.007+0000] {dag.py:2941} INFO - Sync 1 DAGs
[2023-12-05T22:05:21.017+0000] {logging_mixin.py:154} INFO - [2023-12-05T22:05:21.017+0000] {dag.py:3722} INFO - Setting next_dagrun for dag_openaq to 2023-12-05T22:00:00+00:00, run_after=2023-12-05T23:00:00+00:00
[2023-12-05T22:05:21.025+0000] {processor.py:179} INFO - Processing /opt/airflow/dags/dag_openaq.py took 0.355 seconds
[2023-12-05T22:05:31.177+0000] {processor.py:157} INFO - Started process (PID=1175) to work on /opt/airflow/dags/dag_openaq.py
[2023-12-05T22:05:31.178+0000] {processor.py:829} INFO - Processing file /opt/airflow/dags/dag_openaq.py for tasks to queue
[2023-12-05T22:05:31.179+0000] {logging_mixin.py:154} INFO - [2023-12-05T22:05:31.179+0000] {dagbag.py:536} INFO - Filling up the DagBag from /opt/airflow/dags/dag_openaq.py
[2023-12-05T22:05:31.477+0000] {processor.py:839} INFO - DAG(s) dict_keys(['dag_openaq']) retrieved from /opt/airflow/dags/dag_openaq.py
[2023-12-05T22:05:31.492+0000] {logging_mixin.py:154} INFO - [2023-12-05T22:05:31.492+0000] {dag.py:2941} INFO - Sync 1 DAGs
[2023-12-05T22:05:31.502+0000] {logging_mixin.py:154} INFO - [2023-12-05T22:05:31.502+0000] {dag.py:3722} INFO - Setting next_dagrun for dag_openaq to 2023-12-05T22:00:00+00:00, run_after=2023-12-05T23:00:00+00:00
[2023-12-05T22:05:31.509+0000] {processor.py:179} INFO - Processing /opt/airflow/dags/dag_openaq.py took 0.336 seconds
[2023-12-05T22:05:41.634+0000] {processor.py:157} INFO - Started process (PID=1187) to work on /opt/airflow/dags/dag_openaq.py
[2023-12-05T22:05:41.635+0000] {processor.py:829} INFO - Processing file /opt/airflow/dags/dag_openaq.py for tasks to queue
[2023-12-05T22:05:41.635+0000] {logging_mixin.py:154} INFO - [2023-12-05T22:05:41.635+0000] {dagbag.py:536} INFO - Filling up the DagBag from /opt/airflow/dags/dag_openaq.py
[2023-12-05T22:05:41.986+0000] {processor.py:839} INFO - DAG(s) dict_keys(['dag_openaq']) retrieved from /opt/airflow/dags/dag_openaq.py
[2023-12-05T22:05:42.002+0000] {logging_mixin.py:154} INFO - [2023-12-05T22:05:42.002+0000] {dag.py:2941} INFO - Sync 1 DAGs
[2023-12-05T22:05:42.013+0000] {logging_mixin.py:154} INFO - [2023-12-05T22:05:42.013+0000] {dag.py:3722} INFO - Setting next_dagrun for dag_openaq to 2023-12-05T22:00:00+00:00, run_after=2023-12-05T23:00:00+00:00
[2023-12-05T22:05:42.021+0000] {processor.py:179} INFO - Processing /opt/airflow/dags/dag_openaq.py took 0.390 seconds
[2023-12-05T22:05:52.205+0000] {processor.py:157} INFO - Started process (PID=1199) to work on /opt/airflow/dags/dag_openaq.py
[2023-12-05T22:05:52.206+0000] {processor.py:829} INFO - Processing file /opt/airflow/dags/dag_openaq.py for tasks to queue
[2023-12-05T22:05:52.207+0000] {logging_mixin.py:154} INFO - [2023-12-05T22:05:52.207+0000] {dagbag.py:536} INFO - Filling up the DagBag from /opt/airflow/dags/dag_openaq.py
[2023-12-05T22:05:52.587+0000] {processor.py:839} INFO - DAG(s) dict_keys(['dag_openaq']) retrieved from /opt/airflow/dags/dag_openaq.py
[2023-12-05T22:05:52.605+0000] {logging_mixin.py:154} INFO - [2023-12-05T22:05:52.604+0000] {dag.py:2941} INFO - Sync 1 DAGs
[2023-12-05T22:05:52.616+0000] {logging_mixin.py:154} INFO - [2023-12-05T22:05:52.616+0000] {dag.py:3722} INFO - Setting next_dagrun for dag_openaq to 2023-12-05T22:00:00+00:00, run_after=2023-12-05T23:00:00+00:00
[2023-12-05T22:05:52.633+0000] {processor.py:179} INFO - Processing /opt/airflow/dags/dag_openaq.py took 0.432 seconds
[2023-12-05T22:06:02.789+0000] {processor.py:157} INFO - Started process (PID=1211) to work on /opt/airflow/dags/dag_openaq.py
[2023-12-05T22:06:02.791+0000] {processor.py:829} INFO - Processing file /opt/airflow/dags/dag_openaq.py for tasks to queue
[2023-12-05T22:06:02.791+0000] {logging_mixin.py:154} INFO - [2023-12-05T22:06:02.791+0000] {dagbag.py:536} INFO - Filling up the DagBag from /opt/airflow/dags/dag_openaq.py
[2023-12-05T22:06:03.091+0000] {processor.py:839} INFO - DAG(s) dict_keys(['dag_openaq']) retrieved from /opt/airflow/dags/dag_openaq.py
[2023-12-05T22:06:03.107+0000] {logging_mixin.py:154} INFO - [2023-12-05T22:06:03.107+0000] {dag.py:2941} INFO - Sync 1 DAGs
[2023-12-05T22:06:03.118+0000] {logging_mixin.py:154} INFO - [2023-12-05T22:06:03.118+0000] {dag.py:3722} INFO - Setting next_dagrun for dag_openaq to 2023-12-05T22:00:00+00:00, run_after=2023-12-05T23:00:00+00:00
[2023-12-05T22:06:03.126+0000] {processor.py:179} INFO - Processing /opt/airflow/dags/dag_openaq.py took 0.341 seconds
[2023-12-05T22:06:13.270+0000] {processor.py:157} INFO - Started process (PID=1223) to work on /opt/airflow/dags/dag_openaq.py
[2023-12-05T22:06:13.271+0000] {processor.py:829} INFO - Processing file /opt/airflow/dags/dag_openaq.py for tasks to queue
[2023-12-05T22:06:13.272+0000] {logging_mixin.py:154} INFO - [2023-12-05T22:06:13.272+0000] {dagbag.py:536} INFO - Filling up the DagBag from /opt/airflow/dags/dag_openaq.py
[2023-12-05T22:06:13.498+0000] {processor.py:839} INFO - DAG(s) dict_keys(['dag_openaq']) retrieved from /opt/airflow/dags/dag_openaq.py
[2023-12-05T22:06:13.510+0000] {logging_mixin.py:154} INFO - [2023-12-05T22:06:13.510+0000] {dag.py:2941} INFO - Sync 1 DAGs
[2023-12-05T22:06:13.520+0000] {logging_mixin.py:154} INFO - [2023-12-05T22:06:13.520+0000] {dag.py:3722} INFO - Setting next_dagrun for dag_openaq to 2023-12-05T22:00:00+00:00, run_after=2023-12-05T23:00:00+00:00
[2023-12-05T22:06:13.526+0000] {processor.py:179} INFO - Processing /opt/airflow/dags/dag_openaq.py took 0.259 seconds
[2023-12-05T22:06:23.679+0000] {processor.py:157} INFO - Started process (PID=1235) to work on /opt/airflow/dags/dag_openaq.py
[2023-12-05T22:06:23.680+0000] {processor.py:829} INFO - Processing file /opt/airflow/dags/dag_openaq.py for tasks to queue
[2023-12-05T22:06:23.681+0000] {logging_mixin.py:154} INFO - [2023-12-05T22:06:23.680+0000] {dagbag.py:536} INFO - Filling up the DagBag from /opt/airflow/dags/dag_openaq.py
[2023-12-05T22:06:24.083+0000] {processor.py:839} INFO - DAG(s) dict_keys(['dag_openaq']) retrieved from /opt/airflow/dags/dag_openaq.py
[2023-12-05T22:06:24.100+0000] {logging_mixin.py:154} INFO - [2023-12-05T22:06:24.100+0000] {dag.py:2941} INFO - Sync 1 DAGs
[2023-12-05T22:06:24.112+0000] {logging_mixin.py:154} INFO - [2023-12-05T22:06:24.111+0000] {dag.py:3722} INFO - Setting next_dagrun for dag_openaq to 2023-12-05T22:00:00+00:00, run_after=2023-12-05T23:00:00+00:00
[2023-12-05T22:06:24.122+0000] {processor.py:179} INFO - Processing /opt/airflow/dags/dag_openaq.py took 0.447 seconds
[2023-12-05T22:06:34.294+0000] {processor.py:157} INFO - Started process (PID=1247) to work on /opt/airflow/dags/dag_openaq.py
[2023-12-05T22:06:34.295+0000] {processor.py:829} INFO - Processing file /opt/airflow/dags/dag_openaq.py for tasks to queue
[2023-12-05T22:06:34.295+0000] {logging_mixin.py:154} INFO - [2023-12-05T22:06:34.295+0000] {dagbag.py:536} INFO - Filling up the DagBag from /opt/airflow/dags/dag_openaq.py
[2023-12-05T22:06:34.724+0000] {processor.py:839} INFO - DAG(s) dict_keys(['dag_openaq']) retrieved from /opt/airflow/dags/dag_openaq.py
[2023-12-05T22:06:34.743+0000] {logging_mixin.py:154} INFO - [2023-12-05T22:06:34.742+0000] {dag.py:2941} INFO - Sync 1 DAGs
[2023-12-05T22:06:34.754+0000] {logging_mixin.py:154} INFO - [2023-12-05T22:06:34.754+0000] {dag.py:3722} INFO - Setting next_dagrun for dag_openaq to 2023-12-05T22:00:00+00:00, run_after=2023-12-05T23:00:00+00:00
[2023-12-05T22:06:34.761+0000] {processor.py:179} INFO - Processing /opt/airflow/dags/dag_openaq.py took 0.471 seconds
[2023-12-05T22:06:44.940+0000] {processor.py:157} INFO - Started process (PID=1259) to work on /opt/airflow/dags/dag_openaq.py
[2023-12-05T22:06:44.941+0000] {processor.py:829} INFO - Processing file /opt/airflow/dags/dag_openaq.py for tasks to queue
[2023-12-05T22:06:44.942+0000] {logging_mixin.py:154} INFO - [2023-12-05T22:06:44.942+0000] {dagbag.py:536} INFO - Filling up the DagBag from /opt/airflow/dags/dag_openaq.py
[2023-12-05T22:06:45.325+0000] {processor.py:839} INFO - DAG(s) dict_keys(['dag_openaq']) retrieved from /opt/airflow/dags/dag_openaq.py
[2023-12-05T22:06:45.342+0000] {logging_mixin.py:154} INFO - [2023-12-05T22:06:45.342+0000] {dag.py:2941} INFO - Sync 1 DAGs
[2023-12-05T22:06:45.353+0000] {logging_mixin.py:154} INFO - [2023-12-05T22:06:45.352+0000] {dag.py:3722} INFO - Setting next_dagrun for dag_openaq to 2023-12-05T22:00:00+00:00, run_after=2023-12-05T23:00:00+00:00
[2023-12-05T22:06:45.360+0000] {processor.py:179} INFO - Processing /opt/airflow/dags/dag_openaq.py took 0.426 seconds
