[2023-12-12T01:37:52.028+0000] {taskinstance.py:1159} INFO - Dependencies all met for dep_context=non-requeueable deps ti=<TaskInstance: update_openaq_dw_hourly_catchup.load_measures_data scheduled__2023-12-05T00:00:00+00:00 [queued]>
[2023-12-12T01:37:52.071+0000] {taskinstance.py:1159} INFO - Dependencies all met for dep_context=requeueable deps ti=<TaskInstance: update_openaq_dw_hourly_catchup.load_measures_data scheduled__2023-12-05T00:00:00+00:00 [queued]>
[2023-12-12T01:37:52.077+0000] {taskinstance.py:1361} INFO - Starting attempt 1 of 4
[2023-12-12T01:37:52.177+0000] {taskinstance.py:1382} INFO - Executing <Task(PythonOperator): load_measures_data> on 2023-12-05 00:00:00+00:00
[2023-12-12T01:37:52.200+0000] {standard_task_runner.py:57} INFO - Started process 912 to run task
[2023-12-12T01:37:52.215+0000] {standard_task_runner.py:84} INFO - Running: ['***', 'tasks', 'run', 'update_openaq_dw_hourly_catchup', 'load_measures_data', 'scheduled__2023-12-05T00:00:00+00:00', '--job-id', '417', '--raw', '--subdir', 'DAGS_FOLDER/dag_openaq_catchup.py', '--cfg-path', '/tmp/tmpwqbl0w02']
[2023-12-12T01:37:52.334+0000] {standard_task_runner.py:85} INFO - Job 417: Subtask load_measures_data
[2023-12-12T01:37:52.755+0000] {task_command.py:416} INFO - Running <TaskInstance: update_openaq_dw_hourly_catchup.load_measures_data scheduled__2023-12-05T00:00:00+00:00 [running]> on host 2be5b1614f4e
[2023-12-12T01:37:53.152+0000] {taskinstance.py:1662} INFO - Exporting env vars: AIRFLOW_CTX_DAG_OWNER='***' AIRFLOW_CTX_DAG_ID='update_openaq_dw_hourly_catchup' AIRFLOW_CTX_TASK_ID='load_measures_data' AIRFLOW_CTX_EXECUTION_DATE='2023-12-05T00:00:00+00:00' AIRFLOW_CTX_TRY_NUMBER='1' AIRFLOW_CTX_DAG_RUN_ID='scheduled__2023-12-05T00:00:00+00:00'
[2023-12-12T01:37:53.211+0000] {main.py:140} INFO - Archivo de configuracion leido correctamente.
[2023-12-12T01:37:53.213+0000] {utils.py:25} INFO - Obteniendo datos de https://api.openaq.org/v2/measurements...
[2023-12-12T01:37:54.324+0000] {utils.py:73} INFO - Conexión a la base de datos establecida exitosamente.
[2023-12-12T01:37:57.408+0000] {utils.py:90} INFO - Cargando datos en la tabla stg_measurements...
[2023-12-12T01:37:59.856+0000] {utils.py:98} INFO - Datos cargados exitosamente en la tabla stg_measurements.
[2023-12-12T01:37:59.876+0000] {main.py:166} INFO - Ejecutando query CALL nicolasmvinciguerra_coderhouse.petl_load_fact_measure();...
[2023-12-12T01:38:01.373+0000] {main.py:168} INFO - Se ejecuto correctamente la query: CALL nicolasmvinciguerra_coderhouse.petl_load_fact_measure();
[2023-12-12T01:38:01.674+0000] {python.py:194} INFO - Done. Returned value was: None
[2023-12-12T01:38:01.933+0000] {taskinstance.py:1400} INFO - Marking task as SUCCESS. dag_id=update_openaq_dw_hourly_catchup, task_id=load_measures_data, execution_date=20231205T000000, start_date=20231212T013752, end_date=20231212T013801
[2023-12-12T01:38:02.299+0000] {local_task_job_runner.py:228} INFO - Task exited with return code 0
[2023-12-12T01:38:02.905+0000] {taskinstance.py:2778} INFO - 0 downstream tasks scheduled from follow-on schedule check
