[2023-12-12T01:31:20.396+0000] {taskinstance.py:1159} INFO - Dependencies all met for dep_context=non-requeueable deps ti=<TaskInstance: dag_openaq.load_countries_data manual__2023-12-12T01:29:55.920201+00:00 [queued]>
[2023-12-12T01:31:20.401+0000] {taskinstance.py:1159} INFO - Dependencies all met for dep_context=requeueable deps ti=<TaskInstance: dag_openaq.load_countries_data manual__2023-12-12T01:29:55.920201+00:00 [queued]>
[2023-12-12T01:31:20.401+0000] {taskinstance.py:1361} INFO - Starting attempt 1 of 4
[2023-12-12T01:31:20.406+0000] {taskinstance.py:1382} INFO - Executing <Task(PythonOperator): load_countries_data> on 2023-12-12 01:29:55.920201+00:00
[2023-12-12T01:31:20.410+0000] {standard_task_runner.py:57} INFO - Started process 314 to run task
[2023-12-12T01:31:20.414+0000] {standard_task_runner.py:84} INFO - Running: ['***', 'tasks', 'run', 'dag_openaq', 'load_countries_data', 'manual__2023-12-12T01:29:55.920201+00:00', '--job-id', '367', '--raw', '--subdir', 'DAGS_FOLDER/dag_openaq.py', '--cfg-path', '/tmp/tmpazc0tacv']
[2023-12-12T01:31:20.420+0000] {standard_task_runner.py:85} INFO - Job 367: Subtask load_countries_data
[2023-12-12T01:31:20.452+0000] {task_command.py:416} INFO - Running <TaskInstance: dag_openaq.load_countries_data manual__2023-12-12T01:29:55.920201+00:00 [running]> on host 2be5b1614f4e
[2023-12-12T01:31:20.496+0000] {taskinstance.py:1662} INFO - Exporting env vars: AIRFLOW_CTX_DAG_OWNER='***' AIRFLOW_CTX_DAG_ID='dag_openaq' AIRFLOW_CTX_TASK_ID='load_countries_data' AIRFLOW_CTX_EXECUTION_DATE='2023-12-12T01:29:55.920201+00:00' AIRFLOW_CTX_TRY_NUMBER='1' AIRFLOW_CTX_DAG_RUN_ID='manual__2023-12-12T01:29:55.920201+00:00'
[2023-12-12T01:31:20.498+0000] {main.py:64} INFO - Archivo de configuracion leido correctamente.
[2023-12-12T01:31:20.498+0000] {utils.py:25} INFO - Obteniendo datos de https://api.openaq.org/v2/countries...
[2023-12-12T01:31:24.925+0000] {utils.py:73} INFO - Conexión a la base de datos establecida exitosamente.
[2023-12-12T01:31:27.102+0000] {utils.py:90} INFO - Cargando datos en la tabla stg_countries...
[2023-12-12T01:31:28.808+0000] {utils.py:98} INFO - Datos cargados exitosamente en la tabla stg_countries.
[2023-12-12T01:31:28.808+0000] {main.py:90} INFO - Ejecutando query CALL nicolasmvinciguerra_coderhouse.petl_update_country_dim_location();...
[2023-12-12T01:31:29.224+0000] {main.py:92} INFO - Se ejecuto correctamente la query: CALL nicolasmvinciguerra_coderhouse.petl_update_country_dim_location();
[2023-12-12T01:31:29.491+0000] {python.py:194} INFO - Done. Returned value was: None
[2023-12-12T01:31:29.550+0000] {taskinstance.py:1400} INFO - Marking task as SUCCESS. dag_id=dag_openaq, task_id=load_countries_data, execution_date=20231212T012955, start_date=20231212T013120, end_date=20231212T013129
[2023-12-12T01:31:29.623+0000] {local_task_job_runner.py:228} INFO - Task exited with return code 0
[2023-12-12T01:31:29.646+0000] {taskinstance.py:2778} INFO - 0 downstream tasks scheduled from follow-on schedule check
