[2023-12-05T22:00:03.898+0000] {taskinstance.py:1159} INFO - Dependencies all met for dep_context=non-requeueable deps ti=<TaskInstance: dag_openaq.load_parameters_data scheduled__2023-12-05T21:00:00+00:00 [queued]>
[2023-12-05T22:00:03.903+0000] {taskinstance.py:1159} INFO - Dependencies all met for dep_context=requeueable deps ti=<TaskInstance: dag_openaq.load_parameters_data scheduled__2023-12-05T21:00:00+00:00 [queued]>
[2023-12-05T22:00:03.903+0000] {taskinstance.py:1361} INFO - Starting attempt 1 of 4
[2023-12-05T22:00:03.912+0000] {taskinstance.py:1382} INFO - Executing <Task(PythonOperator): load_parameters_data> on 2023-12-05 21:00:00+00:00
[2023-12-05T22:00:03.918+0000] {standard_task_runner.py:57} INFO - Started process 793 to run task
[2023-12-05T22:00:03.922+0000] {standard_task_runner.py:84} INFO - Running: ['***', 'tasks', 'run', 'dag_openaq', 'load_parameters_data', 'scheduled__2023-12-05T21:00:00+00:00', '--job-id', '282', '--raw', '--subdir', 'DAGS_FOLDER/dag_openaq.py', '--cfg-path', '/tmp/tmpnpp81hds']
[2023-12-05T22:00:03.925+0000] {standard_task_runner.py:85} INFO - Job 282: Subtask load_parameters_data
[2023-12-05T22:00:03.965+0000] {task_command.py:416} INFO - Running <TaskInstance: dag_openaq.load_parameters_data scheduled__2023-12-05T21:00:00+00:00 [running]> on host 01a38cb1bd44
[2023-12-05T22:00:04.015+0000] {taskinstance.py:1662} INFO - Exporting env vars: AIRFLOW_CTX_DAG_OWNER='***' AIRFLOW_CTX_DAG_ID='dag_openaq' AIRFLOW_CTX_TASK_ID='load_parameters_data' AIRFLOW_CTX_EXECUTION_DATE='2023-12-05T21:00:00+00:00' AIRFLOW_CTX_TRY_NUMBER='1' AIRFLOW_CTX_DAG_RUN_ID='scheduled__2023-12-05T21:00:00+00:00'
[2023-12-05T22:00:04.017+0000] {main.py:102} INFO - Archivo de configuracion leido correctamente.
[2023-12-05T22:00:04.018+0000] {utils.py:25} INFO - Obteniendo datos de https://api.openaq.org/v2/parameters...
[2023-12-05T22:00:04.661+0000] {utils.py:73} INFO - Conexión a la base de datos establecida exitosamente.
[2023-12-05T22:00:06.899+0000] {utils.py:90} INFO - Cargando datos en la tabla stg_parameters...
[2023-12-05T22:00:08.895+0000] {utils.py:98} INFO - Datos cargados exitosamente en la tabla stg_parameters.
[2023-12-05T22:00:08.898+0000] {main.py:127} INFO - Ejecutando query CALL nicolasmvinciguerra_coderhouse.petl_load_dim_parameter();...
[2023-12-05T22:00:09.560+0000] {main.py:129} INFO - Se ejecuto correctamente la query: CALL nicolasmvinciguerra_coderhouse.petl_load_dim_parameter();
[2023-12-05T22:00:09.824+0000] {python.py:194} INFO - Done. Returned value was: None
[2023-12-05T22:00:09.839+0000] {taskinstance.py:1400} INFO - Marking task as SUCCESS. dag_id=dag_openaq, task_id=load_parameters_data, execution_date=20231205T210000, start_date=20231205T220003, end_date=20231205T220009
[2023-12-05T22:00:09.899+0000] {local_task_job_runner.py:228} INFO - Task exited with return code 0
[2023-12-05T22:00:09.924+0000] {taskinstance.py:2778} INFO - 0 downstream tasks scheduled from follow-on schedule check
