[2023-12-12T01:37:42.144+0000] {taskinstance.py:1159} INFO - Dependencies all met for dep_context=non-requeueable deps ti=<TaskInstance: update_openaq_dw_hourly_catchup.load_parameters_data scheduled__2023-12-05T00:00:00+00:00 [queued]>
[2023-12-12T01:37:42.173+0000] {taskinstance.py:1159} INFO - Dependencies all met for dep_context=requeueable deps ti=<TaskInstance: update_openaq_dw_hourly_catchup.load_parameters_data scheduled__2023-12-05T00:00:00+00:00 [queued]>
[2023-12-12T01:37:42.175+0000] {taskinstance.py:1361} INFO - Starting attempt 1 of 4
[2023-12-12T01:37:42.217+0000] {taskinstance.py:1382} INFO - Executing <Task(PythonOperator): load_parameters_data> on 2023-12-05 00:00:00+00:00
[2023-12-12T01:37:42.231+0000] {standard_task_runner.py:57} INFO - Started process 898 to run task
[2023-12-12T01:37:42.256+0000] {standard_task_runner.py:84} INFO - Running: ['***', 'tasks', 'run', 'update_openaq_dw_hourly_catchup', 'load_parameters_data', 'scheduled__2023-12-05T00:00:00+00:00', '--job-id', '408', '--raw', '--subdir', 'DAGS_FOLDER/dag_openaq_catchup.py', '--cfg-path', '/tmp/tmp4fugdbkg']
[2023-12-12T01:37:42.396+0000] {standard_task_runner.py:85} INFO - Job 408: Subtask load_parameters_data
[2023-12-12T01:37:43.453+0000] {task_command.py:416} INFO - Running <TaskInstance: update_openaq_dw_hourly_catchup.load_parameters_data scheduled__2023-12-05T00:00:00+00:00 [running]> on host 2be5b1614f4e
[2023-12-12T01:37:45.661+0000] {taskinstance.py:1662} INFO - Exporting env vars: AIRFLOW_CTX_DAG_OWNER='***' AIRFLOW_CTX_DAG_ID='update_openaq_dw_hourly_catchup' AIRFLOW_CTX_TASK_ID='load_parameters_data' AIRFLOW_CTX_EXECUTION_DATE='2023-12-05T00:00:00+00:00' AIRFLOW_CTX_TRY_NUMBER='1' AIRFLOW_CTX_DAG_RUN_ID='scheduled__2023-12-05T00:00:00+00:00'
[2023-12-12T01:37:45.730+0000] {main.py:102} INFO - Archivo de configuracion leido correctamente.
[2023-12-12T01:37:45.756+0000] {utils.py:25} INFO - Obteniendo datos de https://api.openaq.org/v2/parameters...
[2023-12-12T01:37:49.799+0000] {utils.py:73} INFO - Conexión a la base de datos establecida exitosamente.
[2023-12-12T01:37:52.361+0000] {utils.py:90} INFO - Cargando datos en la tabla stg_parameters...
[2023-12-12T01:37:54.603+0000] {utils.py:98} INFO - Datos cargados exitosamente en la tabla stg_parameters.
[2023-12-12T01:37:54.613+0000] {main.py:127} INFO - Ejecutando query CALL nicolasmvinciguerra_coderhouse.petl_load_dim_parameter();...
[2023-12-12T01:37:55.356+0000] {main.py:129} INFO - Se ejecuto correctamente la query: CALL nicolasmvinciguerra_coderhouse.petl_load_dim_parameter();
[2023-12-12T01:37:55.646+0000] {python.py:194} INFO - Done. Returned value was: None
[2023-12-12T01:37:56.553+0000] {taskinstance.py:1400} INFO - Marking task as SUCCESS. dag_id=update_openaq_dw_hourly_catchup, task_id=load_parameters_data, execution_date=20231205T000000, start_date=20231212T013742, end_date=20231212T013756
[2023-12-12T01:37:56.945+0000] {local_task_job_runner.py:228} INFO - Task exited with return code 0
[2023-12-12T01:37:57.157+0000] {taskinstance.py:2778} INFO - 0 downstream tasks scheduled from follow-on schedule check
