[2023-12-05T21:51:33.677+0000] {manager.py:487} INFO - Processing files using up to 2 processes at a time 
[2023-12-05T21:51:33.677+0000] {manager.py:488} INFO - Process each file at most once every 10 seconds
[2023-12-05T21:51:33.677+0000] {manager.py:489} INFO - Checking for new files in /opt/airflow/dags every 300 seconds
[2023-12-05T21:51:33.677+0000] {manager.py:755} INFO - Searching for files in /opt/airflow/dags
[2023-12-05T21:51:33.681+0000] {manager.py:758} INFO - There are 2 files in /opt/airflow/dags
[2023-12-05T21:51:49.873+0000] {manager.py:887} INFO - 
================================================================================
DAG File Processing Stats

File Path                                PID    Runtime      # DAGs    # Errors  Last Runtime    Last Run
---------------------------------------  -----  ---------  --------  ----------  --------------  -------------------
/opt/airflow/dags/dag_openaq_catchup.py                           1           0  0.48s           2023-12-05T21:51:45
/opt/airflow/dags/dag_openaq.py                                   1           0  0.47s           2023-12-05T21:51:45
================================================================================
[2023-12-05T21:52:20.554+0000] {manager.py:887} INFO - 
================================================================================
DAG File Processing Stats

File Path                                PID    Runtime      # DAGs    # Errors  Last Runtime    Last Run
---------------------------------------  -----  ---------  --------  ----------  --------------  -------------------
/opt/airflow/dags/dag_openaq_catchup.py                           1           0  0.33s           2023-12-05T21:52:16
/opt/airflow/dags/dag_openaq.py                                   1           0  0.31s           2023-12-05T21:52:16
================================================================================
[2023-12-05T21:52:51.025+0000] {manager.py:887} INFO - 
================================================================================
DAG File Processing Stats

File Path                                PID    Runtime      # DAGs    # Errors  Last Runtime    Last Run
---------------------------------------  -----  ---------  --------  ----------  --------------  -------------------
/opt/airflow/dags/dag_openaq_catchup.py                           1           0  0.48s           2023-12-05T21:52:48
/opt/airflow/dags/dag_openaq.py                                   1           0  0.45s           2023-12-05T21:52:48
================================================================================
[2023-12-05T21:53:21.107+0000] {manager.py:887} INFO - 
================================================================================
DAG File Processing Stats

File Path                                PID    Runtime      # DAGs    # Errors  Last Runtime    Last Run
---------------------------------------  -----  ---------  --------  ----------  --------------  -------------------
/opt/airflow/dags/dag_openaq_catchup.py                           1           0  0.49s           2023-12-05T21:53:20
/opt/airflow/dags/dag_openaq.py                                   1           0  0.48s           2023-12-05T21:53:20
================================================================================
[2023-12-05T21:53:51.345+0000] {manager.py:887} INFO - 
================================================================================
DAG File Processing Stats

File Path                                  PID  Runtime      # DAGs    # Errors  Last Runtime    Last Run
---------------------------------------  -----  ---------  --------  ----------  --------------  -------------------
/opt/airflow/dags/dag_openaq_catchup.py                           1           0  0.40s           2023-12-05T21:53:46
/opt/airflow/dags/dag_openaq.py            332  0.01s             1           0  0.48s           2023-12-05T21:53:41
================================================================================
[2023-12-05T21:54:21.583+0000] {manager.py:887} INFO - 
================================================================================
DAG File Processing Stats

File Path                                PID    Runtime      # DAGs    # Errors  Last Runtime    Last Run
---------------------------------------  -----  ---------  --------  ----------  --------------  -------------------
/opt/airflow/dags/dag_openaq_catchup.py                           1           0  0.43s           2023-12-05T21:54:17
/opt/airflow/dags/dag_openaq.py                                   1           0  0.26s           2023-12-05T21:54:12
================================================================================
[2023-12-05T21:54:51.906+0000] {manager.py:887} INFO - 
================================================================================
DAG File Processing Stats

File Path                                PID    Runtime      # DAGs    # Errors  Last Runtime    Last Run
---------------------------------------  -----  ---------  --------  ----------  --------------  -------------------
/opt/airflow/dags/dag_openaq_catchup.py                           1           0  0.37s           2023-12-05T21:54:49
/opt/airflow/dags/dag_openaq.py                                   1           0  0.38s           2023-12-05T21:54:43
================================================================================
[2023-12-05T21:55:22.306+0000] {manager.py:887} INFO - 
================================================================================
DAG File Processing Stats

File Path                                PID    Runtime      # DAGs    # Errors  Last Runtime    Last Run
---------------------------------------  -----  ---------  --------  ----------  --------------  -------------------
/opt/airflow/dags/dag_openaq_catchup.py                           1           0  0.29s           2023-12-05T21:55:20
/opt/airflow/dags/dag_openaq.py                                   1           0  0.33s           2023-12-05T21:55:15
================================================================================
[2023-12-05T21:55:52.602+0000] {manager.py:887} INFO - 
================================================================================
DAG File Processing Stats

File Path                                PID    Runtime      # DAGs    # Errors  Last Runtime    Last Run
---------------------------------------  -----  ---------  --------  ----------  --------------  -------------------
/opt/airflow/dags/dag_openaq_catchup.py                           1           0  0.39s           2023-12-05T21:55:51
/opt/airflow/dags/dag_openaq.py                                   1           0  0.28s           2023-12-05T21:55:46
================================================================================
[2023-12-05T21:56:22.826+0000] {manager.py:887} INFO - 
================================================================================
DAG File Processing Stats

File Path                                  PID  Runtime      # DAGs    # Errors  Last Runtime    Last Run
---------------------------------------  -----  ---------  --------  ----------  --------------  -------------------
/opt/airflow/dags/dag_openaq_catchup.py    524  0.02s             1           0  0.39s           2023-12-05T21:56:12
/opt/airflow/dags/dag_openaq.py                                   1           0  0.27s           2023-12-05T21:56:17
================================================================================
[2023-12-05T21:56:34.372+0000] {manager.py:755} INFO - Searching for files in /opt/airflow/dags
[2023-12-05T21:56:34.379+0000] {manager.py:758} INFO - There are 2 files in /opt/airflow/dags
[2023-12-05T21:56:53.077+0000] {manager.py:887} INFO - 
================================================================================
DAG File Processing Stats

File Path                                PID    Runtime      # DAGs    # Errors  Last Runtime    Last Run
---------------------------------------  -----  ---------  --------  ----------  --------------  -------------------
/opt/airflow/dags/dag_openaq_catchup.py                           1           0  0.28s           2023-12-05T21:56:43
/opt/airflow/dags/dag_openaq.py                                   1           0  0.54s           2023-12-05T21:56:49
================================================================================
[2023-12-05T21:57:23.591+0000] {manager.py:887} INFO - 
================================================================================
DAG File Processing Stats

File Path                                PID    Runtime      # DAGs    # Errors  Last Runtime    Last Run
---------------------------------------  -----  ---------  --------  ----------  --------------  -------------------
/opt/airflow/dags/dag_openaq_catchup.py                           1           0  0.27s           2023-12-05T21:57:15
/opt/airflow/dags/dag_openaq.py                                   1           0  0.27s           2023-12-05T21:57:20
================================================================================
[2023-12-05T21:57:53.616+0000] {manager.py:887} INFO - 
================================================================================
DAG File Processing Stats

File Path                                PID    Runtime      # DAGs    # Errors  Last Runtime    Last Run
---------------------------------------  -----  ---------  --------  ----------  --------------  -------------------
/opt/airflow/dags/dag_openaq_catchup.py                           1           0  0.27s           2023-12-05T21:57:47
/opt/airflow/dags/dag_openaq.py                                   1           0  0.37s           2023-12-05T21:57:51
================================================================================
[2023-12-05T21:58:23.968+0000] {manager.py:887} INFO - 
================================================================================
DAG File Processing Stats

File Path                                PID    Runtime      # DAGs    # Errors  Last Runtime    Last Run
---------------------------------------  -----  ---------  --------  ----------  --------------  -------------------
/opt/airflow/dags/dag_openaq_catchup.py                           1           0  0.35s           2023-12-05T21:58:18
/opt/airflow/dags/dag_openaq.py                                   1           0  0.36s           2023-12-05T21:58:23
================================================================================
[2023-12-05T21:58:54.171+0000] {manager.py:887} INFO - 
================================================================================
DAG File Processing Stats

File Path                                  PID  Runtime      # DAGs    # Errors  Last Runtime    Last Run
---------------------------------------  -----  ---------  --------  ----------  --------------  -------------------
/opt/airflow/dags/dag_openaq_catchup.py                           1           0  0.54s           2023-12-05T21:58:50
/opt/airflow/dags/dag_openaq.py            698  0.02s             1           0  0.24s           2023-12-05T21:58:44
================================================================================
[2023-12-05T21:59:24.417+0000] {manager.py:887} INFO - 
================================================================================
DAG File Processing Stats

File Path                                PID    Runtime      # DAGs    # Errors  Last Runtime    Last Run
---------------------------------------  -----  ---------  --------  ----------  --------------  -------------------
/opt/airflow/dags/dag_openaq_catchup.py                           1           0  0.26s           2023-12-05T21:59:22
/opt/airflow/dags/dag_openaq.py                                   1           0  0.27s           2023-12-05T21:59:15
================================================================================
[2023-12-05T21:59:54.600+0000] {manager.py:887} INFO - 
================================================================================
DAG File Processing Stats

File Path                                PID    Runtime      # DAGs    # Errors  Last Runtime    Last Run
---------------------------------------  -----  ---------  --------  ----------  --------------  -------------------
/opt/airflow/dags/dag_openaq_catchup.py                           1           0  0.36s           2023-12-05T21:59:53
/opt/airflow/dags/dag_openaq.py                                   1           0  0.30s           2023-12-05T21:59:46
================================================================================
[2023-12-05T22:00:24.764+0000] {manager.py:887} INFO - 
================================================================================
DAG File Processing Stats

File Path                                  PID  Runtime      # DAGs    # Errors  Last Runtime    Last Run
---------------------------------------  -----  ---------  --------  ----------  --------------  -------------------
/opt/airflow/dags/dag_openaq_catchup.py    815  0.02s             1           0  0.37s           2023-12-05T22:00:14
/opt/airflow/dags/dag_openaq.py                                   1           0  0.28s           2023-12-05T22:00:17
================================================================================
[2023-12-05T22:00:54.994+0000] {manager.py:887} INFO - 
================================================================================
DAG File Processing Stats

File Path                                PID    Runtime      # DAGs    # Errors  Last Runtime    Last Run
---------------------------------------  -----  ---------  --------  ----------  --------------  -------------------
/opt/airflow/dags/dag_openaq_catchup.py                           1           0  0.31s           2023-12-05T22:00:45
/opt/airflow/dags/dag_openaq.py                                   1           0  0.29s           2023-12-05T22:00:48
================================================================================
[2023-12-05T22:01:25.224+0000] {manager.py:887} INFO - 
================================================================================
DAG File Processing Stats

File Path                                PID    Runtime      # DAGs    # Errors  Last Runtime    Last Run
---------------------------------------  -----  ---------  --------  ----------  --------------  -------------------
/opt/airflow/dags/dag_openaq_catchup.py                           1           0  0.39s           2023-12-05T22:01:17
/opt/airflow/dags/dag_openaq.py                                   1           0  0.29s           2023-12-05T22:01:20
================================================================================
[2023-12-05T22:01:34.373+0000] {manager.py:755} INFO - Searching for files in /opt/airflow/dags
[2023-12-05T22:01:34.390+0000] {manager.py:758} INFO - There are 2 files in /opt/airflow/dags
[2023-12-05T22:01:55.404+0000] {manager.py:887} INFO - 
================================================================================
DAG File Processing Stats

File Path                                PID    Runtime      # DAGs    # Errors  Last Runtime    Last Run
---------------------------------------  -----  ---------  --------  ----------  --------------  -------------------
/opt/airflow/dags/dag_openaq_catchup.py                           1           0  0.42s           2023-12-05T22:01:49
/opt/airflow/dags/dag_openaq.py                                   1           0  0.28s           2023-12-05T22:01:51
================================================================================
[2023-12-05T22:02:25.490+0000] {manager.py:887} INFO - 
================================================================================
DAG File Processing Stats

File Path                                PID    Runtime      # DAGs    # Errors  Last Runtime    Last Run
---------------------------------------  -----  ---------  --------  ----------  --------------  -------------------
/opt/airflow/dags/dag_openaq_catchup.py                           1           0  0.42s           2023-12-05T22:02:20
/opt/airflow/dags/dag_openaq.py                                   1           0  0.31s           2023-12-05T22:02:22
================================================================================
[2023-12-05T22:02:55.649+0000] {manager.py:887} INFO - 
================================================================================
DAG File Processing Stats

File Path                                PID    Runtime      # DAGs    # Errors  Last Runtime    Last Run
---------------------------------------  -----  ---------  --------  ----------  --------------  -------------------
/opt/airflow/dags/dag_openaq_catchup.py                           1           0  0.43s           2023-12-05T22:02:52
/opt/airflow/dags/dag_openaq.py                                   1           0  0.27s           2023-12-05T22:02:53
================================================================================
[2023-12-05T22:03:25.831+0000] {manager.py:887} INFO - 
================================================================================
DAG File Processing Stats

File Path                                PID    Runtime      # DAGs    # Errors  Last Runtime    Last Run
---------------------------------------  -----  ---------  --------  ----------  --------------  -------------------
/opt/airflow/dags/dag_openaq_catchup.py                           1           0  0.43s           2023-12-05T22:03:25
/opt/airflow/dags/dag_openaq.py                                   1           0  0.41s           2023-12-05T22:03:25
================================================================================
[2023-12-05T22:03:56.017+0000] {manager.py:887} INFO - 
================================================================================
DAG File Processing Stats

File Path                                PID    Runtime      # DAGs    # Errors  Last Runtime    Last Run
---------------------------------------  -----  ---------  --------  ----------  --------------  -------------------
/opt/airflow/dags/dag_openaq_catchup.py                           1           0  0.47s           2023-12-05T22:03:46
/opt/airflow/dags/dag_openaq.py                                   1           0  0.45s           2023-12-05T22:03:46
================================================================================
[2023-12-05T22:04:26.271+0000] {manager.py:887} INFO - 
================================================================================
DAG File Processing Stats

File Path                                PID    Runtime      # DAGs    # Errors  Last Runtime    Last Run
---------------------------------------  -----  ---------  --------  ----------  --------------  -------------------
/opt/airflow/dags/dag_openaq_catchup.py                           1           0  0.59s           2023-12-05T22:04:18
/opt/airflow/dags/dag_openaq.py                                   1           0  0.57s           2023-12-05T22:04:18
================================================================================
[2023-12-05T22:04:56.417+0000] {manager.py:887} INFO - 
================================================================================
DAG File Processing Stats

File Path                                PID    Runtime      # DAGs    # Errors  Last Runtime    Last Run
---------------------------------------  -----  ---------  --------  ----------  --------------  -------------------
/opt/airflow/dags/dag_openaq_catchup.py                           1           0  0.28s           2023-12-05T22:04:49
/opt/airflow/dags/dag_openaq.py                                   1           0  0.27s           2023-12-05T22:04:49
================================================================================
[2023-12-05T22:05:26.716+0000] {manager.py:887} INFO - 
================================================================================
DAG File Processing Stats

File Path                                PID    Runtime      # DAGs    # Errors  Last Runtime    Last Run
---------------------------------------  -----  ---------  --------  ----------  --------------  -------------------
/opt/airflow/dags/dag_openaq_catchup.py                           1           0  0.39s           2023-12-05T22:05:21
/opt/airflow/dags/dag_openaq.py                                   1           0  0.38s           2023-12-05T22:05:21
================================================================================
[2023-12-05T22:05:57.244+0000] {manager.py:887} INFO - 
================================================================================
DAG File Processing Stats

File Path                                PID    Runtime      # DAGs    # Errors  Last Runtime    Last Run
---------------------------------------  -----  ---------  --------  ----------  --------------  -------------------
/opt/airflow/dags/dag_openaq_catchup.py                           1           0  0.50s           2023-12-05T22:05:52
/opt/airflow/dags/dag_openaq.py                                   1           0  0.47s           2023-12-05T22:05:52
================================================================================
[2023-12-05T22:06:27.719+0000] {manager.py:887} INFO - 
================================================================================
DAG File Processing Stats

File Path                                PID    Runtime      # DAGs    # Errors  Last Runtime    Last Run
---------------------------------------  -----  ---------  --------  ----------  --------------  -------------------
/opt/airflow/dags/dag_openaq_catchup.py                           1           0  0.50s           2023-12-05T22:06:24
/opt/airflow/dags/dag_openaq.py                                   1           0  0.47s           2023-12-05T22:06:24
================================================================================
[2023-12-05T22:06:34.773+0000] {manager.py:755} INFO - Searching for files in /opt/airflow/dags
[2023-12-05T22:06:34.777+0000] {manager.py:758} INFO - There are 2 files in /opt/airflow/dags
[2023-12-05T22:06:47.322+0000] {manager.py:469} INFO - Exiting gracefully upon receiving signal 15
