[2023-12-12T01:30:00.555+0000] {taskinstance.py:1159} INFO - Dependencies all met for dep_context=non-requeueable deps ti=<TaskInstance: dag_openaq.load_parameters_data manual__2023-12-12T01:29:55.920201+00:00 [queued]>
[2023-12-12T01:30:00.560+0000] {taskinstance.py:1159} INFO - Dependencies all met for dep_context=requeueable deps ti=<TaskInstance: dag_openaq.load_parameters_data manual__2023-12-12T01:29:55.920201+00:00 [queued]>
[2023-12-12T01:30:00.560+0000] {taskinstance.py:1361} INFO - Starting attempt 1 of 4
[2023-12-12T01:30:00.566+0000] {taskinstance.py:1382} INFO - Executing <Task(PythonOperator): load_parameters_data> on 2023-12-12 01:29:55.920201+00:00
[2023-12-12T01:30:00.570+0000] {standard_task_runner.py:57} INFO - Started process 221 to run task
[2023-12-12T01:30:00.574+0000] {standard_task_runner.py:84} INFO - Running: ['***', 'tasks', 'run', 'dag_openaq', 'load_parameters_data', 'manual__2023-12-12T01:29:55.920201+00:00', '--job-id', '363', '--raw', '--subdir', 'DAGS_FOLDER/dag_openaq.py', '--cfg-path', '/tmp/tmpn7mcfh_m']
[2023-12-12T01:30:00.577+0000] {standard_task_runner.py:85} INFO - Job 363: Subtask load_parameters_data
[2023-12-12T01:30:00.611+0000] {task_command.py:416} INFO - Running <TaskInstance: dag_openaq.load_parameters_data manual__2023-12-12T01:29:55.920201+00:00 [running]> on host 2be5b1614f4e
[2023-12-12T01:30:00.664+0000] {taskinstance.py:1662} INFO - Exporting env vars: AIRFLOW_CTX_DAG_OWNER='***' AIRFLOW_CTX_DAG_ID='dag_openaq' AIRFLOW_CTX_TASK_ID='load_parameters_data' AIRFLOW_CTX_EXECUTION_DATE='2023-12-12T01:29:55.920201+00:00' AIRFLOW_CTX_TRY_NUMBER='1' AIRFLOW_CTX_DAG_RUN_ID='manual__2023-12-12T01:29:55.920201+00:00'
[2023-12-12T01:30:00.666+0000] {main.py:102} INFO - Archivo de configuracion leido correctamente.
[2023-12-12T01:30:00.666+0000] {utils.py:25} INFO - Obteniendo datos de https://api.openaq.org/v2/parameters...
[2023-12-12T01:30:01.404+0000] {utils.py:73} INFO - Conexión a la base de datos establecida exitosamente.
[2023-12-12T01:30:03.641+0000] {utils.py:90} INFO - Cargando datos en la tabla stg_parameters...
[2023-12-12T01:30:05.449+0000] {utils.py:98} INFO - Datos cargados exitosamente en la tabla stg_parameters.
[2023-12-12T01:30:05.450+0000] {main.py:127} INFO - Ejecutando query CALL nicolasmvinciguerra_coderhouse.petl_load_dim_parameter();...
[2023-12-12T01:30:06.171+0000] {main.py:129} INFO - Se ejecuto correctamente la query: CALL nicolasmvinciguerra_coderhouse.petl_load_dim_parameter();
[2023-12-12T01:30:06.425+0000] {python.py:194} INFO - Done. Returned value was: None
[2023-12-12T01:30:06.459+0000] {taskinstance.py:1400} INFO - Marking task as SUCCESS. dag_id=dag_openaq, task_id=load_parameters_data, execution_date=20231212T012955, start_date=20231212T013000, end_date=20231212T013006
[2023-12-12T01:30:06.511+0000] {local_task_job_runner.py:228} INFO - Task exited with return code 0
[2023-12-12T01:30:06.529+0000] {taskinstance.py:2778} INFO - 0 downstream tasks scheduled from follow-on schedule check
