[2023-12-12T01:37:51.274+0000] {taskinstance.py:1159} INFO - Dependencies all met for dep_context=non-requeueable deps ti=<TaskInstance: update_openaq_dw_hourly_catchup.load_measures_data scheduled__2023-12-06T00:00:00+00:00 [queued]>
[2023-12-12T01:37:51.349+0000] {taskinstance.py:1159} INFO - Dependencies all met for dep_context=requeueable deps ti=<TaskInstance: update_openaq_dw_hourly_catchup.load_measures_data scheduled__2023-12-06T00:00:00+00:00 [queued]>
[2023-12-12T01:37:51.351+0000] {taskinstance.py:1361} INFO - Starting attempt 1 of 4
[2023-12-12T01:37:51.425+0000] {taskinstance.py:1382} INFO - Executing <Task(PythonOperator): load_measures_data> on 2023-12-06 00:00:00+00:00
[2023-12-12T01:37:51.564+0000] {standard_task_runner.py:57} INFO - Started process 911 to run task
[2023-12-12T01:37:51.632+0000] {standard_task_runner.py:84} INFO - Running: ['***', 'tasks', 'run', 'update_openaq_dw_hourly_catchup', 'load_measures_data', 'scheduled__2023-12-06T00:00:00+00:00', '--job-id', '416', '--raw', '--subdir', 'DAGS_FOLDER/dag_openaq_catchup.py', '--cfg-path', '/tmp/tmpkofjfju2']
[2023-12-12T01:37:51.652+0000] {standard_task_runner.py:85} INFO - Job 416: Subtask load_measures_data
[2023-12-12T01:37:52.143+0000] {task_command.py:416} INFO - Running <TaskInstance: update_openaq_dw_hourly_catchup.load_measures_data scheduled__2023-12-06T00:00:00+00:00 [running]> on host 2be5b1614f4e
[2023-12-12T01:37:52.627+0000] {taskinstance.py:1662} INFO - Exporting env vars: AIRFLOW_CTX_DAG_OWNER='***' AIRFLOW_CTX_DAG_ID='update_openaq_dw_hourly_catchup' AIRFLOW_CTX_TASK_ID='load_measures_data' AIRFLOW_CTX_EXECUTION_DATE='2023-12-06T00:00:00+00:00' AIRFLOW_CTX_TRY_NUMBER='1' AIRFLOW_CTX_DAG_RUN_ID='scheduled__2023-12-06T00:00:00+00:00'
[2023-12-12T01:37:52.650+0000] {main.py:140} INFO - Archivo de configuracion leido correctamente.
[2023-12-12T01:37:52.651+0000] {utils.py:25} INFO - Obteniendo datos de https://api.openaq.org/v2/measurements...
[2023-12-12T01:37:54.108+0000] {utils.py:73} INFO - Conexión a la base de datos establecida exitosamente.
[2023-12-12T01:37:57.376+0000] {utils.py:90} INFO - Cargando datos en la tabla stg_measurements...
[2023-12-12T01:38:00.959+0000] {utils.py:98} INFO - Datos cargados exitosamente en la tabla stg_measurements.
[2023-12-12T01:38:00.970+0000] {main.py:166} INFO - Ejecutando query CALL nicolasmvinciguerra_coderhouse.petl_load_fact_measure();...
[2023-12-12T01:38:02.793+0000] {main.py:168} INFO - Se ejecuto correctamente la query: CALL nicolasmvinciguerra_coderhouse.petl_load_fact_measure();
[2023-12-12T01:38:03.170+0000] {python.py:194} INFO - Done. Returned value was: None
[2023-12-12T01:38:03.432+0000] {taskinstance.py:1400} INFO - Marking task as SUCCESS. dag_id=update_openaq_dw_hourly_catchup, task_id=load_measures_data, execution_date=20231206T000000, start_date=20231212T013751, end_date=20231212T013803
[2023-12-12T01:38:03.696+0000] {local_task_job_runner.py:228} INFO - Task exited with return code 0
[2023-12-12T01:38:04.121+0000] {taskinstance.py:2778} INFO - 0 downstream tasks scheduled from follow-on schedule check
