[2023-12-12T01:14:57.015+0000] {taskinstance.py:1159} INFO - Dependencies all met for dep_context=non-requeueable deps ti=<TaskInstance: dag_openaq.load_countries_data scheduled__2023-12-12T00:00:00+00:00 [queued]>
[2023-12-12T01:14:57.037+0000] {taskinstance.py:1159} INFO - Dependencies all met for dep_context=requeueable deps ti=<TaskInstance: dag_openaq.load_countries_data scheduled__2023-12-12T00:00:00+00:00 [queued]>
[2023-12-12T01:14:57.038+0000] {taskinstance.py:1361} INFO - Starting attempt 1 of 4
[2023-12-12T01:14:57.054+0000] {taskinstance.py:1382} INFO - Executing <Task(PythonOperator): load_countries_data> on 2023-12-12 00:00:00+00:00
[2023-12-12T01:14:57.061+0000] {standard_task_runner.py:57} INFO - Started process 360 to run task
[2023-12-12T01:14:57.065+0000] {standard_task_runner.py:84} INFO - Running: ['***', 'tasks', 'run', 'dag_openaq', 'load_countries_data', 'scheduled__2023-12-12T00:00:00+00:00', '--job-id', '334', '--raw', '--subdir', 'DAGS_FOLDER/dag_openaq.py', '--cfg-path', '/tmp/tmpljxv8mb5']
[2023-12-12T01:14:57.068+0000] {standard_task_runner.py:85} INFO - Job 334: Subtask load_countries_data
[2023-12-12T01:14:57.126+0000] {task_command.py:416} INFO - Running <TaskInstance: dag_openaq.load_countries_data scheduled__2023-12-12T00:00:00+00:00 [running]> on host 1a187d37aaef
[2023-12-12T01:14:57.179+0000] {taskinstance.py:1662} INFO - Exporting env vars: AIRFLOW_CTX_DAG_OWNER='***' AIRFLOW_CTX_DAG_ID='dag_openaq' AIRFLOW_CTX_TASK_ID='load_countries_data' AIRFLOW_CTX_EXECUTION_DATE='2023-12-12T00:00:00+00:00' AIRFLOW_CTX_TRY_NUMBER='1' AIRFLOW_CTX_DAG_RUN_ID='scheduled__2023-12-12T00:00:00+00:00'
[2023-12-12T01:14:57.182+0000] {main.py:64} INFO - Archivo de configuracion leido correctamente.
[2023-12-12T01:14:57.182+0000] {utils.py:25} INFO - Obteniendo datos de https://api.openaq.org/v2/countries...
[2023-12-12T01:14:57.344+0000] {utils.py:73} INFO - Conexión a la base de datos establecida exitosamente.
[2023-12-12T01:14:59.839+0000] {utils.py:90} INFO - Cargando datos en la tabla stg_countries...
[2023-12-12T01:15:01.510+0000] {utils.py:98} INFO - Datos cargados exitosamente en la tabla stg_countries.
[2023-12-12T01:15:01.512+0000] {main.py:90} INFO - Ejecutando query CALL nicolasmvinciguerra_coderhouse.petl_update_country_dim_location();...
[2023-12-12T01:15:02.008+0000] {main.py:92} INFO - Se ejecuto correctamente la query: CALL nicolasmvinciguerra_coderhouse.petl_update_country_dim_location();
[2023-12-12T01:15:02.294+0000] {python.py:194} INFO - Done. Returned value was: None
[2023-12-12T01:15:02.316+0000] {taskinstance.py:1400} INFO - Marking task as SUCCESS. dag_id=dag_openaq, task_id=load_countries_data, execution_date=20231212T000000, start_date=20231212T011457, end_date=20231212T011502
[2023-12-12T01:15:02.382+0000] {local_task_job_runner.py:228} INFO - Task exited with return code 0
[2023-12-12T01:15:02.400+0000] {taskinstance.py:2778} INFO - 0 downstream tasks scheduled from follow-on schedule check
